2018-12-17 15:13:10.623 [restartedMain] INFO  com.ewaytek.edf.web.EdfApplication - Starting EdfApplication on WINMICR-REJKJ7E with PID 8504 (started by Administrator in E:\一维大成资料（工作）\Ework\Git_Ework\ework2.0\edf_web)
2018-12-17 15:13:10.624 [restartedMain] INFO  com.ewaytek.edf.web.EdfApplication - The following profiles are active: dev
2018-12-17 15:13:10.917 [restartedMain] INFO  o.s.b.c.e.AnnotationConfigEmbeddedWebApplicationContext - Refreshing org.springframework.boot.context.embedded.AnnotationConfigEmbeddedWebApplicationContext@7d749259: startup date [Mon Dec 17 15:13:10 GMT+08:00 2018]; root of context hierarchy
2018-12-17 15:13:11.299 [background-preinit] INFO  org.hibernate.validator.internal.util.Version - HV000001: Hibernate Validator 5.3.5.Final
2018-12-17 15:13:13.629 [restartedMain] INFO  o.s.b.f.a.AutowiredAnnotationBeanPostProcessor - JSR-330 'javax.inject.Inject' annotation found and supported for autowiring
2018-12-17 15:13:13.691 [restartedMain] INFO  o.s.c.s.PostProcessorRegistrationDelegate$BeanPostProcessorChecker - Bean 'shiroConfig' of type [com.ewaytek.edf.web.config.ShiroConfig$$EnhancerBySpringCGLIB$$d88b5c3a] is not eligible for getting processed by all BeanPostProcessors (for example: not eligible for auto-proxying)
2018-12-17 15:13:13.969 [restartedMain] INFO  o.s.c.s.PostProcessorRegistrationDelegate$BeanPostProcessorChecker - Bean 'mybatis-org.mybatis.spring.boot.autoconfigure.MybatisProperties' of type [org.mybatis.spring.boot.autoconfigure.MybatisProperties] is not eligible for getting processed by all BeanPostProcessors (for example: not eligible for auto-proxying)
2018-12-17 15:13:13.984 [restartedMain] INFO  o.s.c.s.PostProcessorRegistrationDelegate$BeanPostProcessorChecker - Bean 'org.mybatis.spring.boot.autoconfigure.MybatisAutoConfiguration' of type [org.mybatis.spring.boot.autoconfigure.MybatisAutoConfiguration$$EnhancerBySpringCGLIB$$335faf12] is not eligible for getting processed by all BeanPostProcessors (for example: not eligible for auto-proxying)
2018-12-17 15:13:13.992 [restartedMain] INFO  o.s.c.s.PostProcessorRegistrationDelegate$BeanPostProcessorChecker - Bean 'com.alibaba.druid.spring.boot.autoconfigure.DruidDataSourceAutoConfigure' of type [com.alibaba.druid.spring.boot.autoconfigure.DruidDataSourceAutoConfigure$$EnhancerBySpringCGLIB$$1a375354] is not eligible for getting processed by all BeanPostProcessors (for example: not eligible for auto-proxying)
2018-12-17 15:13:14.068 [restartedMain] INFO  o.s.c.s.PostProcessorRegistrationDelegate$BeanPostProcessorChecker - Bean 'com.alibaba.druid.spring.boot.autoconfigure.stat.DruidFilterConfiguration' of type [com.alibaba.druid.spring.boot.autoconfigure.stat.DruidFilterConfiguration] is not eligible for getting processed by all BeanPostProcessors (for example: not eligible for auto-proxying)
2018-12-17 15:13:14.440 [restartedMain] INFO  o.s.c.s.PostProcessorRegistrationDelegate$BeanPostProcessorChecker - Bean 'statFilter' of type [com.alibaba.druid.filter.stat.StatFilter] is not eligible for getting processed by all BeanPostProcessors (for example: not eligible for auto-proxying)
2018-12-17 15:13:14.736 [restartedMain] INFO  o.s.c.s.PostProcessorRegistrationDelegate$BeanPostProcessorChecker - Bean 'dataSource' of type [com.alibaba.druid.spring.boot.autoconfigure.DruidDataSourceWrapper] is not eligible for getting processed by all BeanPostProcessors (for example: not eligible for auto-proxying)
2018-12-17 15:13:15.430 [restartedMain] INFO  o.s.c.s.PostProcessorRegistrationDelegate$BeanPostProcessorChecker - Bean 'sqlSessionFactory' of type [org.apache.ibatis.session.defaults.DefaultSqlSessionFactory] is not eligible for getting processed by all BeanPostProcessors (for example: not eligible for auto-proxying)
2018-12-17 15:13:15.444 [restartedMain] INFO  o.s.c.s.PostProcessorRegistrationDelegate$BeanPostProcessorChecker - Bean 'sqlSessionTemplate' of type [org.mybatis.spring.SqlSessionTemplate] is not eligible for getting processed by all BeanPostProcessors (for example: not eligible for auto-proxying)
2018-12-17 15:13:15.445 [restartedMain] INFO  o.s.c.s.PostProcessorRegistrationDelegate$BeanPostProcessorChecker - Bean 'sysUserMapper' of type [org.mybatis.spring.mapper.MapperFactoryBean] is not eligible for getting processed by all BeanPostProcessors (for example: not eligible for auto-proxying)
2018-12-17 15:13:15.450 [restartedMain] INFO  o.s.c.s.PostProcessorRegistrationDelegate$BeanPostProcessorChecker - Bean 'sysUserMapper' of type [com.sun.proxy.$Proxy58] is not eligible for getting processed by all BeanPostProcessors (for example: not eligible for auto-proxying)
2018-12-17 15:13:15.454 [restartedMain] INFO  o.s.c.s.PostProcessorRegistrationDelegate$BeanPostProcessorChecker - Bean 'sysUserTokenMapper' of type [org.mybatis.spring.mapper.MapperFactoryBean] is not eligible for getting processed by all BeanPostProcessors (for example: not eligible for auto-proxying)
2018-12-17 15:13:15.456 [restartedMain] INFO  o.s.c.s.PostProcessorRegistrationDelegate$BeanPostProcessorChecker - Bean 'sysUserTokenMapper' of type [com.sun.proxy.$Proxy59] is not eligible for getting processed by all BeanPostProcessors (for example: not eligible for auto-proxying)
2018-12-17 15:13:15.460 [restartedMain] INFO  o.s.c.s.PostProcessorRegistrationDelegate$BeanPostProcessorChecker - Bean 'sysMenuMapper' of type [org.mybatis.spring.mapper.MapperFactoryBean] is not eligible for getting processed by all BeanPostProcessors (for example: not eligible for auto-proxying)
2018-12-17 15:13:15.462 [restartedMain] INFO  o.s.c.s.PostProcessorRegistrationDelegate$BeanPostProcessorChecker - Bean 'sysMenuMapper' of type [com.sun.proxy.$Proxy60] is not eligible for getting processed by all BeanPostProcessors (for example: not eligible for auto-proxying)
2018-12-17 15:13:15.466 [restartedMain] INFO  o.s.c.s.PostProcessorRegistrationDelegate$BeanPostProcessorChecker - Bean 'sysUserRoleMapper' of type [org.mybatis.spring.mapper.MapperFactoryBean] is not eligible for getting processed by all BeanPostProcessors (for example: not eligible for auto-proxying)
2018-12-17 15:13:15.467 [restartedMain] INFO  o.s.c.s.PostProcessorRegistrationDelegate$BeanPostProcessorChecker - Bean 'sysUserRoleMapper' of type [com.sun.proxy.$Proxy61] is not eligible for getting processed by all BeanPostProcessors (for example: not eligible for auto-proxying)
2018-12-17 15:13:15.469 [restartedMain] INFO  o.s.c.s.PostProcessorRegistrationDelegate$BeanPostProcessorChecker - Bean 'sysRoleMapper' of type [org.mybatis.spring.mapper.MapperFactoryBean] is not eligible for getting processed by all BeanPostProcessors (for example: not eligible for auto-proxying)
2018-12-17 15:13:15.472 [restartedMain] INFO  o.s.c.s.PostProcessorRegistrationDelegate$BeanPostProcessorChecker - Bean 'sysRoleMapper' of type [com.sun.proxy.$Proxy62] is not eligible for getting processed by all BeanPostProcessors (for example: not eligible for auto-proxying)
2018-12-17 15:13:15.473 [restartedMain] INFO  o.s.c.s.PostProcessorRegistrationDelegate$BeanPostProcessorChecker - Bean 'sysUserService' of type [com.ewaytek.edf.web.modules.sys.service.impl.SysUserServiceImpl] is not eligible for getting processed by all BeanPostProcessors (for example: not eligible for auto-proxying)
2018-12-17 15:13:15.476 [restartedMain] INFO  o.s.c.s.PostProcessorRegistrationDelegate$BeanPostProcessorChecker - Bean 'OAuth2Realm' of type [com.ewaytek.edf.web.oauth.OAuth2Realm] is not eligible for getting processed by all BeanPostProcessors (for example: not eligible for auto-proxying)
2018-12-17 15:13:15.502 [restartedMain] INFO  o.s.c.s.PostProcessorRegistrationDelegate$BeanPostProcessorChecker - Bean 'sessionManager' of type [org.apache.shiro.web.session.mgt.DefaultWebSessionManager] is not eligible for getting processed by all BeanPostProcessors (for example: not eligible for auto-proxying)
2018-12-17 15:13:17.723 [restartedMain] INFO  o.s.c.s.PostProcessorRegistrationDelegate$BeanPostProcessorChecker - Bean 'securityManager' of type [org.apache.shiro.web.mgt.DefaultWebSecurityManager] is not eligible for getting processed by all BeanPostProcessors (for example: not eligible for auto-proxying)
2018-12-17 15:13:17.805 [restartedMain] INFO  o.s.c.s.PostProcessorRegistrationDelegate$BeanPostProcessorChecker - Bean 'authorizationAttributeSourceAdvisor' of type [org.apache.shiro.spring.security.interceptor.AuthorizationAttributeSourceAdvisor] is not eligible for getting processed by all BeanPostProcessors (for example: not eligible for auto-proxying)
2018-12-17 15:13:17.853 [restartedMain] INFO  o.s.c.s.PostProcessorRegistrationDelegate$BeanPostProcessorChecker - Bean 'org.springframework.transaction.annotation.ProxyTransactionManagementConfiguration' of type [org.springframework.transaction.annotation.ProxyTransactionManagementConfiguration$$EnhancerBySpringCGLIB$$8b5de2] is not eligible for getting processed by all BeanPostProcessors (for example: not eligible for auto-proxying)
2018-12-17 15:13:18.439 [restartedMain] INFO  o.s.b.c.e.tomcat.TomcatEmbeddedServletContainer - Tomcat initialized with port(s): 80 (http)
2018-12-17 15:13:18.458 [restartedMain] INFO  org.apache.catalina.core.StandardService - Starting service [Tomcat]
2018-12-17 15:13:18.460 [restartedMain] INFO  org.apache.catalina.core.StandardEngine - Starting Servlet Engine: Apache Tomcat/8.5.20
2018-12-17 15:13:18.575 [localhost-startStop-1] INFO  o.a.c.core.ContainerBase.[Tomcat].[localhost].[/] - Initializing Spring embedded WebApplicationContext
2018-12-17 15:13:18.575 [localhost-startStop-1] INFO  org.springframework.web.context.ContextLoader - Root WebApplicationContext: initialization completed in 7659 ms
2018-12-17 15:13:18.935 [localhost-startStop-1] INFO  o.s.boot.web.servlet.FilterRegistrationBean - Mapping filter: 'characterEncodingFilter' to: [/*]
2018-12-17 15:13:18.950 [localhost-startStop-1] INFO  o.s.boot.web.servlet.FilterRegistrationBean - Mapping filter: 'hiddenHttpMethodFilter' to: [/*]
2018-12-17 15:13:18.950 [localhost-startStop-1] INFO  o.s.boot.web.servlet.FilterRegistrationBean - Mapping filter: 'httpPutFormContentFilter' to: [/*]
2018-12-17 15:13:18.950 [localhost-startStop-1] INFO  o.s.boot.web.servlet.FilterRegistrationBean - Mapping filter: 'requestContextFilter' to: [/*]
2018-12-17 15:13:18.950 [localhost-startStop-1] INFO  o.s.boot.web.servlet.FilterRegistrationBean - Mapping filter: 'delegatingFilterProxy' to urls: [/*]
2018-12-17 15:13:18.951 [localhost-startStop-1] INFO  o.s.boot.web.servlet.FilterRegistrationBean - Mapping filter: 'webStatFilter' to urls: [/*]
2018-12-17 15:13:18.951 [localhost-startStop-1] INFO  o.s.boot.web.servlet.FilterRegistrationBean - Mapping filter: 'shiroFilter' to: [/*]
2018-12-17 15:13:18.951 [localhost-startStop-1] INFO  o.s.boot.web.servlet.ServletRegistrationBean - Mapping servlet: 'dispatcherServlet' to [/]
2018-12-17 15:13:18.953 [localhost-startStop-1] INFO  o.s.boot.web.servlet.ServletRegistrationBean - Mapping servlet: 'statViewServlet' to [/druid/*]
2018-12-17 15:13:18.954 [localhost-startStop-1] INFO  o.s.boot.web.servlet.ServletRegistrationBean - Mapping servlet: 'formDataController' to [/formDataController/]
2018-12-17 15:13:18.955 [localhost-startStop-1] INFO  o.s.boot.web.servlet.ServletRegistrationBean - Mapping servlet: 'streamController' to [/streamController/]
2018-12-17 15:13:18.956 [localhost-startStop-1] INFO  o.s.boot.web.servlet.ServletRegistrationBean - Mapping servlet: 'tokenController' to [/tokenController/]
2018-12-17 15:13:20.223 [restartedMain] INFO  o.s.w.s.m.m.a.RequestMappingHandlerAdapter - Looking for @ControllerAdvice: org.springframework.boot.context.embedded.AnnotationConfigEmbeddedWebApplicationContext@7d749259: startup date [Mon Dec 17 15:13:10 GMT+08:00 2018]; root of context hierarchy
2018-12-17 15:13:20.405 [restartedMain] INFO  o.s.w.s.m.m.a.RequestMappingHandlerMapping - Mapped "{[/api/cus/update]}" onto public com.ewaytek.edf.common.entity.R com.ewaytek.edf.web.modules.customer.controller.CustomerController.update(com.ewaytek.edf.web.modules.customer.entity.CustomerEntity)
2018-12-17 15:13:20.406 [restartedMain] INFO  o.s.w.s.m.m.a.RequestMappingHandlerMapping - Mapped "{[/api/cus/list]}" onto public com.ewaytek.edf.common.entity.Page<com.ewaytek.edf.web.modules.customer.entity.CustomerEntity> com.ewaytek.edf.web.modules.customer.controller.CustomerController.list(java.util.Map<java.lang.String, java.lang.Object>)
2018-12-17 15:13:20.407 [restartedMain] INFO  o.s.w.s.m.m.a.RequestMappingHandlerMapping - Mapped "{[/api/cus/save]}" onto public com.ewaytek.edf.common.entity.R com.ewaytek.edf.web.modules.customer.controller.CustomerController.save(com.ewaytek.edf.web.modules.customer.entity.CustomerEntity)
2018-12-17 15:13:20.408 [restartedMain] INFO  o.s.w.s.m.m.a.RequestMappingHandlerMapping - Mapped "{[/api/cus/remove]}" onto public com.ewaytek.edf.common.entity.R com.ewaytek.edf.web.modules.customer.controller.CustomerController.batchRemove(java.lang.Long[])
2018-12-17 15:13:20.408 [restartedMain] INFO  o.s.w.s.m.m.a.RequestMappingHandlerMapping - Mapped "{[/api/cus/info]}" onto public com.ewaytek.edf.common.entity.R com.ewaytek.edf.web.modules.customer.controller.CustomerController.getById(java.lang.Long)
2018-12-17 15:13:20.410 [restartedMain] INFO  o.s.w.s.m.m.a.RequestMappingHandlerMapping - Mapped "{[/api/sys/document/update]}" onto public com.ewaytek.edf.common.entity.R com.ewaytek.edf.web.modules.documents.controller.DocumentsController.update(com.ewaytek.edf.web.modules.documents.entity.DocumentsEntity)
2018-12-17 15:13:20.410 [restartedMain] INFO  o.s.w.s.m.m.a.RequestMappingHandlerMapping - Mapped "{[/api/sys/document/list]}" onto public com.ewaytek.edf.common.entity.Page<com.ewaytek.edf.web.modules.documents.entity.DocumentsEntity> com.ewaytek.edf.web.modules.documents.controller.DocumentsController.list(java.util.Map<java.lang.String, java.lang.Object>)
2018-12-17 15:13:20.411 [restartedMain] INFO  o.s.w.s.m.m.a.RequestMappingHandlerMapping - Mapped "{[/api/sys/document/save]}" onto public com.ewaytek.edf.common.entity.R com.ewaytek.edf.web.modules.documents.controller.DocumentsController.save(com.ewaytek.edf.web.modules.documents.entity.DocumentsEntity)
2018-12-17 15:13:20.411 [restartedMain] INFO  o.s.w.s.m.m.a.RequestMappingHandlerMapping - Mapped "{[/api/sys/document/remove]}" onto public com.ewaytek.edf.common.entity.R com.ewaytek.edf.web.modules.documents.controller.DocumentsController.batchRemove(java.lang.Long[])
2018-12-17 15:13:20.411 [restartedMain] INFO  o.s.w.s.m.m.a.RequestMappingHandlerMapping - Mapped "{[/api/sys/document/info]}" onto public com.ewaytek.edf.common.entity.R com.ewaytek.edf.web.modules.documents.controller.DocumentsController.getById(java.lang.Long)
2018-12-17 15:13:20.411 [restartedMain] INFO  o.s.w.s.m.m.a.RequestMappingHandlerMapping - Mapped "{[/api/sys/document/getdocType]}" onto public java.util.List<com.ewaytek.edf.web.modules.documents.entity.DocumentsEntity> com.ewaytek.edf.web.modules.documents.controller.DocumentsController.getdocType()
2018-12-17 15:13:20.416 [restartedMain] INFO  o.s.w.s.m.m.a.RequestMappingHandlerMapping - Mapped "{[/api/equip/update]}" onto public com.ewaytek.edf.common.entity.R com.ewaytek.edf.web.modules.equip.controller.EquipmentController.update(com.ewaytek.edf.web.modules.equip.entity.EquipmentEntity)
2018-12-17 15:13:20.417 [restartedMain] INFO  o.s.w.s.m.m.a.RequestMappingHandlerMapping - Mapped "{[/api/equip/list]}" onto public com.ewaytek.edf.common.entity.Page<com.ewaytek.edf.web.modules.equip.entity.EquipmentEntity> com.ewaytek.edf.web.modules.equip.controller.EquipmentController.list(java.util.Map<java.lang.String, java.lang.Object>)
2018-12-17 15:13:20.417 [restartedMain] INFO  o.s.w.s.m.m.a.RequestMappingHandlerMapping - Mapped "{[/api/equip/save]}" onto public com.ewaytek.edf.common.entity.R com.ewaytek.edf.web.modules.equip.controller.EquipmentController.save(com.ewaytek.edf.web.modules.equip.entity.EquipmentEntity)
2018-12-17 15:13:20.417 [restartedMain] INFO  o.s.w.s.m.m.a.RequestMappingHandlerMapping - Mapped "{[/api/equip/remove]}" onto public com.ewaytek.edf.common.entity.R com.ewaytek.edf.web.modules.equip.controller.EquipmentController.batchRemove(java.lang.Long[])
2018-12-17 15:13:20.435 [restartedMain] INFO  o.s.w.s.m.m.a.RequestMappingHandlerMapping - Mapped "{[/api/equip/info]}" onto public com.ewaytek.edf.common.entity.R com.ewaytek.edf.web.modules.equip.controller.EquipmentController.getById(java.lang.Long)
2018-12-17 15:13:20.439 [restartedMain] INFO  o.s.w.s.m.m.a.RequestMappingHandlerMapping - Mapped "{[/api/equip/equ_out]}" onto public com.ewaytek.edf.common.entity.R com.ewaytek.edf.web.modules.equip.controller.EquipmentController.equOut(com.ewaytek.edf.web.modules.equip.entity.EquipmentEntity)
2018-12-17 15:13:20.439 [restartedMain] INFO  o.s.w.s.m.m.a.RequestMappingHandlerMapping - Mapped "{[/api/equip/gettype]}" onto public java.util.Map<java.lang.String, java.lang.Object> com.ewaytek.edf.web.modules.equip.controller.EquipmentController.getDataType(java.lang.String)
2018-12-17 15:13:20.440 [restartedMain] INFO  o.s.w.s.m.m.a.RequestMappingHandlerMapping - Mapped "{[/api/equip/getequcount]}" onto public java.util.Map<java.lang.String, java.lang.Object> com.ewaytek.edf.web.modules.equip.controller.EquipmentController.getEquCount(java.lang.Long)
2018-12-17 15:13:20.440 [restartedMain] INFO  o.s.w.s.m.m.a.RequestMappingHandlerMapping - Mapped "{[/api/equip/getcustomers]}" onto public java.util.Map<java.lang.String, java.lang.Object> com.ewaytek.edf.web.modules.equip.controller.EquipmentController.getSelectEquject()
2018-12-17 15:13:20.440 [restartedMain] INFO  o.s.w.s.m.m.a.RequestMappingHandlerMapping - Mapped "{[/api/equip/recordlist]}" onto public com.ewaytek.edf.common.entity.Page<com.ewaytek.edf.web.modules.equip.entity.EquipmentRecordEntity> com.ewaytek.edf.web.modules.equip.controller.EquipmentController.recordlist(java.util.Map<java.lang.String, java.lang.Object>)
2018-12-17 15:13:20.738 [restartedMain] INFO  o.s.w.s.m.m.a.RequestMappingHandlerMapping - Mapped "{[/api/equ_bor/update]}" onto public com.ewaytek.edf.common.entity.R com.ewaytek.edf.web.modules.equip_bor.controller.EquipmentBorrowController.update(com.ewaytek.edf.web.modules.equip_bor.entity.EquipmentBorrowEntity)
2018-12-17 15:13:20.739 [restartedMain] INFO  o.s.w.s.m.m.a.RequestMappingHandlerMapping - Mapped "{[/api/equ_bor/list]}" onto public com.ewaytek.edf.common.entity.Page<com.ewaytek.edf.web.modules.equip_bor.entity.EquipmentBorrowEntity> com.ewaytek.edf.web.modules.equip_bor.controller.EquipmentBorrowController.list(java.util.Map<java.lang.String, java.lang.Object>)
2018-12-17 15:13:20.739 [restartedMain] INFO  o.s.w.s.m.m.a.RequestMappingHandlerMapping - Mapped "{[/api/equ_bor/save]}" onto public com.ewaytek.edf.common.entity.R com.ewaytek.edf.web.modules.equip_bor.controller.EquipmentBorrowController.save(com.ewaytek.edf.web.modules.equip_bor.entity.EquipmentBorrowEntity)
2018-12-17 15:13:20.739 [restartedMain] INFO  o.s.w.s.m.m.a.RequestMappingHandlerMapping - Mapped "{[/api/equ_bor/remove]}" onto public com.ewaytek.edf.common.entity.R com.ewaytek.edf.web.modules.equip_bor.controller.EquipmentBorrowController.batchRemove(java.lang.Long[])
2018-12-17 15:13:20.739 [restartedMain] INFO  o.s.w.s.m.m.a.RequestMappingHandlerMapping - Mapped "{[/api/equ_bor/getuserlist]}" onto public java.util.Map<java.lang.String, java.lang.Object> com.ewaytek.edf.web.modules.equip_bor.controller.EquipmentBorrowController.getSelectUserject()
2018-12-17 15:13:20.740 [restartedMain] INFO  o.s.w.s.m.m.a.RequestMappingHandlerMapping - Mapped "{[/api/equ_bor/info]}" onto public com.ewaytek.edf.common.entity.R com.ewaytek.edf.web.modules.equip_bor.controller.EquipmentBorrowController.getById(java.lang.Long)
2018-12-17 15:13:20.740 [restartedMain] INFO  o.s.w.s.m.m.a.RequestMappingHandlerMapping - Mapped "{[/api/equ_bor/getequlist]}" onto public java.util.Map<java.lang.String, java.lang.Object> com.ewaytek.edf.web.modules.equip_bor.controller.EquipmentBorrowController.getSelectEquject()
2018-12-17 15:13:20.741 [restartedMain] INFO  o.s.w.s.m.m.a.RequestMappingHandlerMapping - Mapped "{[/api/equ_bor/getprolist]}" onto public java.util.Map<java.lang.String, java.lang.Object> com.ewaytek.edf.web.modules.equip_bor.controller.EquipmentBorrowController.getSelectProject()
2018-12-17 15:13:20.742 [restartedMain] INFO  o.s.w.s.m.m.a.RequestMappingHandlerMapping - Mapped "{[/api/equ_bor/equ_ret]}" onto public com.ewaytek.edf.common.entity.R com.ewaytek.edf.web.modules.equip_bor.controller.EquipmentBorrowController.equRet(com.ewaytek.edf.web.modules.equip_bor.entity.EquipmentBorrowEntity)
2018-12-17 15:13:20.745 [restartedMain] INFO  o.s.w.s.m.m.a.RequestMappingHandlerMapping - Mapped "{[/api/equ_bor/getloginuserid]}" onto public java.util.Map<java.lang.String, java.lang.Object> com.ewaytek.edf.web.modules.equip_bor.controller.EquipmentBorrowController.getLoginUserId()
2018-12-17 15:13:20.745 [restartedMain] INFO  o.s.w.s.m.m.a.RequestMappingHandlerMapping - Mapped "{[/api/equ_bor/getequinfo]}" onto public java.util.Map<java.lang.String, java.lang.Object> com.ewaytek.edf.web.modules.equip_bor.controller.EquipmentBorrowController.getEquInfo(java.lang.Long)
2018-12-17 15:13:20.750 [restartedMain] INFO  o.s.w.s.m.m.a.RequestMappingHandlerMapping - Mapped "{[/api/exAccount/update]}" onto public com.ewaytek.edf.common.entity.R com.ewaytek.edf.web.modules.exAccount.controller.ExpenseAccountController.update(com.ewaytek.edf.web.modules.exAccount.entity.ExpenseAccountEntity)
2018-12-17 15:13:20.751 [restartedMain] INFO  o.s.w.s.m.m.a.RequestMappingHandlerMapping - Mapped "{[/api/exAccount/list]}" onto public com.ewaytek.edf.common.entity.Page<com.ewaytek.edf.web.modules.exAccount.entity.ExpenseAccountEntity> com.ewaytek.edf.web.modules.exAccount.controller.ExpenseAccountController.list(java.util.Map<java.lang.String, java.lang.Object>)
2018-12-17 15:13:20.751 [restartedMain] INFO  o.s.w.s.m.m.a.RequestMappingHandlerMapping - Mapped "{[/api/exAccount/save]}" onto public com.ewaytek.edf.common.entity.R com.ewaytek.edf.web.modules.exAccount.controller.ExpenseAccountController.save(com.ewaytek.edf.web.modules.exAccount.entity.ExpenseAccountEntity)
2018-12-17 15:13:20.751 [restartedMain] INFO  o.s.w.s.m.m.a.RequestMappingHandlerMapping - Mapped "{[/api/exAccount/remove]}" onto public com.ewaytek.edf.common.entity.R com.ewaytek.edf.web.modules.exAccount.controller.ExpenseAccountController.batchRemove(java.lang.Long[])
2018-12-17 15:13:20.751 [restartedMain] INFO  o.s.w.s.m.m.a.RequestMappingHandlerMapping - Mapped "{[/api/exAccount/getOptions]}" onto public java.util.Map<java.lang.String, java.lang.Object> com.ewaytek.edf.web.modules.exAccount.controller.ExpenseAccountController.getOptions(java.lang.String)
2018-12-17 15:13:20.751 [restartedMain] INFO  o.s.w.s.m.m.a.RequestMappingHandlerMapping - Mapped "{[/api/exAccount/saveAccountAndDetailed]}" onto public com.ewaytek.edf.common.entity.R com.ewaytek.edf.web.modules.exAccount.controller.ExpenseAccountController.saveAccountAndDetailed(java.lang.String,int)
2018-12-17 15:13:20.751 [restartedMain] INFO  o.s.w.s.m.m.a.RequestMappingHandlerMapping - Mapped "{[/api/exAccount/listAccountAndDetailed]}" onto public com.ewaytek.edf.common.entity.R com.ewaytek.edf.web.modules.exAccount.controller.ExpenseAccountController.listAccountAndDetailed(java.lang.Long)
2018-12-17 15:13:20.752 [restartedMain] INFO  o.s.w.s.m.m.a.RequestMappingHandlerMapping - Mapped "{[/api/exAccount/info]}" onto public com.ewaytek.edf.common.entity.R com.ewaytek.edf.web.modules.exAccount.controller.ExpenseAccountController.getById(java.lang.Long)
2018-12-17 15:13:20.752 [restartedMain] INFO  o.s.w.s.m.m.a.RequestMappingHandlerMapping - Mapped "{[/api/exAccount/getDeptName]}" onto public com.ewaytek.edf.common.entity.R com.ewaytek.edf.web.modules.exAccount.controller.ExpenseAccountController.getDeptName()
2018-12-17 15:13:20.752 [restartedMain] INFO  o.s.w.s.m.m.a.RequestMappingHandlerMapping - Mapped "{[/api/exAccount/updateStateCheck]}" onto public com.ewaytek.edf.common.entity.R com.ewaytek.edf.web.modules.exAccount.controller.ExpenseAccountController.updateCheckMoney(java.lang.String,java.lang.String)
2018-12-17 15:13:20.752 [restartedMain] INFO  o.s.w.s.m.m.a.RequestMappingHandlerMapping - Mapped "{[/api/exAccount/allList]}" onto public com.ewaytek.edf.common.entity.Page<com.ewaytek.edf.web.modules.exAccount.entity.ExpenseAccountEntity> com.ewaytek.edf.web.modules.exAccount.controller.ExpenseAccountController.allList(java.util.Map<java.lang.String, java.lang.Object>)
2018-12-17 15:13:20.752 [restartedMain] INFO  o.s.w.s.m.m.a.RequestMappingHandlerMapping - Mapped "{[/api/exAccount/getPro]}" onto public java.util.Map<java.lang.String, java.lang.Object> com.ewaytek.edf.web.modules.exAccount.controller.ExpenseAccountController.getPro()
2018-12-17 15:13:20.753 [restartedMain] INFO  o.s.w.s.m.m.a.RequestMappingHandlerMapping - Mapped "{[/api/exAccount/updateState]}" onto public com.ewaytek.edf.common.entity.R com.ewaytek.edf.web.modules.exAccount.controller.ExpenseAccountController.updateState(java.lang.Long,java.lang.String)
2018-12-17 15:13:20.753 [restartedMain] INFO  o.s.w.s.m.m.a.RequestMappingHandlerMapping - Mapped "{[/api/exAccount/checkPerson]}" onto public com.ewaytek.edf.common.entity.R com.ewaytek.edf.web.modules.exAccount.controller.ExpenseAccountController.checkPerson()
2018-12-17 15:13:20.754 [restartedMain] INFO  o.s.w.s.m.m.a.RequestMappingHandlerMapping - Mapped "{[/api/sys/reports/query/{reportName}]}" onto public org.springframework.web.servlet.ModelAndView com.ewaytek.edf.web.modules.exAccount.controller.JasperController.query(org.springframework.ui.ModelMap,java.lang.String,java.lang.String,org.springframework.web.servlet.ModelAndView)
2018-12-17 15:13:20.754 [restartedMain] INFO  o.s.w.s.m.m.a.RequestMappingHandlerMapping - Mapped "{[/api/sys/reports/{reportName}]}" onto public org.springframework.web.servlet.ModelAndView com.ewaytek.edf.web.modules.exAccount.controller.JasperController.reportName(org.springframework.ui.ModelMap,java.lang.String,java.lang.String)
2018-12-17 15:13:20.755 [restartedMain] INFO  o.s.w.s.m.m.a.RequestMappingHandlerMapping - Mapped "{[/api/expenseRoutine/update]}" onto public com.ewaytek.edf.common.entity.R com.ewaytek.edf.web.modules.expense.expenseRountine.controller.ExpenseRoutineController.update(com.ewaytek.edf.web.modules.expense.expenseRountine.entity.ExpenseRoutineEntity)
2018-12-17 15:13:20.756 [restartedMain] INFO  o.s.w.s.m.m.a.RequestMappingHandlerMapping - Mapped "{[/api/expenseRoutine/list]}" onto public com.ewaytek.edf.common.entity.Page<com.ewaytek.edf.web.modules.expense.expenseRountine.entity.ExpenseRoutineEntity> com.ewaytek.edf.web.modules.expense.expenseRountine.controller.ExpenseRoutineController.list(java.util.Map<java.lang.String, java.lang.Object>)
2018-12-17 15:13:20.756 [restartedMain] INFO  o.s.w.s.m.m.a.RequestMappingHandlerMapping - Mapped "{[/api/expenseRoutine/save]}" onto public com.ewaytek.edf.common.entity.R com.ewaytek.edf.web.modules.expense.expenseRountine.controller.ExpenseRoutineController.save(com.ewaytek.edf.web.modules.expense.expenseRountine.entity.ExpenseRoutineEntity)
2018-12-17 15:13:20.756 [restartedMain] INFO  o.s.w.s.m.m.a.RequestMappingHandlerMapping - Mapped "{[/api/expenseRoutine/removeOne]}" onto public com.ewaytek.edf.common.entity.R com.ewaytek.edf.web.modules.expense.expenseRountine.controller.ExpenseRoutineController.batchRemove(java.lang.Long)
2018-12-17 15:13:20.756 [restartedMain] INFO  o.s.w.s.m.m.a.RequestMappingHandlerMapping - Mapped "{[/api/expenseRoutine/info]}" onto public com.ewaytek.edf.common.entity.R com.ewaytek.edf.web.modules.expense.expenseRountine.controller.ExpenseRoutineController.getById(java.lang.Long)
2018-12-17 15:13:20.757 [restartedMain] INFO  o.s.w.s.m.m.a.RequestMappingHandlerMapping - Mapped "{[/api/expenseTraffic/update]}" onto public com.ewaytek.edf.common.entity.R com.ewaytek.edf.web.modules.expense.expenseTraffic.controller.ExpenseTrafficController.update(com.ewaytek.edf.web.modules.expense.expenseTraffic.entity.ExpenseTrafficEntity)
2018-12-17 15:13:20.758 [restartedMain] INFO  o.s.w.s.m.m.a.RequestMappingHandlerMapping - Mapped "{[/api/expenseTraffic/deleteOne]}" onto public com.ewaytek.edf.common.entity.R com.ewaytek.edf.web.modules.expense.expenseTraffic.controller.ExpenseTrafficController.delete(java.lang.String)
2018-12-17 15:13:20.758 [restartedMain] INFO  o.s.w.s.m.m.a.RequestMappingHandlerMapping - Mapped "{[/api/expenseTraffic/list]}" onto public com.ewaytek.edf.common.entity.Page<com.ewaytek.edf.web.modules.expense.expenseTraffic.entity.ExpenseTrafficEntity> com.ewaytek.edf.web.modules.expense.expenseTraffic.controller.ExpenseTrafficController.list(java.util.Map<java.lang.String, java.lang.Object>)
2018-12-17 15:13:20.758 [restartedMain] INFO  o.s.w.s.m.m.a.RequestMappingHandlerMapping - Mapped "{[/api/expenseTraffic/save]}" onto public com.ewaytek.edf.common.entity.R com.ewaytek.edf.web.modules.expense.expenseTraffic.controller.ExpenseTrafficController.save(com.ewaytek.edf.web.modules.expense.expenseTraffic.entity.ExpenseTrafficEntity)
2018-12-17 15:13:20.758 [restartedMain] INFO  o.s.w.s.m.m.a.RequestMappingHandlerMapping - Mapped "{[/api/expenseTraffic/remove]}" onto public com.ewaytek.edf.common.entity.R com.ewaytek.edf.web.modules.expense.expenseTraffic.controller.ExpenseTrafficController.batchRemove(java.lang.String)
2018-12-17 15:13:20.759 [restartedMain] INFO  o.s.w.s.m.m.a.RequestMappingHandlerMapping - Mapped "{[/api/expenseTraffic/info]}" onto public com.ewaytek.edf.common.entity.R com.ewaytek.edf.web.modules.expense.expenseTraffic.controller.ExpenseTrafficController.getById(java.lang.Long)
2018-12-17 15:13:20.788 [restartedMain] INFO  o.s.w.s.m.m.a.RequestMappingHandlerMapping - Mapped "{[/api/timesheet/update]}" onto public com.ewaytek.edf.common.entity.R com.ewaytek.edf.web.modules.filltimesheet.controller.TimesheetController.update(com.ewaytek.edf.web.modules.filltimesheet.entity.TimesheetEntity)
2018-12-17 15:13:20.788 [restartedMain] INFO  o.s.w.s.m.m.a.RequestMappingHandlerMapping - Mapped "{[/api/timesheet/list]}" onto public com.ewaytek.edf.common.entity.Page<com.ewaytek.edf.web.modules.filltimesheet.entity.TimesheetEntity> com.ewaytek.edf.web.modules.filltimesheet.controller.TimesheetController.list(java.util.Map<java.lang.String, java.lang.Object>)
2018-12-17 15:13:20.789 [restartedMain] INFO  o.s.w.s.m.m.a.RequestMappingHandlerMapping - Mapped "{[/api/timesheet/save]}" onto public com.ewaytek.edf.common.entity.R com.ewaytek.edf.web.modules.filltimesheet.controller.TimesheetController.save(com.ewaytek.edf.web.modules.filltimesheet.entity.TimesheetEntity)
2018-12-17 15:13:20.789 [restartedMain] INFO  o.s.w.s.m.m.a.RequestMappingHandlerMapping - Mapped "{[/api/timesheet/remove]}" onto public com.ewaytek.edf.common.entity.R com.ewaytek.edf.web.modules.filltimesheet.controller.TimesheetController.batchRemove(java.lang.Long[])
2018-12-17 15:13:20.789 [restartedMain] INFO  o.s.w.s.m.m.a.RequestMappingHandlerMapping - Mapped "{[/api/timesheet/saveTimeSheets]}" onto public void com.ewaytek.edf.web.modules.filltimesheet.controller.TimesheetController.saveOrUpdateTimeSheets(com.alibaba.fastjson.JSONArray)
2018-12-17 15:13:20.790 [restartedMain] INFO  o.s.w.s.m.m.a.RequestMappingHandlerMapping - Mapped "{[/api/timesheet/timesheetinsertlist]}" onto public java.util.Map<java.lang.String, java.lang.Object> com.ewaytek.edf.web.modules.filltimesheet.controller.TimesheetController.timesheetInsertList(java.util.Map<java.lang.String, java.lang.Object>)
2018-12-17 15:13:20.791 [restartedMain] INFO  o.s.w.s.m.m.a.RequestMappingHandlerMapping - Mapped "{[/api/timesheet/approvelist]}" onto public java.util.Map<java.lang.String, java.lang.Object> com.ewaytek.edf.web.modules.filltimesheet.controller.TimesheetController.timesheetApproveList(java.util.Map<java.lang.String, java.lang.Object>)
2018-12-17 15:13:20.791 [restartedMain] INFO  o.s.w.s.m.m.a.RequestMappingHandlerMapping - Mapped "{[/api/timesheet/info]}" onto public com.ewaytek.edf.common.entity.R com.ewaytek.edf.web.modules.filltimesheet.controller.TimesheetController.getById(java.lang.Long)
2018-12-17 15:13:20.791 [restartedMain] INFO  o.s.w.s.m.m.a.RequestMappingHandlerMapping - Mapped "{[/api/timesheet/loadData]}" onto public com.alibaba.fastjson.JSONObject com.ewaytek.edf.web.modules.filltimesheet.controller.TimesheetController.loadData(java.lang.String,java.lang.String)
2018-12-17 15:13:20.792 [restartedMain] INFO  o.s.w.s.m.m.a.RequestMappingHandlerMapping - Mapped "{[/api/timesheet/timesheetsearch]}" onto public java.util.Map<java.lang.String, java.lang.Object> com.ewaytek.edf.web.modules.filltimesheet.controller.TimesheetController.timesheetSearch(java.util.Map<java.lang.String, java.lang.Object>)
2018-12-17 15:13:20.792 [restartedMain] INFO  o.s.w.s.m.m.a.RequestMappingHandlerMapping - Mapped "{[/api/timesheet/timesheetinsert]}" onto public java.util.Map<java.lang.String, java.lang.Object> com.ewaytek.edf.web.modules.filltimesheet.controller.TimesheetController.timesheetInsert(java.util.Map<java.lang.String, java.lang.Object>)
2018-12-17 15:13:20.792 [restartedMain] INFO  o.s.w.s.m.m.a.RequestMappingHandlerMapping - Mapped "{[/api/timesheet/timesheetsave]}" onto public java.util.Map<java.lang.String, java.lang.Object> com.ewaytek.edf.web.modules.filltimesheet.controller.TimesheetController.timesheetSave(java.util.Map<java.lang.String, java.lang.Object>)
2018-12-17 15:13:20.792 [restartedMain] INFO  o.s.w.s.m.m.a.RequestMappingHandlerMapping - Mapped "{[/api/timesheet/approve]}" onto public java.util.Map<java.lang.String, java.lang.Object> com.ewaytek.edf.web.modules.filltimesheet.controller.TimesheetController.timesheetApprove(java.util.Map<java.lang.String, java.lang.Object>)
2018-12-17 15:13:20.794 [restartedMain] INFO  o.s.w.s.m.m.a.RequestMappingHandlerMapping - Mapped "{[/api/tsweek/update]}" onto public com.ewaytek.edf.common.entity.R com.ewaytek.edf.web.modules.filltimesheet.controller.TsweekController.update(com.ewaytek.edf.web.modules.filltimesheet.entity.TsweekEntity)
2018-12-17 15:13:20.808 [restartedMain] INFO  o.s.w.s.m.m.a.RequestMappingHandlerMapping - Mapped "{[/api/tsweek/list]}" onto public com.ewaytek.edf.common.entity.Page<com.ewaytek.edf.web.modules.filltimesheet.entity.TsweekEntity> com.ewaytek.edf.web.modules.filltimesheet.controller.TsweekController.list(java.util.Map<java.lang.String, java.lang.Object>)
2018-12-17 15:13:20.808 [restartedMain] INFO  o.s.w.s.m.m.a.RequestMappingHandlerMapping - Mapped "{[/api/tsweek/save]}" onto public com.ewaytek.edf.common.entity.R com.ewaytek.edf.web.modules.filltimesheet.controller.TsweekController.save(com.ewaytek.edf.web.modules.filltimesheet.entity.TsweekEntity)
2018-12-17 15:13:20.808 [restartedMain] INFO  o.s.w.s.m.m.a.RequestMappingHandlerMapping - Mapped "{[/api/tsweek/remove]}" onto public com.ewaytek.edf.common.entity.R com.ewaytek.edf.web.modules.filltimesheet.controller.TsweekController.batchRemove(java.lang.Long[])
2018-12-17 15:13:20.808 [restartedMain] INFO  o.s.w.s.m.m.a.RequestMappingHandlerMapping - Mapped "{[/api/tsweek/getWeek]}" onto public com.ewaytek.edf.web.modules.filltimesheet.entity.TsweekEntity com.ewaytek.edf.web.modules.filltimesheet.controller.TsweekController.getWeek(java.lang.String,boolean)
2018-12-17 15:13:20.809 [restartedMain] INFO  o.s.w.s.m.m.a.RequestMappingHandlerMapping - Mapped "{[/api/tsweek/info]}" onto public com.ewaytek.edf.common.entity.R com.ewaytek.edf.web.modules.filltimesheet.controller.TsweekController.getById(java.lang.Long)
2018-12-17 15:13:20.809 [restartedMain] INFO  o.s.w.s.m.m.a.RequestMappingHandlerMapping - Mapped "{[/api/tsweek/getCurrentWeek]}" onto public com.ewaytek.edf.web.modules.filltimesheet.entity.TsweekEntity com.ewaytek.edf.web.modules.filltimesheet.controller.TsweekController.getCurrentWeek()
2018-12-17 15:13:20.810 [restartedMain] INFO  o.s.w.s.m.m.a.RequestMappingHandlerMapping - Mapped "{[/api/weektimesheet/update]}" onto public com.ewaytek.edf.common.entity.R com.ewaytek.edf.web.modules.filltimesheet.controller.WeekTimesheetController.update(com.ewaytek.edf.web.modules.filltimesheet.entity.WeekTimesheetEntity)
2018-12-17 15:13:20.810 [restartedMain] INFO  o.s.w.s.m.m.a.RequestMappingHandlerMapping - Mapped "{[/api/weektimesheet/list]}" onto public com.ewaytek.edf.common.entity.Page<com.ewaytek.edf.web.modules.filltimesheet.entity.WeekTimesheetEntity> com.ewaytek.edf.web.modules.filltimesheet.controller.WeekTimesheetController.list(java.util.Map<java.lang.String, java.lang.Object>)
2018-12-17 15:13:20.811 [restartedMain] INFO  o.s.w.s.m.m.a.RequestMappingHandlerMapping - Mapped "{[/api/weektimesheet/save]}" onto public com.ewaytek.edf.common.entity.R com.ewaytek.edf.web.modules.filltimesheet.controller.WeekTimesheetController.save(com.ewaytek.edf.web.modules.filltimesheet.entity.WeekTimesheetEntity)
2018-12-17 15:13:20.811 [restartedMain] INFO  o.s.w.s.m.m.a.RequestMappingHandlerMapping - Mapped "{[/api/weektimesheet/remove]}" onto public com.ewaytek.edf.common.entity.R com.ewaytek.edf.web.modules.filltimesheet.controller.WeekTimesheetController.batchRemove(java.lang.Long[])
2018-12-17 15:13:20.811 [restartedMain] INFO  o.s.w.s.m.m.a.RequestMappingHandlerMapping - Mapped "{[/api/weektimesheet/info]}" onto public com.ewaytek.edf.common.entity.R com.ewaytek.edf.web.modules.filltimesheet.controller.WeekTimesheetController.getById(java.lang.Long)
2018-12-17 15:13:20.814 [restartedMain] INFO  o.s.w.s.m.m.a.RequestMappingHandlerMapping - Mapped "{[/api/sys/objective/update]}" onto public com.ewaytek.edf.common.entity.R com.ewaytek.edf.web.modules.okr.controller.ObjectiveController.update(com.ewaytek.edf.web.modules.okr.entity.ObjectiveEntity)
2018-12-17 15:13:20.815 [restartedMain] INFO  o.s.w.s.m.m.a.RequestMappingHandlerMapping - Mapped "{[/api/sys/objective/list]}" onto public com.ewaytek.edf.common.entity.Page<com.ewaytek.edf.web.modules.okr.entity.ObjectiveEntity> com.ewaytek.edf.web.modules.okr.controller.ObjectiveController.list(java.util.Map<java.lang.String, java.lang.Object>)
2018-12-17 15:13:20.815 [restartedMain] INFO  o.s.w.s.m.m.a.RequestMappingHandlerMapping - Mapped "{[/api/sys/objective/save]}" onto public com.ewaytek.edf.common.entity.R com.ewaytek.edf.web.modules.okr.controller.ObjectiveController.save(com.ewaytek.edf.web.modules.okr.entity.ObjectiveEntity)
2018-12-17 15:13:20.815 [restartedMain] INFO  o.s.w.s.m.m.a.RequestMappingHandlerMapping - Mapped "{[/api/sys/objective/remove]}" onto public com.ewaytek.edf.common.entity.R com.ewaytek.edf.web.modules.okr.controller.ObjectiveController.batchRemove(java.lang.Long[])
2018-12-17 15:13:20.815 [restartedMain] INFO  o.s.w.s.m.m.a.RequestMappingHandlerMapping - Mapped "{[/api/sys/objective/info]}" onto public com.ewaytek.edf.common.entity.R com.ewaytek.edf.web.modules.okr.controller.ObjectiveController.getById(java.lang.Long)
2018-12-17 15:13:20.815 [restartedMain] INFO  o.s.w.s.m.m.a.RequestMappingHandlerMapping - Mapped "{[/api/sys/objective/listDepartOKR]}" onto public com.ewaytek.edf.common.entity.R com.ewaytek.edf.web.modules.okr.controller.ObjectiveController.listDepartOKR(java.lang.Long)
2018-12-17 15:13:20.816 [restartedMain] INFO  o.s.w.s.m.m.a.RequestMappingHandlerMapping - Mapped "{[/api/sys/objective/listUserOKR]}" onto public com.ewaytek.edf.common.entity.R com.ewaytek.edf.web.modules.okr.controller.ObjectiveController.listUserOKR(java.lang.Long)
2018-12-17 15:13:20.833 [restartedMain] INFO  o.s.w.s.m.m.a.RequestMappingHandlerMapping - Mapped "{[/api/sys/projectkr/update]}" onto public com.ewaytek.edf.common.entity.R com.ewaytek.edf.web.modules.okrResult.controller.ProjectKrController.update(com.ewaytek.edf.web.modules.okrResult.entity.ProjectKrEntity)
2018-12-17 15:13:20.834 [restartedMain] INFO  o.s.w.s.m.m.a.RequestMappingHandlerMapping - Mapped "{[/api/sys/projectkr/list]}" onto public com.ewaytek.edf.common.entity.Page<com.ewaytek.edf.web.modules.okrResult.entity.ProjectKrEntity> com.ewaytek.edf.web.modules.okrResult.controller.ProjectKrController.list(java.util.Map<java.lang.String, java.lang.Object>)
2018-12-17 15:13:20.834 [restartedMain] INFO  o.s.w.s.m.m.a.RequestMappingHandlerMapping - Mapped "{[/api/sys/projectkr/save]}" onto public com.ewaytek.edf.common.entity.R com.ewaytek.edf.web.modules.okrResult.controller.ProjectKrController.save(com.ewaytek.edf.web.modules.okrResult.entity.ProjectKrEntity)
2018-12-17 15:13:20.834 [restartedMain] INFO  o.s.w.s.m.m.a.RequestMappingHandlerMapping - Mapped "{[/api/sys/projectkr/remove]}" onto public com.ewaytek.edf.common.entity.R com.ewaytek.edf.web.modules.okrResult.controller.ProjectKrController.batchRemove(java.lang.Long[])
2018-12-17 15:13:20.834 [restartedMain] INFO  o.s.w.s.m.m.a.RequestMappingHandlerMapping - Mapped "{[/api/sys/projectkr/listDepartOKRResult]}" onto public com.ewaytek.edf.common.entity.R com.ewaytek.edf.web.modules.okrResult.controller.ProjectKrController.listDepartOKRResult(java.lang.Long)
2018-12-17 15:13:20.834 [restartedMain] INFO  o.s.w.s.m.m.a.RequestMappingHandlerMapping - Mapped "{[/api/sys/projectkr/listUserOKRResult]}" onto public com.ewaytek.edf.common.entity.R com.ewaytek.edf.web.modules.okrResult.controller.ProjectKrController.listUserOKRResult(java.lang.Long)
2018-12-17 15:13:20.835 [restartedMain] INFO  o.s.w.s.m.m.a.RequestMappingHandlerMapping - Mapped "{[/api/sys/projectkr/info]}" onto public com.ewaytek.edf.common.entity.R com.ewaytek.edf.web.modules.okrResult.controller.ProjectKrController.getById(java.lang.Long)
2018-12-17 15:13:20.835 [restartedMain] INFO  o.s.w.s.m.m.a.RequestMappingHandlerMapping - Mapped "{[/api/sys/projectkr/listDepart]}" onto public com.ewaytek.edf.common.entity.R com.ewaytek.edf.web.modules.okrResult.controller.ProjectKrController.listDepartOKR(java.util.Map<java.lang.String, java.lang.Object>)
2018-12-17 15:13:20.836 [restartedMain] INFO  o.s.w.s.m.m.a.RequestMappingHandlerMapping - Mapped "{[/api/sys/projectkr/listByNum]}" onto public com.ewaytek.edf.common.entity.Page<com.ewaytek.edf.web.modules.okrResult.entity.ProjectKrEntity> com.ewaytek.edf.web.modules.okrResult.controller.ProjectKrController.listByNum(java.util.Map<java.lang.String, java.lang.Object>)
2018-12-17 15:13:20.837 [restartedMain] INFO  o.s.w.s.m.m.a.RequestMappingHandlerMapping - Mapped "{[/api/sys/projectkr/myPerOkr]}" onto public com.ewaytek.edf.common.entity.Page<com.ewaytek.edf.web.modules.okrResult.entity.ProjectKrEntity> com.ewaytek.edf.web.modules.okrResult.controller.ProjectKrController.myPerOkr(java.util.Map<java.lang.String, java.lang.Object>)
2018-12-17 15:13:20.837 [restartedMain] INFO  o.s.w.s.m.m.a.RequestMappingHandlerMapping - Mapped "{[/api/sys/projectkr/myDepOkr]}" onto public com.ewaytek.edf.common.entity.Page<com.ewaytek.edf.web.modules.okrResult.entity.ProjectKrEntity> com.ewaytek.edf.web.modules.okrResult.controller.ProjectKrController.myDepOkr(java.util.Map<java.lang.String, java.lang.Object>)
2018-12-17 15:13:20.837 [restartedMain] INFO  o.s.w.s.m.m.a.RequestMappingHandlerMapping - Mapped "{[/api/sys/projectkr/myProOkr]}" onto public com.ewaytek.edf.common.entity.Page<com.ewaytek.edf.web.modules.okrResult.entity.ProjectKrEntity> com.ewaytek.edf.web.modules.okrResult.controller.ProjectKrController.myProOkr(java.util.Map<java.lang.String, java.lang.Object>)
2018-12-17 15:13:20.838 [restartedMain] INFO  o.s.w.s.m.m.a.RequestMappingHandlerMapping - Mapped "{[/api/sys/projectkr/perinfo]}" onto public java.util.Map<java.lang.String, java.lang.Object> com.ewaytek.edf.web.modules.okrResult.controller.ProjectKrController.perinfo(int,int)
2018-12-17 15:13:20.838 [restartedMain] INFO  o.s.w.s.m.m.a.RequestMappingHandlerMapping - Mapped "{[/api/sys/projectkr/depinfo]}" onto public java.util.Map<java.lang.String, java.lang.Object> com.ewaytek.edf.web.modules.okrResult.controller.ProjectKrController.depinfo(int,int)
2018-12-17 15:13:20.838 [restartedMain] INFO  o.s.w.s.m.m.a.RequestMappingHandlerMapping - Mapped "{[/api/sys/projectkr/proinfo]}" onto public java.util.Map<java.lang.String, java.lang.Object> com.ewaytek.edf.web.modules.okrResult.controller.ProjectKrController.proinfo(java.lang.String)
2018-12-17 15:13:20.838 [restartedMain] INFO  o.s.w.s.m.m.a.RequestMappingHandlerMapping - Mapped "{[/api/sys/projectkr/getUserDep]}" onto public com.ewaytek.edf.web.modules.sys.entity.SysDepartmentEntity com.ewaytek.edf.web.modules.okrResult.controller.ProjectKrController.getUserDep()
2018-12-17 15:13:20.838 [restartedMain] INFO  o.s.w.s.m.m.a.RequestMappingHandlerMapping - Mapped "{[/api/sys/projectkr/listProjectOkr]}" onto public java.util.List<com.ewaytek.edf.web.modules.pro.entity.ProjectEntity> com.ewaytek.edf.web.modules.okrResult.controller.ProjectKrController.listProjectOkr()
2018-12-17 15:13:20.839 [restartedMain] INFO  o.s.w.s.m.m.a.RequestMappingHandlerMapping - Mapped "{[/api/sys/projectkr/listPerjectOkr]}" onto public java.util.List<com.ewaytek.edf.web.modules.okr.entity.ObjectiveEntity> com.ewaytek.edf.web.modules.okrResult.controller.ProjectKrController.listPerjectOkr(int,int)
2018-12-17 15:13:20.840 [restartedMain] INFO  o.s.w.s.m.m.a.RequestMappingHandlerMapping - Mapped "{[/api/sys/projectkr/myPerOkrT]}" onto public com.ewaytek.edf.common.entity.Page<com.ewaytek.edf.web.modules.okrResult.entity.ProjectKrEntity> com.ewaytek.edf.web.modules.okrResult.controller.ProjectKrController.myPerOkrT(java.util.Map<java.lang.String, java.lang.Object>)
2018-12-17 15:13:20.846 [restartedMain] INFO  o.s.w.s.m.m.a.RequestMappingHandlerMapping - Mapped "{[/api/sys/projectkr/listPerson]}" onto public com.ewaytek.edf.common.entity.R com.ewaytek.edf.web.modules.okrResult.controller.ProjectKrController.listPerson(java.util.Map<java.lang.String, java.lang.Object>)
2018-12-17 15:13:20.851 [restartedMain] INFO  o.s.w.s.m.m.a.RequestMappingHandlerMapping - Mapped "{[/api/pro/updatequestion]}" onto public com.ewaytek.edf.common.entity.R com.ewaytek.edf.web.modules.pro.controller.ProjectController.update(com.ewaytek.edf.web.modules.pro.entity.ProjectQuestionEntity)
2018-12-17 15:13:20.851 [restartedMain] INFO  o.s.w.s.m.m.a.RequestMappingHandlerMapping - Mapped "{[/api/pro/update]}" onto public com.ewaytek.edf.common.entity.R com.ewaytek.edf.web.modules.pro.controller.ProjectController.update(com.ewaytek.edf.web.modules.pro.entity.ProjectEntity)
2018-12-17 15:13:20.852 [restartedMain] INFO  o.s.w.s.m.m.a.RequestMappingHandlerMapping - Mapped "{[/api/pro/list]}" onto public com.ewaytek.edf.common.entity.Page<com.ewaytek.edf.web.modules.pro.entity.ProjectEntity> com.ewaytek.edf.web.modules.pro.controller.ProjectController.list(java.util.Map<java.lang.String, java.lang.Object>)
2018-12-17 15:13:20.852 [restartedMain] INFO  o.s.w.s.m.m.a.RequestMappingHandlerMapping - Mapped "{[/api/pro/save]}" onto public com.ewaytek.edf.common.entity.R com.ewaytek.edf.web.modules.pro.controller.ProjectController.save(com.ewaytek.edf.web.modules.pro.entity.ProjectEntity)
2018-12-17 15:13:20.853 [restartedMain] INFO  o.s.w.s.m.m.a.RequestMappingHandlerMapping - Mapped "{[/api/pro/savequestion]}" onto public com.ewaytek.edf.common.entity.R com.ewaytek.edf.web.modules.pro.controller.ProjectController.save(com.ewaytek.edf.web.modules.pro.entity.ProjectQuestionEntity)
2018-12-17 15:13:20.853 [restartedMain] INFO  o.s.w.s.m.m.a.RequestMappingHandlerMapping - Mapped "{[/api/pro/remove]}" onto public com.ewaytek.edf.common.entity.R com.ewaytek.edf.web.modules.pro.controller.ProjectController.batchRemove(java.lang.Long[])
2018-12-17 15:13:20.853 [restartedMain] INFO  o.s.w.s.m.m.a.RequestMappingHandlerMapping - Mapped "{[/api/pro/removequestion]}" onto public com.ewaytek.edf.common.entity.R com.ewaytek.edf.web.modules.pro.controller.ProjectController.questionBatchRemove(java.lang.Long[])
2018-12-17 15:13:20.853 [restartedMain] INFO  o.s.w.s.m.m.a.RequestMappingHandlerMapping - Mapped "{[/api/pro/infoquestion]}" onto public com.ewaytek.edf.common.entity.R com.ewaytek.edf.web.modules.pro.controller.ProjectController.getProjectQuestionById(java.lang.Long)
2018-12-17 15:13:20.854 [restartedMain] INFO  o.s.w.s.m.m.a.RequestMappingHandlerMapping - Mapped "{[/api/pro/info]}" onto public com.ewaytek.edf.common.entity.R com.ewaytek.edf.web.modules.pro.controller.ProjectController.getById(java.lang.Long)
2018-12-17 15:13:20.855 [restartedMain] INFO  o.s.w.s.m.m.a.RequestMappingHandlerMapping - Mapped "{[/api/pro/questionlist]}" onto public com.ewaytek.edf.common.entity.Page<com.ewaytek.edf.web.modules.pro.entity.ProjectQuestionEntity> com.ewaytek.edf.web.modules.pro.controller.ProjectController.questionList(java.util.Map<java.lang.String, java.lang.Object>)
2018-12-17 15:13:20.855 [restartedMain] INFO  o.s.w.s.m.m.a.RequestMappingHandlerMapping - Mapped "{[/api/pro/getProNameById]}" onto public com.ewaytek.edf.common.entity.R com.ewaytek.edf.web.modules.pro.controller.ProjectController.getProNameById(java.lang.Long)
2018-12-17 15:13:20.855 [restartedMain] INFO  o.s.w.s.m.m.a.RequestMappingHandlerMapping - Mapped "{[/api/pro/infoentity]}" onto public java.util.Map<java.lang.String, java.lang.Object> com.ewaytek.edf.web.modules.pro.controller.ProjectController.getInfoEntity(java.util.Map<java.lang.String, java.lang.Object>)
2018-12-17 15:13:20.855 [restartedMain] INFO  o.s.w.s.m.m.a.RequestMappingHandlerMapping - Mapped "{[/api/pro/members]}" onto public java.util.Map<java.lang.String, java.lang.Object> com.ewaytek.edf.web.modules.pro.controller.ProjectController.getAlluser(java.lang.Long)
2018-12-17 15:13:20.855 [restartedMain] INFO  o.s.w.s.m.m.a.RequestMappingHandlerMapping - Mapped "{[/api/pro/selections]}" onto public java.util.Map<java.lang.String, java.lang.Object> com.ewaytek.edf.web.modules.pro.controller.ProjectController.getSelections(java.lang.Long)
2018-12-17 15:13:20.861 [restartedMain] INFO  o.s.w.s.m.m.a.RequestMappingHandlerMapping - Mapped "{[/api/report/selections]}" onto public java.util.Map<java.lang.String, java.lang.Object> com.ewaytek.edf.web.modules.report.controller.ReportController.getSelections()
2018-12-17 15:13:20.862 [restartedMain] INFO  o.s.w.s.m.m.a.RequestMappingHandlerMapping - Mapped "{[/api/report/taskreportlist]}" onto public java.util.List<com.ewaytek.edf.web.modules.report.entity.TaskReportEntity> com.ewaytek.edf.web.modules.report.controller.ReportController.taskReport(java.util.Map<java.lang.String, java.lang.Object>)
2018-12-17 15:13:20.862 [restartedMain] INFO  o.s.w.s.m.m.a.RequestMappingHandlerMapping - Mapped "{[/api/report/departmentreport]}" onto public java.util.Map<java.lang.String, java.lang.Object> com.ewaytek.edf.web.modules.report.controller.ReportController.departmentReprot(java.util.Map<java.lang.String, java.lang.Object>)
2018-12-17 15:13:20.862 [restartedMain] INFO  o.s.w.s.m.m.a.RequestMappingHandlerMapping - Mapped "{[/api/report/depreportselections]}" onto public java.util.Map<java.lang.String, java.lang.Object> com.ewaytek.edf.web.modules.report.controller.ReportController.getDepSelections()
2018-12-17 15:13:20.862 [restartedMain] INFO  o.s.w.s.m.m.a.RequestMappingHandlerMapping - Mapped "{[/api/report/timesheetreport]}" onto public java.util.Map<java.lang.String, java.lang.Object> com.ewaytek.edf.web.modules.report.controller.ReportController.timesheetReport(java.util.Map<java.lang.String, java.lang.Object>)
2018-12-17 15:13:20.868 [restartedMain] INFO  o.s.w.s.m.m.a.RequestMappingHandlerMapping - Mapped "{[/stream/fd]}" onto protected void com.ewaytek.edf.web.modules.stream.FormDataController.doPost(javax.servlet.http.HttpServletRequest,javax.servlet.http.HttpServletResponse) throws javax.servlet.ServletException,java.io.IOException
2018-12-17 15:13:20.872 [restartedMain] INFO  o.s.w.s.m.m.a.RequestMappingHandlerMapping - Mapped "{[/stream/upload],methods=[GET]}" onto protected void com.ewaytek.edf.web.modules.stream.StreamController.doGet(javax.servlet.http.HttpServletRequest,javax.servlet.http.HttpServletResponse) throws javax.servlet.ServletException,java.io.IOException
2018-12-17 15:13:20.884 [restartedMain] INFO  o.s.w.s.m.m.a.RequestMappingHandlerMapping - Mapped "{[/stream/upload],methods=[POST]}" onto protected void com.ewaytek.edf.web.modules.stream.StreamController.doPost(javax.servlet.http.HttpServletRequest,javax.servlet.http.HttpServletResponse) throws javax.servlet.ServletException,java.io.IOException
2018-12-17 15:13:20.885 [restartedMain] INFO  o.s.w.s.m.m.a.RequestMappingHandlerMapping - Mapped "{[/stream/tk]}" onto protected void com.ewaytek.edf.web.modules.stream.TokenController.doGet(javax.servlet.http.HttpServletRequest,javax.servlet.http.HttpServletResponse) throws javax.servlet.ServletException,java.io.IOException
2018-12-17 15:13:20.886 [restartedMain] INFO  o.s.w.s.m.m.a.RequestMappingHandlerMapping - Mapped "{[/api/sys/supplier/update]}" onto public com.ewaytek.edf.common.entity.R com.ewaytek.edf.web.modules.supplier.controller.SupplierController.update(com.ewaytek.edf.web.modules.supplier.entity.SupplierEntity)
2018-12-17 15:13:20.886 [restartedMain] INFO  o.s.w.s.m.m.a.RequestMappingHandlerMapping - Mapped "{[/api/sys/supplier/list]}" onto public com.ewaytek.edf.common.entity.Page<com.ewaytek.edf.web.modules.supplier.entity.SupplierEntity> com.ewaytek.edf.web.modules.supplier.controller.SupplierController.list(java.util.Map<java.lang.String, java.lang.Object>)
2018-12-17 15:13:20.887 [restartedMain] INFO  o.s.w.s.m.m.a.RequestMappingHandlerMapping - Mapped "{[/api/sys/supplier/save]}" onto public com.ewaytek.edf.common.entity.R com.ewaytek.edf.web.modules.supplier.controller.SupplierController.save(com.ewaytek.edf.web.modules.supplier.entity.SupplierEntity)
2018-12-17 15:13:20.887 [restartedMain] INFO  o.s.w.s.m.m.a.RequestMappingHandlerMapping - Mapped "{[/api/sys/supplier/remove]}" onto public com.ewaytek.edf.common.entity.R com.ewaytek.edf.web.modules.supplier.controller.SupplierController.batchRemove(java.lang.Long[])
2018-12-17 15:13:20.887 [restartedMain] INFO  o.s.w.s.m.m.a.RequestMappingHandlerMapping - Mapped "{[/api/sys/supplier/info]}" onto public com.ewaytek.edf.common.entity.R com.ewaytek.edf.web.modules.supplier.controller.SupplierController.getById(java.lang.Long)
2018-12-17 15:13:20.887 [restartedMain] INFO  o.s.w.s.m.m.a.RequestMappingHandlerMapping - Mapped "{[/api/sys/supplier/Suplist]}" onto public java.util.List<com.ewaytek.edf.web.modules.supplier.entity.SupplierEntity> com.ewaytek.edf.web.modules.supplier.controller.SupplierController.Suplist()
2018-12-17 15:13:20.888 [restartedMain] INFO  o.s.w.s.m.m.a.RequestMappingHandlerMapping - Mapped "{[/api/sys/depart/update]}" onto public com.ewaytek.edf.common.entity.R com.ewaytek.edf.web.modules.sys.controller.SysDepartmentController.update(com.ewaytek.edf.web.modules.sys.entity.SysDepartmentEntity)
2018-12-17 15:13:20.888 [restartedMain] INFO  o.s.w.s.m.m.a.RequestMappingHandlerMapping - Mapped "{[/api/sys/depart/list]}" onto public com.ewaytek.edf.common.entity.Page<com.ewaytek.edf.web.modules.sys.entity.SysDepartmentEntity> com.ewaytek.edf.web.modules.sys.controller.SysDepartmentController.list(java.util.Map<java.lang.String, java.lang.Object>)
2018-12-17 15:13:20.888 [restartedMain] INFO  o.s.w.s.m.m.a.RequestMappingHandlerMapping - Mapped "{[/api/sys/depart/save]}" onto public com.ewaytek.edf.common.entity.R com.ewaytek.edf.web.modules.sys.controller.SysDepartmentController.save(com.ewaytek.edf.web.modules.sys.entity.SysDepartmentEntity)
2018-12-17 15:13:20.894 [restartedMain] INFO  o.s.w.s.m.m.a.RequestMappingHandlerMapping - Mapped "{[/api/sys/depart/remove]}" onto public com.ewaytek.edf.common.entity.R com.ewaytek.edf.web.modules.sys.controller.SysDepartmentController.batchRemove(java.lang.Long[])
2018-12-17 15:13:20.900 [restartedMain] INFO  o.s.w.s.m.m.a.RequestMappingHandlerMapping - Mapped "{[/api/sys/depart/info]}" onto public com.ewaytek.edf.common.entity.R com.ewaytek.edf.web.modules.sys.controller.SysDepartmentController.getById(java.lang.Long)
2018-12-17 15:13:20.900 [restartedMain] INFO  o.s.w.s.m.m.a.RequestMappingHandlerMapping - Mapped "{[/api/sys/depart/listInfo]}" onto public com.ewaytek.edf.common.entity.R com.ewaytek.edf.web.modules.sys.controller.SysDepartmentController.listInfo()
2018-12-17 15:13:20.900 [restartedMain] INFO  o.s.w.s.m.m.a.RequestMappingHandlerMapping - Mapped "{[/api/sys/depart/listAll]}" onto public java.util.List<com.ewaytek.edf.web.modules.sys.entity.SysDepartmentEntity> com.ewaytek.edf.web.modules.sys.controller.SysDepartmentController.listAll()
2018-12-17 15:13:20.902 [restartedMain] INFO  o.s.w.s.m.m.a.RequestMappingHandlerMapping - Mapped "{[/sys/dict/update]}" onto public com.ewaytek.edf.common.entity.R com.ewaytek.edf.web.modules.sys.controller.SysDictController.update(com.ewaytek.edf.web.modules.sys.entity.SysDictEntity)
2018-12-17 15:13:20.902 [restartedMain] INFO  o.s.w.s.m.m.a.RequestMappingHandlerMapping - Mapped "{[/sys/dict/listall]}" onto public com.ewaytek.edf.common.entity.Page<com.ewaytek.edf.web.modules.sys.entity.SysDictEntity> com.ewaytek.edf.web.modules.sys.controller.SysDictController.list(java.util.Map<java.lang.String, java.lang.Object>)
2018-12-17 15:13:20.902 [restartedMain] INFO  o.s.w.s.m.m.a.RequestMappingHandlerMapping - Mapped "{[/sys/dict/save]}" onto public com.ewaytek.edf.common.entity.R com.ewaytek.edf.web.modules.sys.controller.SysDictController.save(com.ewaytek.edf.web.modules.sys.entity.SysDictEntity)
2018-12-17 15:13:20.903 [restartedMain] INFO  o.s.w.s.m.m.a.RequestMappingHandlerMapping - Mapped "{[/sys/dict/remove]}" onto public com.ewaytek.edf.common.entity.R com.ewaytek.edf.web.modules.sys.controller.SysDictController.batchRemove(java.lang.Long[])
2018-12-17 15:13:20.903 [restartedMain] INFO  o.s.w.s.m.m.a.RequestMappingHandlerMapping - Mapped "{[/sys/dict/info]}" onto public com.ewaytek.edf.common.entity.R com.ewaytek.edf.web.modules.sys.controller.SysDictController.getById(java.lang.Long)
2018-12-17 15:13:20.903 [restartedMain] INFO  o.s.w.s.m.m.a.RequestMappingHandlerMapping - Mapped "{[/sys/dict/getlabel]}" onto public java.util.Map<java.lang.String, java.lang.Object> com.ewaytek.edf.web.modules.sys.controller.SysDictController.getDictLabel(java.lang.String,java.lang.String)
2018-12-17 15:13:20.903 [restartedMain] INFO  o.s.w.s.m.m.a.RequestMappingHandlerMapping - Mapped "{[/sys/dict/listQuarterType]}" onto public com.ewaytek.edf.common.entity.R com.ewaytek.edf.web.modules.sys.controller.SysDictController.listQuarterType()
2018-12-17 15:13:20.903 [restartedMain] INFO  o.s.w.s.m.m.a.RequestMappingHandlerMapping - Mapped "{[/sys/dict/listScoreType]}" onto public com.ewaytek.edf.common.entity.R com.ewaytek.edf.web.modules.sys.controller.SysDictController.listScoreType()
2018-12-17 15:13:20.904 [restartedMain] INFO  o.s.w.s.m.m.a.RequestMappingHandlerMapping - Mapped "{[/sys/dict/getTerritorialDict]}" onto public java.util.List<com.ewaytek.edf.web.modules.sys.entity.SysDictEntity> com.ewaytek.edf.web.modules.sys.controller.SysDictController.getDict()
2018-12-17 15:13:20.908 [restartedMain] INFO  o.s.w.s.m.m.a.RequestMappingHandlerMapping - Mapped "{[/api/sys/login],methods=[POST]}" onto public com.ewaytek.edf.common.entity.R com.ewaytek.edf.web.modules.sys.controller.SysLoginController.login(java.lang.String,java.lang.String,java.lang.String) throws java.io.IOException
2018-12-17 15:13:20.908 [restartedMain] INFO  o.s.w.s.m.m.a.RequestMappingHandlerMapping - Mapped "{[/api/sys/logout],methods=[POST]}" onto public com.ewaytek.edf.common.entity.R com.ewaytek.edf.web.modules.sys.controller.SysLoginController.logout()
2018-12-17 15:13:20.910 [restartedMain] INFO  o.s.w.s.m.m.a.RequestMappingHandlerMapping - Mapped "{[/api/sys/menu/remove]}" onto public com.ewaytek.edf.common.entity.R com.ewaytek.edf.web.modules.sys.controller.SysMenuController.remove(java.lang.Long[])
2018-12-17 15:13:20.910 [restartedMain] INFO  o.s.w.s.m.m.a.RequestMappingHandlerMapping - Mapped "{[/api/sys/menu/update]}" onto public com.ewaytek.edf.common.entity.R com.ewaytek.edf.web.modules.sys.controller.SysMenuController.update(com.ewaytek.edf.web.modules.sys.entity.SysMenuEntity)
2018-12-17 15:13:20.910 [restartedMain] INFO  o.s.w.s.m.m.a.RequestMappingHandlerMapping - Mapped "{[/api/sys/menu/save]}" onto public com.ewaytek.edf.common.entity.R com.ewaytek.edf.web.modules.sys.controller.SysMenuController.save(com.ewaytek.edf.web.modules.sys.entity.SysMenuEntity)
2018-12-17 15:13:20.910 [restartedMain] INFO  o.s.w.s.m.m.a.RequestMappingHandlerMapping - Mapped "{[/api/sys/menu/info]}" onto public com.ewaytek.edf.common.entity.R com.ewaytek.edf.web.modules.sys.controller.SysMenuController.info(java.lang.Long)
2018-12-17 15:13:20.911 [restartedMain] INFO  o.s.w.s.m.m.a.RequestMappingHandlerMapping - Mapped "{[/api/sys/menu/user]}" onto public com.ewaytek.edf.common.entity.R com.ewaytek.edf.web.modules.sys.controller.SysMenuController.user()
2018-12-17 15:13:20.912 [restartedMain] INFO  o.s.w.s.m.m.a.RequestMappingHandlerMapping - Mapped "{[/api/sys/menu/select]}" onto public com.ewaytek.edf.common.entity.R com.ewaytek.edf.web.modules.sys.controller.SysMenuController.select()
2018-12-17 15:13:20.913 [restartedMain] INFO  o.s.w.s.m.m.a.RequestMappingHandlerMapping - Mapped "{[/api/sys/menu/list]}" onto public java.util.List<com.ewaytek.edf.web.modules.sys.entity.SysMenuEntity> com.ewaytek.edf.web.modules.sys.controller.SysMenuController.listMenu(java.util.Map<java.lang.String, java.lang.Object>)
2018-12-17 15:13:20.915 [restartedMain] INFO  o.s.w.s.m.m.a.RequestMappingHandlerMapping - Mapped "{[/{module}/{function}/{url}.html]}" onto public java.lang.String com.ewaytek.edf.web.modules.sys.controller.SysPageController.page(java.lang.String,java.lang.String,java.lang.String)
2018-12-17 15:13:20.915 [restartedMain] INFO  o.s.w.s.m.m.a.RequestMappingHandlerMapping - Mapped "{[/{module}/{url}.html]}" onto public java.lang.String com.ewaytek.edf.web.modules.sys.controller.SysPageController.page(java.lang.String,java.lang.String)
2018-12-17 15:13:20.918 [restartedMain] INFO  o.s.w.s.m.m.a.RequestMappingHandlerMapping - Mapped "{[/api/sys/role/list]}" onto public com.ewaytek.edf.common.entity.Page<com.ewaytek.edf.web.modules.sys.entity.SysRoleEntity> com.ewaytek.edf.web.modules.sys.controller.SysRoleController.list(java.util.Map<java.lang.String, java.lang.Object>)
2018-12-17 15:13:20.918 [restartedMain] INFO  o.s.w.s.m.m.a.RequestMappingHandlerMapping - Mapped "{[/api/sys/role/remove]}" onto public com.ewaytek.edf.common.entity.R com.ewaytek.edf.web.modules.sys.controller.SysRoleController.batchRemove(java.lang.Long[])
2018-12-17 15:13:20.919 [restartedMain] INFO  o.s.w.s.m.m.a.RequestMappingHandlerMapping - Mapped "{[/api/sys/role/authorize/opt]}" onto public com.ewaytek.edf.common.entity.R com.ewaytek.edf.web.modules.sys.controller.SysRoleController.updateRoleOptAuthorization(com.ewaytek.edf.web.modules.sys.entity.SysRoleEntity)
2018-12-17 15:13:20.919 [restartedMain] INFO  o.s.w.s.m.m.a.RequestMappingHandlerMapping - Mapped "{[/api/sys/role/select]}" onto public com.ewaytek.edf.common.entity.R com.ewaytek.edf.web.modules.sys.controller.SysRoleController.listRole()
2018-12-17 15:13:20.919 [restartedMain] INFO  o.s.w.s.m.m.a.RequestMappingHandlerMapping - Mapped "{[/api/sys/role/save]}" onto public com.ewaytek.edf.common.entity.R com.ewaytek.edf.web.modules.sys.controller.SysRoleController.saveRole(com.ewaytek.edf.web.modules.sys.entity.SysRoleEntity)
2018-12-17 15:13:20.919 [restartedMain] INFO  o.s.w.s.m.m.a.RequestMappingHandlerMapping - Mapped "{[/api/sys/role/info]}" onto public com.ewaytek.edf.common.entity.R com.ewaytek.edf.web.modules.sys.controller.SysRoleController.getRoleById(java.lang.Long)
2018-12-17 15:13:20.919 [restartedMain] INFO  o.s.w.s.m.m.a.RequestMappingHandlerMapping - Mapped "{[/api/sys/role/update]}" onto public com.ewaytek.edf.common.entity.R com.ewaytek.edf.web.modules.sys.controller.SysRoleController.updateRole(com.ewaytek.edf.web.modules.sys.entity.SysRoleEntity)
2018-12-17 15:13:20.928 [restartedMain] INFO  o.s.w.s.m.m.a.RequestMappingHandlerMapping - Mapped "{[/api/sys/user/update]}" onto public com.ewaytek.edf.common.entity.R com.ewaytek.edf.web.modules.sys.controller.SysUserController.update(com.ewaytek.edf.web.modules.sys.entity.SysUserEntity)
2018-12-17 15:13:20.928 [restartedMain] INFO  o.s.w.s.m.m.a.RequestMappingHandlerMapping - Mapped "{[/api/sys/user/list]}" onto public com.ewaytek.edf.common.entity.Page<com.ewaytek.edf.web.modules.sys.entity.SysUserEntity> com.ewaytek.edf.web.modules.sys.controller.SysUserController.list(java.util.Map<java.lang.String, java.lang.Object>)
2018-12-17 15:13:20.928 [restartedMain] INFO  o.s.w.s.m.m.a.RequestMappingHandlerMapping - Mapped "{[/api/sys/user/save]}" onto public com.ewaytek.edf.common.entity.R com.ewaytek.edf.web.modules.sys.controller.SysUserController.save(com.ewaytek.edf.web.modules.sys.entity.SysUserEntity)
2018-12-17 15:13:20.935 [restartedMain] INFO  o.s.w.s.m.m.a.RequestMappingHandlerMapping - Mapped "{[/api/sys/user/userInfo]}" onto public com.ewaytek.edf.common.entity.R com.ewaytek.edf.web.modules.sys.controller.SysUserController.getUserInfo(java.lang.Long)
2018-12-17 15:13:20.935 [restartedMain] INFO  o.s.w.s.m.m.a.RequestMappingHandlerMapping - Mapped "{[/api/sys/user/remove]}" onto public com.ewaytek.edf.common.entity.R com.ewaytek.edf.web.modules.sys.controller.SysUserController.batchRemove(java.lang.Long[])
2018-12-17 15:13:20.935 [restartedMain] INFO  o.s.w.s.m.m.a.RequestMappingHandlerMapping - Mapped "{[/api/sys/user/info]}" onto public com.ewaytek.edf.common.entity.R com.ewaytek.edf.web.modules.sys.controller.SysUserController.info()
2018-12-17 15:13:20.935 [restartedMain] INFO  o.s.w.s.m.m.a.RequestMappingHandlerMapping - Mapped "{[/api/sys/user/disable]}" onto public com.ewaytek.edf.common.entity.R com.ewaytek.edf.web.modules.sys.controller.SysUserController.updateUserDisable(java.lang.Long[])
2018-12-17 15:13:20.935 [restartedMain] INFO  o.s.w.s.m.m.a.RequestMappingHandlerMapping - Mapped "{[/api/sys/user/allTerritorial]}" onto public java.util.List<com.ewaytek.edf.web.modules.sys.entity.UserLevelEntity> com.ewaytek.edf.web.modules.sys.controller.SysUserController.getAllTerritorial()
2018-12-17 15:13:20.936 [restartedMain] INFO  o.s.w.s.m.m.a.RequestMappingHandlerMapping - Mapped "{[/api/sys/user/getUserId]}" onto private java.lang.Long com.ewaytek.edf.web.modules.sys.controller.SysUserController.getUserId()
2018-12-17 15:13:20.936 [restartedMain] INFO  o.s.w.s.m.m.a.RequestMappingHandlerMapping - Mapped "{[/api/sys/user/infoUser]}" onto public com.ewaytek.edf.common.entity.R com.ewaytek.edf.web.modules.sys.controller.SysUserController.getById(java.lang.Long)
2018-12-17 15:13:20.936 [restartedMain] INFO  o.s.w.s.m.m.a.RequestMappingHandlerMapping - Mapped "{[/api/sys/user/userList]}" onto public com.ewaytek.edf.common.entity.R com.ewaytek.edf.web.modules.sys.controller.SysUserController.userList()
2018-12-17 15:13:20.936 [restartedMain] INFO  o.s.w.s.m.m.a.RequestMappingHandlerMapping - Mapped "{[/api/sys/user/all]}" onto public java.util.List<com.ewaytek.edf.web.modules.sys.entity.SysUserEntity> com.ewaytek.edf.web.modules.sys.controller.SysUserController.getAlluser()
2018-12-17 15:13:20.936 [restartedMain] INFO  o.s.w.s.m.m.a.RequestMappingHandlerMapping - Mapped "{[/api/sys/user/ressbook]}" onto public com.ewaytek.edf.common.entity.Page<com.ewaytek.edf.web.modules.sys.entity.SysUserEntity> com.ewaytek.edf.web.modules.sys.controller.SysUserController.ressbook(java.util.Map<java.lang.String, java.lang.Object>)
2018-12-17 15:13:20.936 [restartedMain] INFO  o.s.w.s.m.m.a.RequestMappingHandlerMapping - Mapped "{[/api/sys/user/perms]}" onto public com.ewaytek.edf.common.entity.R com.ewaytek.edf.web.modules.sys.controller.SysUserController.listUserPerms()
2018-12-17 15:13:20.936 [restartedMain] INFO  o.s.w.s.m.m.a.RequestMappingHandlerMapping - Mapped "{[/api/sys/user/updatePswd]}" onto public com.ewaytek.edf.common.entity.R com.ewaytek.edf.web.modules.sys.controller.SysUserController.updatePswdByUser(java.lang.String,java.lang.String)
2018-12-17 15:13:20.936 [restartedMain] INFO  o.s.w.s.m.m.a.RequestMappingHandlerMapping - Mapped "{[/api/sys/user/enable]}" onto public com.ewaytek.edf.common.entity.R com.ewaytek.edf.web.modules.sys.controller.SysUserController.updateUserEnable(java.lang.Long[])
2018-12-17 15:13:20.937 [restartedMain] INFO  o.s.w.s.m.m.a.RequestMappingHandlerMapping - Mapped "{[/api/sys/user/reset]}" onto public com.ewaytek.edf.common.entity.R com.ewaytek.edf.web.modules.sys.controller.SysUserController.updatePswd(com.ewaytek.edf.web.modules.sys.entity.SysUserEntity)
2018-12-17 15:13:20.938 [restartedMain] INFO  o.s.w.s.m.m.a.RequestMappingHandlerMapping - Mapped "{[/api/sys/user/getUserByDepId]}" onto public com.ewaytek.edf.web.modules.sys.entity.SysUserEntity com.ewaytek.edf.web.modules.sys.controller.SysUserController.getUserByDepId(java.lang.String)
2018-12-17 15:13:20.941 [restartedMain] INFO  o.s.w.s.m.m.a.RequestMappingHandlerMapping - Mapped "{[/api/tasklist/update]}" onto public com.ewaytek.edf.common.entity.R com.ewaytek.edf.web.modules.task.controller.TaskListController.update(com.ewaytek.edf.web.modules.task.entity.TaskListEntity)
2018-12-17 15:13:20.941 [restartedMain] INFO  o.s.w.s.m.m.a.RequestMappingHandlerMapping - Mapped "{[/api/tasklist/list]}" onto public com.ewaytek.edf.common.entity.Page<com.ewaytek.edf.web.modules.task.entity.TaskListEntity> com.ewaytek.edf.web.modules.task.controller.TaskListController.list(java.util.Map<java.lang.String, java.lang.Object>,java.lang.Long)
2018-12-17 15:13:20.941 [restartedMain] INFO  o.s.w.s.m.m.a.RequestMappingHandlerMapping - Mapped "{[/api/tasklist/save]}" onto public com.ewaytek.edf.common.entity.R com.ewaytek.edf.web.modules.task.controller.TaskListController.save(com.ewaytek.edf.web.modules.task.entity.TaskListEntity)
2018-12-17 15:13:20.941 [restartedMain] INFO  o.s.w.s.m.m.a.RequestMappingHandlerMapping - Mapped "{[/api/tasklist/remove]}" onto public com.ewaytek.edf.common.entity.R com.ewaytek.edf.web.modules.task.controller.TaskListController.batchRemove(java.lang.Long[])
2018-12-17 15:13:20.942 [restartedMain] INFO  o.s.w.s.m.m.a.RequestMappingHandlerMapping - Mapped "{[/api/tasklist/updatestatus]}" onto public com.ewaytek.edf.common.entity.R com.ewaytek.edf.web.modules.task.controller.TaskListController.updateStatus(java.lang.Long,java.lang.String,int,java.lang.String)
2018-12-17 15:13:20.942 [restartedMain] INFO  o.s.w.s.m.m.a.RequestMappingHandlerMapping - Mapped "{[/api/tasklist/updatestatusNotTimeSheet]}" onto public com.ewaytek.edf.common.entity.R com.ewaytek.edf.web.modules.task.controller.TaskListController.updatestatusNotTimeSheet(java.lang.Long,java.lang.String,int,java.lang.String)
2018-12-17 15:13:20.942 [restartedMain] INFO  o.s.w.s.m.m.a.RequestMappingHandlerMapping - Mapped "{[/api/tasklist/info]}" onto public com.ewaytek.edf.common.entity.R com.ewaytek.edf.web.modules.task.controller.TaskListController.getById(java.lang.Long)
2018-12-17 15:13:20.942 [restartedMain] INFO  o.s.w.s.m.m.a.RequestMappingHandlerMapping - Mapped "{[/api/tasklist/proName]}" onto public java.util.Map<java.lang.String, java.lang.Object> com.ewaytek.edf.web.modules.task.controller.TaskListController.getProNameById(java.lang.Long)
2018-12-17 15:13:20.942 [restartedMain] INFO  o.s.w.s.m.m.a.RequestMappingHandlerMapping - Mapped "{[/api/tasklist/prolist]}" onto public java.util.List<com.ewaytek.edf.web.modules.pro.entity.ProjectEntity> com.ewaytek.edf.web.modules.task.controller.TaskListController.getAlluser(java.lang.Long)
2018-12-17 15:13:20.942 [restartedMain] INFO  o.s.w.s.m.m.a.RequestMappingHandlerMapping - Mapped "{[/api/tasklist/liststatus]}" onto public com.ewaytek.edf.common.entity.Page<com.ewaytek.edf.web.modules.task.entity.TaskListEntity> com.ewaytek.edf.web.modules.task.controller.TaskListController.listByState(java.util.Map<java.lang.String, java.lang.Object>,java.lang.String)
2018-12-17 15:13:20.943 [restartedMain] INFO  o.s.w.s.m.m.a.RequestMappingHandlerMapping - Mapped "{[/api/tasklist/infoentity]}" onto public java.util.Map<java.lang.String, java.lang.Object> com.ewaytek.edf.web.modules.task.controller.TaskListController.getEntityById(java.util.Map<java.lang.String, java.lang.Object>)
2018-12-17 15:13:20.943 [restartedMain] INFO  o.s.w.s.m.m.a.RequestMappingHandlerMapping - Mapped "{[/api/tasklist/memberslist]}" onto public java.util.Map<java.lang.String, java.lang.Object> com.ewaytek.edf.web.modules.task.controller.TaskListController.getTaskResource(java.lang.Long)
2018-12-17 15:13:20.943 [restartedMain] INFO  o.s.w.s.m.m.a.RequestMappingHandlerMapping - Mapped "{[/api/tasklist/progressdata]}" onto public java.util.Map<java.lang.String, java.lang.Object> com.ewaytek.edf.web.modules.task.controller.TaskListController.getProgressData()
2018-12-17 15:13:20.945 [restartedMain] INFO  o.s.w.s.m.m.a.RequestMappingHandlerMapping - Mapped "{[/error]}" onto public org.springframework.http.ResponseEntity<java.util.Map<java.lang.String, java.lang.Object>> org.springframework.boot.autoconfigure.web.BasicErrorController.error(javax.servlet.http.HttpServletRequest)
2018-12-17 15:13:20.945 [restartedMain] INFO  o.s.w.s.m.m.a.RequestMappingHandlerMapping - Mapped "{[/error],produces=[text/html]}" onto public org.springframework.web.servlet.ModelAndView org.springframework.boot.autoconfigure.web.BasicErrorController.errorHtml(javax.servlet.http.HttpServletRequest,javax.servlet.http.HttpServletResponse)
2018-12-17 15:13:21.078 [restartedMain] INFO  o.s.web.servlet.handler.SimpleUrlHandlerMapping - Mapped URL path [/upload/**] onto handler of type [class org.springframework.web.servlet.resource.ResourceHttpRequestHandler]
2018-12-17 15:13:21.078 [restartedMain] INFO  o.s.web.servlet.handler.SimpleUrlHandlerMapping - Mapped URL path [/webjars/**] onto handler of type [class org.springframework.web.servlet.resource.ResourceHttpRequestHandler]
2018-12-17 15:13:21.078 [restartedMain] INFO  o.s.web.servlet.handler.SimpleUrlHandlerMapping - Mapped URL path [/**] onto handler of type [class org.springframework.web.servlet.resource.ResourceHttpRequestHandler]
2018-12-17 15:13:21.100 [restartedMain] INFO  o.s.web.servlet.handler.SimpleUrlHandlerMapping - Mapped URL path [/**] onto handler of type [class org.springframework.web.servlet.resource.DefaultServletHttpRequestHandler]
2018-12-17 15:13:21.320 [restartedMain] INFO  o.s.web.servlet.handler.SimpleUrlHandlerMapping - Mapped URL path [/**/favicon.ico] onto handler of type [class org.springframework.web.servlet.resource.ResourceHttpRequestHandler]
2018-12-17 15:13:21.815 [restartedMain] INFO  o.s.b.a.w.WebMvcAutoConfiguration$WelcomePageHandlerMapping - Adding welcome page: class path resource [templates/index.html]
2018-12-17 15:13:22.346 [restartedMain] INFO  o.s.b.d.autoconfigure.OptionalLiveReloadServer - LiveReload server is running on port 35729
2018-12-17 15:13:22.436 [restartedMain] INFO  o.s.jmx.export.annotation.AnnotationMBeanExporter - Registering beans for JMX exposure on startup
2018-12-17 15:13:22.438 [restartedMain] INFO  o.s.jmx.export.annotation.AnnotationMBeanExporter - Bean with name 'statFilter' has been autodetected for JMX exposure
2018-12-17 15:13:22.440 [restartedMain] INFO  o.s.jmx.export.annotation.AnnotationMBeanExporter - Bean with name 'dataSource' has been autodetected for JMX exposure
2018-12-17 15:13:22.447 [restartedMain] INFO  o.s.jmx.export.annotation.AnnotationMBeanExporter - Located MBean 'dataSource': registering with JMX server as MBean [com.alibaba.druid.spring.boot.autoconfigure:name=dataSource,type=DruidDataSourceWrapper]
2018-12-17 15:13:22.450 [restartedMain] INFO  o.s.jmx.export.annotation.AnnotationMBeanExporter - Located MBean 'statFilter': registering with JMX server as MBean [com.alibaba.druid.filter.stat:name=statFilter,type=StatFilter]
2018-12-17 15:13:22.468 [restartedMain] INFO  org.apache.coyote.http11.Http11NioProtocol - Initializing ProtocolHandler ["http-nio-80"]
2018-12-17 15:13:22.485 [restartedMain] INFO  org.apache.coyote.http11.Http11NioProtocol - Starting ProtocolHandler ["http-nio-80"]
2018-12-17 15:13:22.523 [restartedMain] INFO  org.apache.tomcat.util.net.NioSelectorPool - Using a shared selector for servlet write/read
2018-12-17 15:13:22.617 [restartedMain] INFO  o.s.b.c.e.tomcat.TomcatEmbeddedServletContainer - Tomcat started on port(s): 80 (http)
2018-12-17 15:13:22.628 [restartedMain] INFO  com.ewaytek.edf.web.EdfApplication - Started EdfApplication in 12.786 seconds (JVM running for 13.864)
2018-12-17 15:19:13.304 [Thread-6] INFO  o.s.b.c.e.AnnotationConfigEmbeddedWebApplicationContext - Closing org.springframework.boot.context.embedded.AnnotationConfigEmbeddedWebApplicationContext@7d749259: startup date [Mon Dec 17 15:13:10 GMT+08:00 2018]; root of context hierarchy
2018-12-17 15:19:13.342 [Thread-6] INFO  o.s.jmx.export.annotation.AnnotationMBeanExporter - Unregistering JMX-exposed beans on shutdown
2018-12-17 15:19:13.344 [Thread-6] INFO  o.s.jmx.export.annotation.AnnotationMBeanExporter - Unregistering JMX-exposed beans
2018-12-17 15:19:14.467 [restartedMain] INFO  com.ewaytek.edf.web.EdfApplication - Starting EdfApplication on WINMICR-REJKJ7E with PID 8504 (started by Administrator in E:\一维大成资料（工作）\Ework\Git_Ework\ework2.0\edf_web)
2018-12-17 15:19:14.468 [restartedMain] INFO  com.ewaytek.edf.web.EdfApplication - The following profiles are active: dev
2018-12-17 15:19:14.470 [restartedMain] INFO  o.s.b.c.e.AnnotationConfigEmbeddedWebApplicationContext - Refreshing org.springframework.boot.context.embedded.AnnotationConfigEmbeddedWebApplicationContext@3c493bbb: startup date [Mon Dec 17 15:19:14 GMT+08:00 2018]; root of context hierarchy
2018-12-17 15:19:15.205 [restartedMain] INFO  o.s.b.f.a.AutowiredAnnotationBeanPostProcessor - JSR-330 'javax.inject.Inject' annotation found and supported for autowiring
2018-12-17 15:19:15.209 [restartedMain] INFO  o.s.c.s.PostProcessorRegistrationDelegate$BeanPostProcessorChecker - Bean 'shiroConfig' of type [com.ewaytek.edf.web.config.ShiroConfig$$EnhancerBySpringCGLIB$$d88b5c3a] is not eligible for getting processed by all BeanPostProcessors (for example: not eligible for auto-proxying)
2018-12-17 15:19:15.259 [restartedMain] INFO  o.s.c.s.PostProcessorRegistrationDelegate$BeanPostProcessorChecker - Bean 'mybatis-org.mybatis.spring.boot.autoconfigure.MybatisProperties' of type [org.mybatis.spring.boot.autoconfigure.MybatisProperties] is not eligible for getting processed by all BeanPostProcessors (for example: not eligible for auto-proxying)
2018-12-17 15:19:15.263 [restartedMain] INFO  o.s.c.s.PostProcessorRegistrationDelegate$BeanPostProcessorChecker - Bean 'org.mybatis.spring.boot.autoconfigure.MybatisAutoConfiguration' of type [org.mybatis.spring.boot.autoconfigure.MybatisAutoConfiguration$$EnhancerBySpringCGLIB$$335faf12] is not eligible for getting processed by all BeanPostProcessors (for example: not eligible for auto-proxying)
2018-12-17 15:19:15.268 [restartedMain] INFO  o.s.c.s.PostProcessorRegistrationDelegate$BeanPostProcessorChecker - Bean 'com.alibaba.druid.spring.boot.autoconfigure.DruidDataSourceAutoConfigure' of type [com.alibaba.druid.spring.boot.autoconfigure.DruidDataSourceAutoConfigure$$EnhancerBySpringCGLIB$$1a375354] is not eligible for getting processed by all BeanPostProcessors (for example: not eligible for auto-proxying)
2018-12-17 15:19:15.282 [restartedMain] INFO  o.s.c.s.PostProcessorRegistrationDelegate$BeanPostProcessorChecker - Bean 'com.alibaba.druid.spring.boot.autoconfigure.stat.DruidFilterConfiguration' of type [com.alibaba.druid.spring.boot.autoconfigure.stat.DruidFilterConfiguration] is not eligible for getting processed by all BeanPostProcessors (for example: not eligible for auto-proxying)
2018-12-17 15:19:15.512 [restartedMain] INFO  o.s.c.s.PostProcessorRegistrationDelegate$BeanPostProcessorChecker - Bean 'statFilter' of type [com.alibaba.druid.filter.stat.StatFilter] is not eligible for getting processed by all BeanPostProcessors (for example: not eligible for auto-proxying)
2018-12-17 15:19:15.704 [restartedMain] INFO  o.s.c.s.PostProcessorRegistrationDelegate$BeanPostProcessorChecker - Bean 'dataSource' of type [com.alibaba.druid.spring.boot.autoconfigure.DruidDataSourceWrapper] is not eligible for getting processed by all BeanPostProcessors (for example: not eligible for auto-proxying)
