2019-01-03 10:27:20.578 [restartedMain] INFO  com.ewaytek.edf.web.EdfApplication - Starting EdfApplication on WINMICR-REJKJ7E with PID 6696 (started by Administrator in E:\一维大成资料（工作）\Ework\Git_Ework\ework2.0\edf_web)
2019-01-03 10:27:20.579 [restartedMain] INFO  com.ewaytek.edf.web.EdfApplication - The following profiles are active: dev
2019-01-03 10:27:20.939 [restartedMain] INFO  o.s.b.c.e.AnnotationConfigEmbeddedWebApplicationContext - Refreshing org.springframework.boot.context.embedded.AnnotationConfigEmbeddedWebApplicationContext@745da3da: startup date [Thu Jan 03 10:27:20 GMT+08:00 2019]; root of context hierarchy
2019-01-03 10:27:21.024 [background-preinit] INFO  org.hibernate.validator.internal.util.Version - HV000001: Hibernate Validator 5.3.5.Final
2019-01-03 10:27:23.494 [restartedMain] INFO  o.s.b.f.a.AutowiredAnnotationBeanPostProcessor - JSR-330 'javax.inject.Inject' annotation found and supported for autowiring
2019-01-03 10:27:23.533 [restartedMain] INFO  o.s.c.s.PostProcessorRegistrationDelegate$BeanPostProcessorChecker - Bean 'shiroConfig' of type [com.ewaytek.edf.web.config.ShiroConfig$$EnhancerBySpringCGLIB$$1d6774df] is not eligible for getting processed by all BeanPostProcessors (for example: not eligible for auto-proxying)
2019-01-03 10:27:23.861 [restartedMain] INFO  o.s.c.s.PostProcessorRegistrationDelegate$BeanPostProcessorChecker - Bean 'mybatis-org.mybatis.spring.boot.autoconfigure.MybatisProperties' of type [org.mybatis.spring.boot.autoconfigure.MybatisProperties] is not eligible for getting processed by all BeanPostProcessors (for example: not eligible for auto-proxying)
2019-01-03 10:27:23.877 [restartedMain] INFO  o.s.c.s.PostProcessorRegistrationDelegate$BeanPostProcessorChecker - Bean 'org.mybatis.spring.boot.autoconfigure.MybatisAutoConfiguration' of type [org.mybatis.spring.boot.autoconfigure.MybatisAutoConfiguration$$EnhancerBySpringCGLIB$$783bc7b7] is not eligible for getting processed by all BeanPostProcessors (for example: not eligible for auto-proxying)
2019-01-03 10:27:23.884 [restartedMain] INFO  o.s.c.s.PostProcessorRegistrationDelegate$BeanPostProcessorChecker - Bean 'com.alibaba.druid.spring.boot.autoconfigure.DruidDataSourceAutoConfigure' of type [com.alibaba.druid.spring.boot.autoconfigure.DruidDataSourceAutoConfigure$$EnhancerBySpringCGLIB$$5f136bf9] is not eligible for getting processed by all BeanPostProcessors (for example: not eligible for auto-proxying)
2019-01-03 10:27:23.962 [restartedMain] INFO  o.s.c.s.PostProcessorRegistrationDelegate$BeanPostProcessorChecker - Bean 'com.alibaba.druid.spring.boot.autoconfigure.stat.DruidFilterConfiguration' of type [com.alibaba.druid.spring.boot.autoconfigure.stat.DruidFilterConfiguration] is not eligible for getting processed by all BeanPostProcessors (for example: not eligible for auto-proxying)
2019-01-03 10:27:24.323 [restartedMain] INFO  o.s.c.s.PostProcessorRegistrationDelegate$BeanPostProcessorChecker - Bean 'statFilter' of type [com.alibaba.druid.filter.stat.StatFilter] is not eligible for getting processed by all BeanPostProcessors (for example: not eligible for auto-proxying)
2019-01-03 10:27:24.573 [restartedMain] INFO  o.s.c.s.PostProcessorRegistrationDelegate$BeanPostProcessorChecker - Bean 'dataSource' of type [com.alibaba.druid.spring.boot.autoconfigure.DruidDataSourceWrapper] is not eligible for getting processed by all BeanPostProcessors (for example: not eligible for auto-proxying)
2019-01-03 10:27:25.295 [restartedMain] INFO  o.s.c.s.PostProcessorRegistrationDelegate$BeanPostProcessorChecker - Bean 'sqlSessionFactory' of type [org.apache.ibatis.session.defaults.DefaultSqlSessionFactory] is not eligible for getting processed by all BeanPostProcessors (for example: not eligible for auto-proxying)
2019-01-03 10:27:25.310 [restartedMain] INFO  o.s.c.s.PostProcessorRegistrationDelegate$BeanPostProcessorChecker - Bean 'sqlSessionTemplate' of type [org.mybatis.spring.SqlSessionTemplate] is not eligible for getting processed by all BeanPostProcessors (for example: not eligible for auto-proxying)
2019-01-03 10:27:25.311 [restartedMain] INFO  o.s.c.s.PostProcessorRegistrationDelegate$BeanPostProcessorChecker - Bean 'sysUserMapper' of type [org.mybatis.spring.mapper.MapperFactoryBean] is not eligible for getting processed by all BeanPostProcessors (for example: not eligible for auto-proxying)
2019-01-03 10:27:25.317 [restartedMain] INFO  o.s.c.s.PostProcessorRegistrationDelegate$BeanPostProcessorChecker - Bean 'sysUserMapper' of type [com.sun.proxy.$Proxy58] is not eligible for getting processed by all BeanPostProcessors (for example: not eligible for auto-proxying)
2019-01-03 10:27:25.320 [restartedMain] INFO  o.s.c.s.PostProcessorRegistrationDelegate$BeanPostProcessorChecker - Bean 'sysUserTokenMapper' of type [org.mybatis.spring.mapper.MapperFactoryBean] is not eligible for getting processed by all BeanPostProcessors (for example: not eligible for auto-proxying)
2019-01-03 10:27:25.323 [restartedMain] INFO  o.s.c.s.PostProcessorRegistrationDelegate$BeanPostProcessorChecker - Bean 'sysUserTokenMapper' of type [com.sun.proxy.$Proxy59] is not eligible for getting processed by all BeanPostProcessors (for example: not eligible for auto-proxying)
2019-01-03 10:27:25.326 [restartedMain] INFO  o.s.c.s.PostProcessorRegistrationDelegate$BeanPostProcessorChecker - Bean 'sysMenuMapper' of type [org.mybatis.spring.mapper.MapperFactoryBean] is not eligible for getting processed by all BeanPostProcessors (for example: not eligible for auto-proxying)
2019-01-03 10:27:25.328 [restartedMain] INFO  o.s.c.s.PostProcessorRegistrationDelegate$BeanPostProcessorChecker - Bean 'sysMenuMapper' of type [com.sun.proxy.$Proxy60] is not eligible for getting processed by all BeanPostProcessors (for example: not eligible for auto-proxying)
2019-01-03 10:27:25.331 [restartedMain] INFO  o.s.c.s.PostProcessorRegistrationDelegate$BeanPostProcessorChecker - Bean 'sysUserRoleMapper' of type [org.mybatis.spring.mapper.MapperFactoryBean] is not eligible for getting processed by all BeanPostProcessors (for example: not eligible for auto-proxying)
2019-01-03 10:27:25.332 [restartedMain] INFO  o.s.c.s.PostProcessorRegistrationDelegate$BeanPostProcessorChecker - Bean 'sysUserRoleMapper' of type [com.sun.proxy.$Proxy61] is not eligible for getting processed by all BeanPostProcessors (for example: not eligible for auto-proxying)
2019-01-03 10:27:25.335 [restartedMain] INFO  o.s.c.s.PostProcessorRegistrationDelegate$BeanPostProcessorChecker - Bean 'sysRoleMapper' of type [org.mybatis.spring.mapper.MapperFactoryBean] is not eligible for getting processed by all BeanPostProcessors (for example: not eligible for auto-proxying)
2019-01-03 10:27:25.337 [restartedMain] INFO  o.s.c.s.PostProcessorRegistrationDelegate$BeanPostProcessorChecker - Bean 'sysRoleMapper' of type [com.sun.proxy.$Proxy62] is not eligible for getting processed by all BeanPostProcessors (for example: not eligible for auto-proxying)
2019-01-03 10:27:25.338 [restartedMain] INFO  o.s.c.s.PostProcessorRegistrationDelegate$BeanPostProcessorChecker - Bean 'sysUserService' of type [com.ewaytek.edf.web.modules.sys.service.impl.SysUserServiceImpl] is not eligible for getting processed by all BeanPostProcessors (for example: not eligible for auto-proxying)
2019-01-03 10:27:25.341 [restartedMain] INFO  o.s.c.s.PostProcessorRegistrationDelegate$BeanPostProcessorChecker - Bean 'OAuth2Realm' of type [com.ewaytek.edf.web.oauth.OAuth2Realm] is not eligible for getting processed by all BeanPostProcessors (for example: not eligible for auto-proxying)
2019-01-03 10:27:25.371 [restartedMain] INFO  o.s.c.s.PostProcessorRegistrationDelegate$BeanPostProcessorChecker - Bean 'sessionManager' of type [org.apache.shiro.web.session.mgt.DefaultWebSessionManager] is not eligible for getting processed by all BeanPostProcessors (for example: not eligible for auto-proxying)
2019-01-03 10:27:27.632 [restartedMain] INFO  o.s.c.s.PostProcessorRegistrationDelegate$BeanPostProcessorChecker - Bean 'securityManager' of type [org.apache.shiro.web.mgt.DefaultWebSecurityManager] is not eligible for getting processed by all BeanPostProcessors (for example: not eligible for auto-proxying)
2019-01-03 10:27:27.751 [restartedMain] INFO  o.s.c.s.PostProcessorRegistrationDelegate$BeanPostProcessorChecker - Bean 'authorizationAttributeSourceAdvisor' of type [org.apache.shiro.spring.security.interceptor.AuthorizationAttributeSourceAdvisor] is not eligible for getting processed by all BeanPostProcessors (for example: not eligible for auto-proxying)
2019-01-03 10:27:27.780 [restartedMain] INFO  o.s.c.s.PostProcessorRegistrationDelegate$BeanPostProcessorChecker - Bean 'org.springframework.transaction.annotation.ProxyTransactionManagementConfiguration' of type [org.springframework.transaction.annotation.ProxyTransactionManagementConfiguration$$EnhancerBySpringCGLIB$$45677687] is not eligible for getting processed by all BeanPostProcessors (for example: not eligible for auto-proxying)
2019-01-03 10:27:28.363 [restartedMain] INFO  o.s.b.c.e.tomcat.TomcatEmbeddedServletContainer - Tomcat initialized with port(s): 8080 (http)
2019-01-03 10:27:28.384 [restartedMain] INFO  org.apache.catalina.core.StandardService - Starting service [Tomcat]
2019-01-03 10:27:28.385 [restartedMain] INFO  org.apache.catalina.core.StandardEngine - Starting Servlet Engine: Apache Tomcat/8.5.20
2019-01-03 10:27:28.509 [localhost-startStop-1] INFO  o.a.c.core.ContainerBase.[Tomcat].[localhost].[/] - Initializing Spring embedded WebApplicationContext
2019-01-03 10:27:28.509 [localhost-startStop-1] INFO  org.springframework.web.context.ContextLoader - Root WebApplicationContext: initialization completed in 7570 ms
2019-01-03 10:27:28.910 [localhost-startStop-1] INFO  o.s.boot.web.servlet.FilterRegistrationBean - Mapping filter: 'characterEncodingFilter' to: [/*]
2019-01-03 10:27:28.911 [localhost-startStop-1] INFO  o.s.boot.web.servlet.FilterRegistrationBean - Mapping filter: 'hiddenHttpMethodFilter' to: [/*]
2019-01-03 10:27:28.911 [localhost-startStop-1] INFO  o.s.boot.web.servlet.FilterRegistrationBean - Mapping filter: 'httpPutFormContentFilter' to: [/*]
2019-01-03 10:27:28.911 [localhost-startStop-1] INFO  o.s.boot.web.servlet.FilterRegistrationBean - Mapping filter: 'requestContextFilter' to: [/*]
2019-01-03 10:27:28.912 [localhost-startStop-1] INFO  o.s.boot.web.servlet.FilterRegistrationBean - Mapping filter: 'delegatingFilterProxy' to urls: [/*]
2019-01-03 10:27:28.912 [localhost-startStop-1] INFO  o.s.boot.web.servlet.FilterRegistrationBean - Mapping filter: 'webStatFilter' to urls: [/*]
2019-01-03 10:27:28.912 [localhost-startStop-1] INFO  o.s.boot.web.servlet.FilterRegistrationBean - Mapping filter: 'shiroFilter' to: [/*]
2019-01-03 10:27:28.912 [localhost-startStop-1] INFO  o.s.boot.web.servlet.ServletRegistrationBean - Mapping servlet: 'dispatcherServlet' to [/]
2019-01-03 10:27:28.916 [localhost-startStop-1] INFO  o.s.boot.web.servlet.ServletRegistrationBean - Mapping servlet: 'statViewServlet' to [/druid/*]
2019-01-03 10:27:28.916 [localhost-startStop-1] INFO  o.s.boot.web.servlet.ServletRegistrationBean - Mapping servlet: 'formDataController' to [/formDataController/]
2019-01-03 10:27:28.917 [localhost-startStop-1] INFO  o.s.boot.web.servlet.ServletRegistrationBean - Mapping servlet: 'streamController' to [/streamController/]
2019-01-03 10:27:28.917 [localhost-startStop-1] INFO  o.s.boot.web.servlet.ServletRegistrationBean - Mapping servlet: 'tokenController' to [/tokenController/]
2019-01-03 10:27:30.415 [restartedMain] INFO  o.s.w.s.m.m.a.RequestMappingHandlerAdapter - Looking for @ControllerAdvice: org.springframework.boot.context.embedded.AnnotationConfigEmbeddedWebApplicationContext@745da3da: startup date [Thu Jan 03 10:27:20 GMT+08:00 2019]; root of context hierarchy
2019-01-03 10:27:30.558 [restartedMain] INFO  o.s.w.s.m.m.a.RequestMappingHandlerMapping - Mapped "{[/api/cqwork/cqdist/update]}" onto public com.ewaytek.edf.common.entity.R com.ewaytek.edf.web.modules.cqwork.controller.SocietydistlistController.update(com.ewaytek.edf.web.modules.cqwork.entity.SocietydistlistEntity)
2019-01-03 10:27:30.559 [restartedMain] INFO  o.s.w.s.m.m.a.RequestMappingHandlerMapping - Mapped "{[/api/cqwork/cqdist/list]}" onto public com.ewaytek.edf.common.entity.Page<com.ewaytek.edf.web.modules.cqwork.entity.SocietydistlistEntity> com.ewaytek.edf.web.modules.cqwork.controller.SocietydistlistController.list(java.util.Map<java.lang.String, java.lang.Object>)
2019-01-03 10:27:30.559 [restartedMain] INFO  o.s.w.s.m.m.a.RequestMappingHandlerMapping - Mapped "{[/api/cqwork/cqdist/save]}" onto public com.ewaytek.edf.common.entity.R com.ewaytek.edf.web.modules.cqwork.controller.SocietydistlistController.save(com.ewaytek.edf.web.modules.cqwork.entity.SocietydistlistEntity)
2019-01-03 10:27:30.560 [restartedMain] INFO  o.s.w.s.m.m.a.RequestMappingHandlerMapping - Mapped "{[/api/cqwork/cqdist/remove]}" onto public com.ewaytek.edf.common.entity.R com.ewaytek.edf.web.modules.cqwork.controller.SocietydistlistController.batchRemove(java.lang.Long[])
2019-01-03 10:27:30.560 [restartedMain] INFO  o.s.w.s.m.m.a.RequestMappingHandlerMapping - Mapped "{[/api/cqwork/cqdist/distlist]}" onto public java.util.Map<java.lang.String, java.lang.Object> com.ewaytek.edf.web.modules.cqwork.controller.SocietydistlistController.getSelectDistList(javax.servlet.http.HttpServletRequest)
2019-01-03 10:27:30.560 [restartedMain] INFO  o.s.w.s.m.m.a.RequestMappingHandlerMapping - Mapped "{[/api/cqwork/cqdist/info]}" onto public com.ewaytek.edf.common.entity.R com.ewaytek.edf.web.modules.cqwork.controller.SocietydistlistController.getById(java.lang.Long)
2019-01-03 10:27:30.563 [restartedMain] INFO  o.s.w.s.m.m.a.RequestMappingHandlerMapping - Mapped "{[/api/cqwork/update]}" onto public com.ewaytek.edf.common.entity.R com.ewaytek.edf.web.modules.cqwork.controller.WorkorderController.update(com.ewaytek.edf.web.modules.cqwork.entity.WorkorderEntity)
2019-01-03 10:27:30.563 [restartedMain] INFO  o.s.w.s.m.m.a.RequestMappingHandlerMapping - Mapped "{[/api/cqwork/list]}" onto public com.ewaytek.edf.common.entity.Page<com.ewaytek.edf.web.modules.cqwork.entity.WorkorderEntity> com.ewaytek.edf.web.modules.cqwork.controller.WorkorderController.list(java.util.Map<java.lang.String, java.lang.Object>)
2019-01-03 10:27:30.564 [restartedMain] INFO  o.s.w.s.m.m.a.RequestMappingHandlerMapping - Mapped "{[/api/cqwork/save]}" onto public com.ewaytek.edf.common.entity.R com.ewaytek.edf.web.modules.cqwork.controller.WorkorderController.save(com.ewaytek.edf.web.modules.cqwork.entity.WorkorderEntity)
2019-01-03 10:27:30.564 [restartedMain] INFO  o.s.w.s.m.m.a.RequestMappingHandlerMapping - Mapped "{[/api/cqwork/remove]}" onto public com.ewaytek.edf.common.entity.R com.ewaytek.edf.web.modules.cqwork.controller.WorkorderController.batchRemove(java.lang.Long[])
2019-01-03 10:27:30.564 [restartedMain] INFO  o.s.w.s.m.m.a.RequestMappingHandlerMapping - Mapped "{[/api/cqwork/expworkorder],methods=[GET]}" onto public void com.ewaytek.edf.web.modules.cqwork.controller.WorkorderController.exportWorkorderExcel(javax.servlet.http.HttpServletRequest,javax.servlet.http.HttpServletResponse) throws java.io.IOException
2019-01-03 10:27:30.564 [restartedMain] INFO  o.s.w.s.m.m.a.RequestMappingHandlerMapping - Mapped "{[/api/cqwork/info]}" onto public com.ewaytek.edf.common.entity.R com.ewaytek.edf.web.modules.cqwork.controller.WorkorderController.getById(java.lang.Long)
2019-01-03 10:27:30.564 [restartedMain] INFO  o.s.w.s.m.m.a.RequestMappingHandlerMapping - Mapped "{[/api/cqwork/gettokenstr]}" onto public java.util.Map<java.lang.String, java.lang.Object> com.ewaytek.edf.web.modules.cqwork.controller.WorkorderController.getUserToken(javax.servlet.http.HttpServletRequest)
2019-01-03 10:27:30.565 [restartedMain] INFO  o.s.w.s.m.m.a.RequestMappingHandlerMapping - Mapped "{[/api/cqwork/gettype]}" onto public java.util.Map<java.lang.String, java.lang.Object> com.ewaytek.edf.web.modules.cqwork.controller.WorkorderController.getDataType(java.lang.String)
2019-01-03 10:27:30.573 [restartedMain] INFO  o.s.w.s.m.m.a.RequestMappingHandlerMapping - Mapped "{[/api/cus/update]}" onto public com.ewaytek.edf.common.entity.R com.ewaytek.edf.web.modules.customer.controller.CustomerController.update(com.ewaytek.edf.web.modules.customer.entity.CustomerEntity)
2019-01-03 10:27:30.574 [restartedMain] INFO  o.s.w.s.m.m.a.RequestMappingHandlerMapping - Mapped "{[/api/cus/list]}" onto public com.ewaytek.edf.common.entity.Page<com.ewaytek.edf.web.modules.customer.entity.CustomerEntity> com.ewaytek.edf.web.modules.customer.controller.CustomerController.list(java.util.Map<java.lang.String, java.lang.Object>)
2019-01-03 10:27:30.577 [restartedMain] INFO  o.s.w.s.m.m.a.RequestMappingHandlerMapping - Mapped "{[/api/cus/save]}" onto public com.ewaytek.edf.common.entity.R com.ewaytek.edf.web.modules.customer.controller.CustomerController.save(com.ewaytek.edf.web.modules.customer.entity.CustomerEntity)
2019-01-03 10:27:30.578 [restartedMain] INFO  o.s.w.s.m.m.a.RequestMappingHandlerMapping - Mapped "{[/api/cus/remove]}" onto public com.ewaytek.edf.common.entity.R com.ewaytek.edf.web.modules.customer.controller.CustomerController.batchRemove(java.lang.Long[])
2019-01-03 10:27:30.579 [restartedMain] INFO  o.s.w.s.m.m.a.RequestMappingHandlerMapping - Mapped "{[/api/cus/info]}" onto public com.ewaytek.edf.common.entity.R com.ewaytek.edf.web.modules.customer.controller.CustomerController.getById(java.lang.Long)
2019-01-03 10:27:30.581 [restartedMain] INFO  o.s.w.s.m.m.a.RequestMappingHandlerMapping - Mapped "{[/api/sys/document/update]}" onto public com.ewaytek.edf.common.entity.R com.ewaytek.edf.web.modules.documents.controller.DocumentsController.update(com.ewaytek.edf.web.modules.documents.entity.DocumentsEntity)
2019-01-03 10:27:30.582 [restartedMain] INFO  o.s.w.s.m.m.a.RequestMappingHandlerMapping - Mapped "{[/api/sys/document/list]}" onto public com.ewaytek.edf.common.entity.Page<com.ewaytek.edf.web.modules.documents.entity.DocumentsEntity> com.ewaytek.edf.web.modules.documents.controller.DocumentsController.list(java.util.Map<java.lang.String, java.lang.Object>)
2019-01-03 10:27:30.583 [restartedMain] INFO  o.s.w.s.m.m.a.RequestMappingHandlerMapping - Mapped "{[/api/sys/document/save]}" onto public com.ewaytek.edf.common.entity.R com.ewaytek.edf.web.modules.documents.controller.DocumentsController.save(com.ewaytek.edf.web.modules.documents.entity.DocumentsEntity)
2019-01-03 10:27:30.583 [restartedMain] INFO  o.s.w.s.m.m.a.RequestMappingHandlerMapping - Mapped "{[/api/sys/document/remove]}" onto public com.ewaytek.edf.common.entity.R com.ewaytek.edf.web.modules.documents.controller.DocumentsController.batchRemove(java.lang.Long[])
2019-01-03 10:27:30.583 [restartedMain] INFO  o.s.w.s.m.m.a.RequestMappingHandlerMapping - Mapped "{[/api/sys/document/info]}" onto public com.ewaytek.edf.common.entity.R com.ewaytek.edf.web.modules.documents.controller.DocumentsController.getById(java.lang.Long)
2019-01-03 10:27:30.584 [restartedMain] INFO  o.s.w.s.m.m.a.RequestMappingHandlerMapping - Mapped "{[/api/sys/document/getdocType]}" onto public java.util.List<com.ewaytek.edf.web.modules.documents.entity.DocumentsEntity> com.ewaytek.edf.web.modules.documents.controller.DocumentsController.getdocType()
2019-01-03 10:27:30.592 [restartedMain] INFO  o.s.w.s.m.m.a.RequestMappingHandlerMapping - Mapped "{[/api/equip/update]}" onto public com.ewaytek.edf.common.entity.R com.ewaytek.edf.web.modules.equip.controller.EquipmentController.update(com.ewaytek.edf.web.modules.equip.entity.EquipmentEntity)
2019-01-03 10:27:30.592 [restartedMain] INFO  o.s.w.s.m.m.a.RequestMappingHandlerMapping - Mapped "{[/api/equip/list]}" onto public com.ewaytek.edf.common.entity.Page<com.ewaytek.edf.web.modules.equip.entity.EquipmentEntity> com.ewaytek.edf.web.modules.equip.controller.EquipmentController.list(java.util.Map<java.lang.String, java.lang.Object>)
2019-01-03 10:27:30.592 [restartedMain] INFO  o.s.w.s.m.m.a.RequestMappingHandlerMapping - Mapped "{[/api/equip/save]}" onto public com.ewaytek.edf.common.entity.R com.ewaytek.edf.web.modules.equip.controller.EquipmentController.save(com.ewaytek.edf.web.modules.equip.entity.EquipmentEntity)
2019-01-03 10:27:30.593 [restartedMain] INFO  o.s.w.s.m.m.a.RequestMappingHandlerMapping - Mapped "{[/api/equip/remove]}" onto public com.ewaytek.edf.common.entity.R com.ewaytek.edf.web.modules.equip.controller.EquipmentController.batchRemove(java.lang.Long[])
2019-01-03 10:27:30.593 [restartedMain] INFO  o.s.w.s.m.m.a.RequestMappingHandlerMapping - Mapped "{[/api/equip/info]}" onto public com.ewaytek.edf.common.entity.R com.ewaytek.edf.web.modules.equip.controller.EquipmentController.getById(java.lang.Long)
2019-01-03 10:27:30.593 [restartedMain] INFO  o.s.w.s.m.m.a.RequestMappingHandlerMapping - Mapped "{[/api/equip/gettype]}" onto public java.util.Map<java.lang.String, java.lang.Object> com.ewaytek.edf.web.modules.equip.controller.EquipmentController.getDataType(java.lang.String)
2019-01-03 10:27:30.593 [restartedMain] INFO  o.s.w.s.m.m.a.RequestMappingHandlerMapping - Mapped "{[/api/equip/equ_out]}" onto public com.ewaytek.edf.common.entity.R com.ewaytek.edf.web.modules.equip.controller.EquipmentController.equOut(com.ewaytek.edf.web.modules.equip.entity.EquipmentEntity)
2019-01-03 10:27:30.594 [restartedMain] INFO  o.s.w.s.m.m.a.RequestMappingHandlerMapping - Mapped "{[/api/equip/getequcount]}" onto public java.util.Map<java.lang.String, java.lang.Object> com.ewaytek.edf.web.modules.equip.controller.EquipmentController.getEquCount(java.lang.Long)
2019-01-03 10:27:30.595 [restartedMain] INFO  o.s.w.s.m.m.a.RequestMappingHandlerMapping - Mapped "{[/api/equip/getcustomers]}" onto public java.util.Map<java.lang.String, java.lang.Object> com.ewaytek.edf.web.modules.equip.controller.EquipmentController.getSelectEquject()
2019-01-03 10:27:30.595 [restartedMain] INFO  o.s.w.s.m.m.a.RequestMappingHandlerMapping - Mapped "{[/api/equip/recordlist]}" onto public com.ewaytek.edf.common.entity.Page<com.ewaytek.edf.web.modules.equip.entity.EquipmentRecordEntity> com.ewaytek.edf.web.modules.equip.controller.EquipmentController.recordlist(java.util.Map<java.lang.String, java.lang.Object>)
2019-01-03 10:27:30.599 [restartedMain] INFO  o.s.w.s.m.m.a.RequestMappingHandlerMapping - Mapped "{[/api/equ_bor/update]}" onto public com.ewaytek.edf.common.entity.R com.ewaytek.edf.web.modules.equip_bor.controller.EquipmentBorrowController.update(com.ewaytek.edf.web.modules.equip_bor.entity.EquipmentBorrowEntity)
2019-01-03 10:27:30.599 [restartedMain] INFO  o.s.w.s.m.m.a.RequestMappingHandlerMapping - Mapped "{[/api/equ_bor/list]}" onto public com.ewaytek.edf.common.entity.Page<com.ewaytek.edf.web.modules.equip_bor.entity.EquipmentBorrowEntity> com.ewaytek.edf.web.modules.equip_bor.controller.EquipmentBorrowController.list(java.util.Map<java.lang.String, java.lang.Object>)
2019-01-03 10:27:30.600 [restartedMain] INFO  o.s.w.s.m.m.a.RequestMappingHandlerMapping - Mapped "{[/api/equ_bor/save]}" onto public com.ewaytek.edf.common.entity.R com.ewaytek.edf.web.modules.equip_bor.controller.EquipmentBorrowController.save(com.ewaytek.edf.web.modules.equip_bor.entity.EquipmentBorrowEntity)
2019-01-03 10:27:30.600 [restartedMain] INFO  o.s.w.s.m.m.a.RequestMappingHandlerMapping - Mapped "{[/api/equ_bor/remove]}" onto public com.ewaytek.edf.common.entity.R com.ewaytek.edf.web.modules.equip_bor.controller.EquipmentBorrowController.batchRemove(java.lang.Long[])
2019-01-03 10:27:30.600 [restartedMain] INFO  o.s.w.s.m.m.a.RequestMappingHandlerMapping - Mapped "{[/api/equ_bor/getuserlist]}" onto public java.util.Map<java.lang.String, java.lang.Object> com.ewaytek.edf.web.modules.equip_bor.controller.EquipmentBorrowController.getSelectUserject()
2019-01-03 10:27:30.600 [restartedMain] INFO  o.s.w.s.m.m.a.RequestMappingHandlerMapping - Mapped "{[/api/equ_bor/info]}" onto public com.ewaytek.edf.common.entity.R com.ewaytek.edf.web.modules.equip_bor.controller.EquipmentBorrowController.getById(java.lang.Long)
2019-01-03 10:27:30.600 [restartedMain] INFO  o.s.w.s.m.m.a.RequestMappingHandlerMapping - Mapped "{[/api/equ_bor/getequlist]}" onto public java.util.Map<java.lang.String, java.lang.Object> com.ewaytek.edf.web.modules.equip_bor.controller.EquipmentBorrowController.getSelectEquject()
2019-01-03 10:27:30.600 [restartedMain] INFO  o.s.w.s.m.m.a.RequestMappingHandlerMapping - Mapped "{[/api/equ_bor/getprolist]}" onto public java.util.Map<java.lang.String, java.lang.Object> com.ewaytek.edf.web.modules.equip_bor.controller.EquipmentBorrowController.getSelectProject()
2019-01-03 10:27:30.600 [restartedMain] INFO  o.s.w.s.m.m.a.RequestMappingHandlerMapping - Mapped "{[/api/equ_bor/equ_ret]}" onto public com.ewaytek.edf.common.entity.R com.ewaytek.edf.web.modules.equip_bor.controller.EquipmentBorrowController.equRet(com.ewaytek.edf.web.modules.equip_bor.entity.EquipmentBorrowEntity)
2019-01-03 10:27:30.601 [restartedMain] INFO  o.s.w.s.m.m.a.RequestMappingHandlerMapping - Mapped "{[/api/equ_bor/getloginuserid]}" onto public java.util.Map<java.lang.String, java.lang.Object> com.ewaytek.edf.web.modules.equip_bor.controller.EquipmentBorrowController.getLoginUserId()
2019-01-03 10:27:30.601 [restartedMain] INFO  o.s.w.s.m.m.a.RequestMappingHandlerMapping - Mapped "{[/api/equ_bor/getequinfo]}" onto public java.util.Map<java.lang.String, java.lang.Object> com.ewaytek.edf.web.modules.equip_bor.controller.EquipmentBorrowController.getEquInfo(java.lang.Long)
2019-01-03 10:27:30.604 [restartedMain] INFO  o.s.w.s.m.m.a.RequestMappingHandlerMapping - Mapped "{[/api/exAccount/update]}" onto public com.ewaytek.edf.common.entity.R com.ewaytek.edf.web.modules.exAccount.controller.ExpenseAccountController.update(com.ewaytek.edf.web.modules.exAccount.entity.ExpenseAccountEntity)
2019-01-03 10:27:30.604 [restartedMain] INFO  o.s.w.s.m.m.a.RequestMappingHandlerMapping - Mapped "{[/api/exAccount/list]}" onto public com.ewaytek.edf.common.entity.Page<com.ewaytek.edf.web.modules.exAccount.entity.ExpenseAccountEntity> com.ewaytek.edf.web.modules.exAccount.controller.ExpenseAccountController.list(java.util.Map<java.lang.String, java.lang.Object>)
2019-01-03 10:27:30.605 [restartedMain] INFO  o.s.w.s.m.m.a.RequestMappingHandlerMapping - Mapped "{[/api/exAccount/save]}" onto public com.ewaytek.edf.common.entity.R com.ewaytek.edf.web.modules.exAccount.controller.ExpenseAccountController.save(com.ewaytek.edf.web.modules.exAccount.entity.ExpenseAccountEntity)
2019-01-03 10:27:30.605 [restartedMain] INFO  o.s.w.s.m.m.a.RequestMappingHandlerMapping - Mapped "{[/api/exAccount/remove]}" onto public com.ewaytek.edf.common.entity.R com.ewaytek.edf.web.modules.exAccount.controller.ExpenseAccountController.batchRemove(java.lang.Long[])
2019-01-03 10:27:30.605 [restartedMain] INFO  o.s.w.s.m.m.a.RequestMappingHandlerMapping - Mapped "{[/api/exAccount/getOptions]}" onto public java.util.Map<java.lang.String, java.lang.Object> com.ewaytek.edf.web.modules.exAccount.controller.ExpenseAccountController.getOptions(java.lang.String)
2019-01-03 10:27:30.605 [restartedMain] INFO  o.s.w.s.m.m.a.RequestMappingHandlerMapping - Mapped "{[/api/exAccount/saveAccountAndDetailed]}" onto public com.ewaytek.edf.common.entity.R com.ewaytek.edf.web.modules.exAccount.controller.ExpenseAccountController.saveAccountAndDetailed(java.lang.String,int)
2019-01-03 10:27:30.605 [restartedMain] INFO  o.s.w.s.m.m.a.RequestMappingHandlerMapping - Mapped "{[/api/exAccount/listAccountAndDetailed]}" onto public com.ewaytek.edf.common.entity.R com.ewaytek.edf.web.modules.exAccount.controller.ExpenseAccountController.listAccountAndDetailed(java.lang.Long)
2019-01-03 10:27:30.606 [restartedMain] INFO  o.s.w.s.m.m.a.RequestMappingHandlerMapping - Mapped "{[/api/exAccount/info]}" onto public com.ewaytek.edf.common.entity.R com.ewaytek.edf.web.modules.exAccount.controller.ExpenseAccountController.getById(java.lang.Long)
2019-01-03 10:27:30.606 [restartedMain] INFO  o.s.w.s.m.m.a.RequestMappingHandlerMapping - Mapped "{[/api/exAccount/getDeptName]}" onto public com.ewaytek.edf.common.entity.R com.ewaytek.edf.web.modules.exAccount.controller.ExpenseAccountController.getDeptName()
2019-01-03 10:27:30.606 [restartedMain] INFO  o.s.w.s.m.m.a.RequestMappingHandlerMapping - Mapped "{[/api/exAccount/updateStateCheck]}" onto public com.ewaytek.edf.common.entity.R com.ewaytek.edf.web.modules.exAccount.controller.ExpenseAccountController.updateCheckMoney(java.lang.String,java.lang.String)
2019-01-03 10:27:30.606 [restartedMain] INFO  o.s.w.s.m.m.a.RequestMappingHandlerMapping - Mapped "{[/api/exAccount/allList]}" onto public com.ewaytek.edf.common.entity.Page<com.ewaytek.edf.web.modules.exAccount.entity.ExpenseAccountEntity> com.ewaytek.edf.web.modules.exAccount.controller.ExpenseAccountController.allList(java.util.Map<java.lang.String, java.lang.Object>)
2019-01-03 10:27:30.606 [restartedMain] INFO  o.s.w.s.m.m.a.RequestMappingHandlerMapping - Mapped "{[/api/exAccount/getPro]}" onto public java.util.Map<java.lang.String, java.lang.Object> com.ewaytek.edf.web.modules.exAccount.controller.ExpenseAccountController.getPro()
2019-01-03 10:27:30.607 [restartedMain] INFO  o.s.w.s.m.m.a.RequestMappingHandlerMapping - Mapped "{[/api/exAccount/updateState]}" onto public com.ewaytek.edf.common.entity.R com.ewaytek.edf.web.modules.exAccount.controller.ExpenseAccountController.updateState(java.lang.Long,java.lang.String)
2019-01-03 10:27:30.607 [restartedMain] INFO  o.s.w.s.m.m.a.RequestMappingHandlerMapping - Mapped "{[/api/exAccount/checkPerson]}" onto public com.ewaytek.edf.common.entity.R com.ewaytek.edf.web.modules.exAccount.controller.ExpenseAccountController.checkPerson()
2019-01-03 10:27:30.607 [restartedMain] INFO  o.s.w.s.m.m.a.RequestMappingHandlerMapping - Mapped "{[/api/sys/reports/query/{reportName}]}" onto public org.springframework.web.servlet.ModelAndView com.ewaytek.edf.web.modules.exAccount.controller.JasperController.query(org.springframework.ui.ModelMap,java.lang.String,java.lang.String,org.springframework.web.servlet.ModelAndView)
2019-01-03 10:27:30.608 [restartedMain] INFO  o.s.w.s.m.m.a.RequestMappingHandlerMapping - Mapped "{[/api/sys/reports/{reportName}]}" onto public org.springframework.web.servlet.ModelAndView com.ewaytek.edf.web.modules.exAccount.controller.JasperController.reportName(org.springframework.ui.ModelMap,java.lang.String,java.lang.String)
2019-01-03 10:27:30.609 [restartedMain] INFO  o.s.w.s.m.m.a.RequestMappingHandlerMapping - Mapped "{[/api/expenseRoutine/update]}" onto public com.ewaytek.edf.common.entity.R com.ewaytek.edf.web.modules.expense.expenseRountine.controller.ExpenseRoutineController.update(com.ewaytek.edf.web.modules.expense.expenseRountine.entity.ExpenseRoutineEntity)
2019-01-03 10:27:30.609 [restartedMain] INFO  o.s.w.s.m.m.a.RequestMappingHandlerMapping - Mapped "{[/api/expenseRoutine/list]}" onto public com.ewaytek.edf.common.entity.Page<com.ewaytek.edf.web.modules.expense.expenseRountine.entity.ExpenseRoutineEntity> com.ewaytek.edf.web.modules.expense.expenseRountine.controller.ExpenseRoutineController.list(java.util.Map<java.lang.String, java.lang.Object>)
2019-01-03 10:27:30.612 [restartedMain] INFO  o.s.w.s.m.m.a.RequestMappingHandlerMapping - Mapped "{[/api/expenseRoutine/save]}" onto public com.ewaytek.edf.common.entity.R com.ewaytek.edf.web.modules.expense.expenseRountine.controller.ExpenseRoutineController.save(com.ewaytek.edf.web.modules.expense.expenseRountine.entity.ExpenseRoutineEntity)
2019-01-03 10:27:30.613 [restartedMain] INFO  o.s.w.s.m.m.a.RequestMappingHandlerMapping - Mapped "{[/api/expenseRoutine/removeOne]}" onto public com.ewaytek.edf.common.entity.R com.ewaytek.edf.web.modules.expense.expenseRountine.controller.ExpenseRoutineController.batchRemove(java.lang.Long)
2019-01-03 10:27:30.613 [restartedMain] INFO  o.s.w.s.m.m.a.RequestMappingHandlerMapping - Mapped "{[/api/expenseRoutine/info]}" onto public com.ewaytek.edf.common.entity.R com.ewaytek.edf.web.modules.expense.expenseRountine.controller.ExpenseRoutineController.getById(java.lang.Long)
2019-01-03 10:27:30.615 [restartedMain] INFO  o.s.w.s.m.m.a.RequestMappingHandlerMapping - Mapped "{[/api/expenseTraffic/update]}" onto public com.ewaytek.edf.common.entity.R com.ewaytek.edf.web.modules.expense.expenseTraffic.controller.ExpenseTrafficController.update(com.ewaytek.edf.web.modules.expense.expenseTraffic.entity.ExpenseTrafficEntity)
2019-01-03 10:27:30.615 [restartedMain] INFO  o.s.w.s.m.m.a.RequestMappingHandlerMapping - Mapped "{[/api/expenseTraffic/deleteOne]}" onto public com.ewaytek.edf.common.entity.R com.ewaytek.edf.web.modules.expense.expenseTraffic.controller.ExpenseTrafficController.delete(java.lang.String)
2019-01-03 10:27:30.616 [restartedMain] INFO  o.s.w.s.m.m.a.RequestMappingHandlerMapping - Mapped "{[/api/expenseTraffic/list]}" onto public com.ewaytek.edf.common.entity.Page<com.ewaytek.edf.web.modules.expense.expenseTraffic.entity.ExpenseTrafficEntity> com.ewaytek.edf.web.modules.expense.expenseTraffic.controller.ExpenseTrafficController.list(java.util.Map<java.lang.String, java.lang.Object>)
2019-01-03 10:27:30.616 [restartedMain] INFO  o.s.w.s.m.m.a.RequestMappingHandlerMapping - Mapped "{[/api/expenseTraffic/save]}" onto public com.ewaytek.edf.common.entity.R com.ewaytek.edf.web.modules.expense.expenseTraffic.controller.ExpenseTrafficController.save(com.ewaytek.edf.web.modules.expense.expenseTraffic.entity.ExpenseTrafficEntity)
2019-01-03 10:27:30.616 [restartedMain] INFO  o.s.w.s.m.m.a.RequestMappingHandlerMapping - Mapped "{[/api/expenseTraffic/remove]}" onto public com.ewaytek.edf.common.entity.R com.ewaytek.edf.web.modules.expense.expenseTraffic.controller.ExpenseTrafficController.batchRemove(java.lang.String)
2019-01-03 10:27:30.616 [restartedMain] INFO  o.s.w.s.m.m.a.RequestMappingHandlerMapping - Mapped "{[/api/expenseTraffic/info]}" onto public com.ewaytek.edf.common.entity.R com.ewaytek.edf.web.modules.expense.expenseTraffic.controller.ExpenseTrafficController.getById(java.lang.Long)
2019-01-03 10:27:30.627 [restartedMain] INFO  o.s.w.s.m.m.a.RequestMappingHandlerMapping - Mapped "{[/api/timesheet/update]}" onto public com.ewaytek.edf.common.entity.R com.ewaytek.edf.web.modules.filltimesheet.controller.TimesheetController.update(com.ewaytek.edf.web.modules.filltimesheet.entity.TimesheetEntity)
2019-01-03 10:27:30.628 [restartedMain] INFO  o.s.w.s.m.m.a.RequestMappingHandlerMapping - Mapped "{[/api/timesheet/list]}" onto public com.ewaytek.edf.common.entity.Page<com.ewaytek.edf.web.modules.filltimesheet.entity.TimesheetEntity> com.ewaytek.edf.web.modules.filltimesheet.controller.TimesheetController.list(java.util.Map<java.lang.String, java.lang.Object>)
2019-01-03 10:27:30.628 [restartedMain] INFO  o.s.w.s.m.m.a.RequestMappingHandlerMapping - Mapped "{[/api/timesheet/save]}" onto public com.ewaytek.edf.common.entity.R com.ewaytek.edf.web.modules.filltimesheet.controller.TimesheetController.save(com.ewaytek.edf.web.modules.filltimesheet.entity.TimesheetEntity)
2019-01-03 10:27:30.629 [restartedMain] INFO  o.s.w.s.m.m.a.RequestMappingHandlerMapping - Mapped "{[/api/timesheet/remove]}" onto public com.ewaytek.edf.common.entity.R com.ewaytek.edf.web.modules.filltimesheet.controller.TimesheetController.batchRemove(java.lang.Long[])
2019-01-03 10:27:30.629 [restartedMain] INFO  o.s.w.s.m.m.a.RequestMappingHandlerMapping - Mapped "{[/api/timesheet/saveTimeSheets]}" onto public void com.ewaytek.edf.web.modules.filltimesheet.controller.TimesheetController.saveOrUpdateTimeSheets(com.alibaba.fastjson.JSONArray)
2019-01-03 10:27:30.630 [restartedMain] INFO  o.s.w.s.m.m.a.RequestMappingHandlerMapping - Mapped "{[/api/timesheet/timesheetinsertlist]}" onto public java.util.Map<java.lang.String, java.lang.Object> com.ewaytek.edf.web.modules.filltimesheet.controller.TimesheetController.timesheetInsertList(java.util.Map<java.lang.String, java.lang.Object>)
2019-01-03 10:27:30.633 [restartedMain] INFO  o.s.w.s.m.m.a.RequestMappingHandlerMapping - Mapped "{[/api/timesheet/approvelist]}" onto public java.util.Map<java.lang.String, java.lang.Object> com.ewaytek.edf.web.modules.filltimesheet.controller.TimesheetController.timesheetApproveList(java.util.Map<java.lang.String, java.lang.Object>)
2019-01-03 10:27:30.634 [restartedMain] INFO  o.s.w.s.m.m.a.RequestMappingHandlerMapping - Mapped "{[/api/timesheet/info]}" onto public com.ewaytek.edf.common.entity.R com.ewaytek.edf.web.modules.filltimesheet.controller.TimesheetController.getById(java.lang.Long)
2019-01-03 10:27:30.634 [restartedMain] INFO  o.s.w.s.m.m.a.RequestMappingHandlerMapping - Mapped "{[/api/timesheet/loadData]}" onto public com.alibaba.fastjson.JSONObject com.ewaytek.edf.web.modules.filltimesheet.controller.TimesheetController.loadData(java.lang.String,java.lang.String)
2019-01-03 10:27:30.634 [restartedMain] INFO  o.s.w.s.m.m.a.RequestMappingHandlerMapping - Mapped "{[/api/timesheet/timesheetsearch]}" onto public java.util.Map<java.lang.String, java.lang.Object> com.ewaytek.edf.web.modules.filltimesheet.controller.TimesheetController.timesheetSearch(java.util.Map<java.lang.String, java.lang.Object>)
2019-01-03 10:27:30.635 [restartedMain] INFO  o.s.w.s.m.m.a.RequestMappingHandlerMapping - Mapped "{[/api/timesheet/timesheetinsert]}" onto public java.util.Map<java.lang.String, java.lang.Object> com.ewaytek.edf.web.modules.filltimesheet.controller.TimesheetController.timesheetInsert(java.util.Map<java.lang.String, java.lang.Object>)
2019-01-03 10:27:30.636 [restartedMain] INFO  o.s.w.s.m.m.a.RequestMappingHandlerMapping - Mapped "{[/api/timesheet/timesheetsave]}" onto public java.util.Map<java.lang.String, java.lang.Object> com.ewaytek.edf.web.modules.filltimesheet.controller.TimesheetController.timesheetSave(java.util.Map<java.lang.String, java.lang.Object>)
2019-01-03 10:27:30.636 [restartedMain] INFO  o.s.w.s.m.m.a.RequestMappingHandlerMapping - Mapped "{[/api/timesheet/approve]}" onto public java.util.Map<java.lang.String, java.lang.Object> com.ewaytek.edf.web.modules.filltimesheet.controller.TimesheetController.timesheetApprove(java.util.Map<java.lang.String, java.lang.Object>)
2019-01-03 10:27:30.637 [restartedMain] INFO  o.s.w.s.m.m.a.RequestMappingHandlerMapping - Mapped "{[/api/tsweek/update]}" onto public com.ewaytek.edf.common.entity.R com.ewaytek.edf.web.modules.filltimesheet.controller.TsweekController.update(com.ewaytek.edf.web.modules.filltimesheet.entity.TsweekEntity)
2019-01-03 10:27:30.638 [restartedMain] INFO  o.s.w.s.m.m.a.RequestMappingHandlerMapping - Mapped "{[/api/tsweek/list]}" onto public com.ewaytek.edf.common.entity.Page<com.ewaytek.edf.web.modules.filltimesheet.entity.TsweekEntity> com.ewaytek.edf.web.modules.filltimesheet.controller.TsweekController.list(java.util.Map<java.lang.String, java.lang.Object>)
2019-01-03 10:27:30.638 [restartedMain] INFO  o.s.w.s.m.m.a.RequestMappingHandlerMapping - Mapped "{[/api/tsweek/save]}" onto public com.ewaytek.edf.common.entity.R com.ewaytek.edf.web.modules.filltimesheet.controller.TsweekController.save(com.ewaytek.edf.web.modules.filltimesheet.entity.TsweekEntity)
2019-01-03 10:27:30.638 [restartedMain] INFO  o.s.w.s.m.m.a.RequestMappingHandlerMapping - Mapped "{[/api/tsweek/remove]}" onto public com.ewaytek.edf.common.entity.R com.ewaytek.edf.web.modules.filltimesheet.controller.TsweekController.batchRemove(java.lang.Long[])
2019-01-03 10:27:30.638 [restartedMain] INFO  o.s.w.s.m.m.a.RequestMappingHandlerMapping - Mapped "{[/api/tsweek/getWeek]}" onto public com.ewaytek.edf.web.modules.filltimesheet.entity.TsweekEntity com.ewaytek.edf.web.modules.filltimesheet.controller.TsweekController.getWeek(java.lang.String,boolean)
2019-01-03 10:27:30.639 [restartedMain] INFO  o.s.w.s.m.m.a.RequestMappingHandlerMapping - Mapped "{[/api/tsweek/info]}" onto public com.ewaytek.edf.common.entity.R com.ewaytek.edf.web.modules.filltimesheet.controller.TsweekController.getById(java.lang.Long)
2019-01-03 10:27:30.639 [restartedMain] INFO  o.s.w.s.m.m.a.RequestMappingHandlerMapping - Mapped "{[/api/tsweek/getCurrentWeek]}" onto public com.ewaytek.edf.web.modules.filltimesheet.entity.TsweekEntity com.ewaytek.edf.web.modules.filltimesheet.controller.TsweekController.getCurrentWeek()
2019-01-03 10:27:30.640 [restartedMain] INFO  o.s.w.s.m.m.a.RequestMappingHandlerMapping - Mapped "{[/api/weektimesheet/update]}" onto public com.ewaytek.edf.common.entity.R com.ewaytek.edf.web.modules.filltimesheet.controller.WeekTimesheetController.update(com.ewaytek.edf.web.modules.filltimesheet.entity.WeekTimesheetEntity)
2019-01-03 10:27:30.640 [restartedMain] INFO  o.s.w.s.m.m.a.RequestMappingHandlerMapping - Mapped "{[/api/weektimesheet/list]}" onto public com.ewaytek.edf.common.entity.Page<com.ewaytek.edf.web.modules.filltimesheet.entity.WeekTimesheetEntity> com.ewaytek.edf.web.modules.filltimesheet.controller.WeekTimesheetController.list(java.util.Map<java.lang.String, java.lang.Object>)
2019-01-03 10:27:30.641 [restartedMain] INFO  o.s.w.s.m.m.a.RequestMappingHandlerMapping - Mapped "{[/api/weektimesheet/save]}" onto public com.ewaytek.edf.common.entity.R com.ewaytek.edf.web.modules.filltimesheet.controller.WeekTimesheetController.save(com.ewaytek.edf.web.modules.filltimesheet.entity.WeekTimesheetEntity)
2019-01-03 10:27:30.641 [restartedMain] INFO  o.s.w.s.m.m.a.RequestMappingHandlerMapping - Mapped "{[/api/weektimesheet/remove]}" onto public com.ewaytek.edf.common.entity.R com.ewaytek.edf.web.modules.filltimesheet.controller.WeekTimesheetController.batchRemove(java.lang.Long[])
2019-01-03 10:27:30.641 [restartedMain] INFO  o.s.w.s.m.m.a.RequestMappingHandlerMapping - Mapped "{[/api/weektimesheet/info]}" onto public com.ewaytek.edf.common.entity.R com.ewaytek.edf.web.modules.filltimesheet.controller.WeekTimesheetController.getById(java.lang.Long)
2019-01-03 10:27:30.643 [restartedMain] INFO  o.s.w.s.m.m.a.RequestMappingHandlerMapping - Mapped "{[/api/sys/objective/update]}" onto public com.ewaytek.edf.common.entity.R com.ewaytek.edf.web.modules.okr.controller.ObjectiveController.update(com.ewaytek.edf.web.modules.okr.entity.ObjectiveEntity)
2019-01-03 10:27:30.643 [restartedMain] INFO  o.s.w.s.m.m.a.RequestMappingHandlerMapping - Mapped "{[/api/sys/objective/list]}" onto public com.ewaytek.edf.common.entity.Page<com.ewaytek.edf.web.modules.okr.entity.ObjectiveEntity> com.ewaytek.edf.web.modules.okr.controller.ObjectiveController.list(java.util.Map<java.lang.String, java.lang.Object>)
2019-01-03 10:27:30.643 [restartedMain] INFO  o.s.w.s.m.m.a.RequestMappingHandlerMapping - Mapped "{[/api/sys/objective/save]}" onto public com.ewaytek.edf.common.entity.R com.ewaytek.edf.web.modules.okr.controller.ObjectiveController.save(com.ewaytek.edf.web.modules.okr.entity.ObjectiveEntity)
2019-01-03 10:27:30.643 [restartedMain] INFO  o.s.w.s.m.m.a.RequestMappingHandlerMapping - Mapped "{[/api/sys/objective/remove]}" onto public com.ewaytek.edf.common.entity.R com.ewaytek.edf.web.modules.okr.controller.ObjectiveController.batchRemove(java.lang.Long[])
2019-01-03 10:27:30.644 [restartedMain] INFO  o.s.w.s.m.m.a.RequestMappingHandlerMapping - Mapped "{[/api/sys/objective/info]}" onto public com.ewaytek.edf.common.entity.R com.ewaytek.edf.web.modules.okr.controller.ObjectiveController.getById(java.lang.Long)
2019-01-03 10:27:30.644 [restartedMain] INFO  o.s.w.s.m.m.a.RequestMappingHandlerMapping - Mapped "{[/api/sys/objective/listDepartOKR]}" onto public com.ewaytek.edf.common.entity.R com.ewaytek.edf.web.modules.okr.controller.ObjectiveController.listDepartOKR(java.lang.Long)
2019-01-03 10:27:30.644 [restartedMain] INFO  o.s.w.s.m.m.a.RequestMappingHandlerMapping - Mapped "{[/api/sys/objective/listUserOKR]}" onto public com.ewaytek.edf.common.entity.R com.ewaytek.edf.web.modules.okr.controller.ObjectiveController.listUserOKR(java.lang.Long)
2019-01-03 10:27:30.647 [restartedMain] INFO  o.s.w.s.m.m.a.RequestMappingHandlerMapping - Mapped "{[/api/sys/projectkr/update]}" onto public com.ewaytek.edf.common.entity.R com.ewaytek.edf.web.modules.okrResult.controller.ProjectKrController.update(com.ewaytek.edf.web.modules.okrResult.entity.ProjectKrEntity)
2019-01-03 10:27:30.648 [restartedMain] INFO  o.s.w.s.m.m.a.RequestMappingHandlerMapping - Mapped "{[/api/sys/projectkr/list]}" onto public com.ewaytek.edf.common.entity.Page<com.ewaytek.edf.web.modules.okrResult.entity.ProjectKrEntity> com.ewaytek.edf.web.modules.okrResult.controller.ProjectKrController.list(java.util.Map<java.lang.String, java.lang.Object>)
2019-01-03 10:27:30.648 [restartedMain] INFO  o.s.w.s.m.m.a.RequestMappingHandlerMapping - Mapped "{[/api/sys/projectkr/save]}" onto public com.ewaytek.edf.common.entity.R com.ewaytek.edf.web.modules.okrResult.controller.ProjectKrController.save(com.ewaytek.edf.web.modules.okrResult.entity.ProjectKrEntity)
2019-01-03 10:27:30.648 [restartedMain] INFO  o.s.w.s.m.m.a.RequestMappingHandlerMapping - Mapped "{[/api/sys/projectkr/remove]}" onto public com.ewaytek.edf.common.entity.R com.ewaytek.edf.web.modules.okrResult.controller.ProjectKrController.batchRemove(java.lang.Long[])
2019-01-03 10:27:30.648 [restartedMain] INFO  o.s.w.s.m.m.a.RequestMappingHandlerMapping - Mapped "{[/api/sys/projectkr/listDepartOKRResult]}" onto public com.ewaytek.edf.common.entity.R com.ewaytek.edf.web.modules.okrResult.controller.ProjectKrController.listDepartOKRResult(java.lang.Long)
2019-01-03 10:27:30.648 [restartedMain] INFO  o.s.w.s.m.m.a.RequestMappingHandlerMapping - Mapped "{[/api/sys/projectkr/listUserOKRResult]}" onto public com.ewaytek.edf.common.entity.R com.ewaytek.edf.web.modules.okrResult.controller.ProjectKrController.listUserOKRResult(java.lang.Long)
2019-01-03 10:27:30.648 [restartedMain] INFO  o.s.w.s.m.m.a.RequestMappingHandlerMapping - Mapped "{[/api/sys/projectkr/info]}" onto public com.ewaytek.edf.common.entity.R com.ewaytek.edf.web.modules.okrResult.controller.ProjectKrController.getById(java.lang.Long)
2019-01-03 10:27:30.661 [restartedMain] INFO  o.s.w.s.m.m.a.RequestMappingHandlerMapping - Mapped "{[/api/sys/projectkr/listDepart]}" onto public com.ewaytek.edf.common.entity.R com.ewaytek.edf.web.modules.okrResult.controller.ProjectKrController.listDepartOKR(java.util.Map<java.lang.String, java.lang.Object>)
2019-01-03 10:27:30.661 [restartedMain] INFO  o.s.w.s.m.m.a.RequestMappingHandlerMapping - Mapped "{[/api/sys/projectkr/listByNum]}" onto public com.ewaytek.edf.common.entity.Page<com.ewaytek.edf.web.modules.okrResult.entity.ProjectKrEntity> com.ewaytek.edf.web.modules.okrResult.controller.ProjectKrController.listByNum(java.util.Map<java.lang.String, java.lang.Object>)
2019-01-03 10:27:30.662 [restartedMain] INFO  o.s.w.s.m.m.a.RequestMappingHandlerMapping - Mapped "{[/api/sys/projectkr/myPerOkr]}" onto public com.ewaytek.edf.common.entity.Page<com.ewaytek.edf.web.modules.okrResult.entity.ProjectKrEntity> com.ewaytek.edf.web.modules.okrResult.controller.ProjectKrController.myPerOkr(java.util.Map<java.lang.String, java.lang.Object>)
2019-01-03 10:27:30.662 [restartedMain] INFO  o.s.w.s.m.m.a.RequestMappingHandlerMapping - Mapped "{[/api/sys/projectkr/myDepOkr]}" onto public com.ewaytek.edf.common.entity.Page<com.ewaytek.edf.web.modules.okrResult.entity.ProjectKrEntity> com.ewaytek.edf.web.modules.okrResult.controller.ProjectKrController.myDepOkr(java.util.Map<java.lang.String, java.lang.Object>)
2019-01-03 10:27:30.662 [restartedMain] INFO  o.s.w.s.m.m.a.RequestMappingHandlerMapping - Mapped "{[/api/sys/projectkr/myProOkr]}" onto public com.ewaytek.edf.common.entity.Page<com.ewaytek.edf.web.modules.okrResult.entity.ProjectKrEntity> com.ewaytek.edf.web.modules.okrResult.controller.ProjectKrController.myProOkr(java.util.Map<java.lang.String, java.lang.Object>)
2019-01-03 10:27:30.662 [restartedMain] INFO  o.s.w.s.m.m.a.RequestMappingHandlerMapping - Mapped "{[/api/sys/projectkr/perinfo]}" onto public java.util.Map<java.lang.String, java.lang.Object> com.ewaytek.edf.web.modules.okrResult.controller.ProjectKrController.perinfo(int,int)
2019-01-03 10:27:30.663 [restartedMain] INFO  o.s.w.s.m.m.a.RequestMappingHandlerMapping - Mapped "{[/api/sys/projectkr/depinfo]}" onto public java.util.Map<java.lang.String, java.lang.Object> com.ewaytek.edf.web.modules.okrResult.controller.ProjectKrController.depinfo(int,int)
2019-01-03 10:27:30.663 [restartedMain] INFO  o.s.w.s.m.m.a.RequestMappingHandlerMapping - Mapped "{[/api/sys/projectkr/proinfo]}" onto public java.util.Map<java.lang.String, java.lang.Object> com.ewaytek.edf.web.modules.okrResult.controller.ProjectKrController.proinfo(java.lang.String)
2019-01-03 10:27:30.663 [restartedMain] INFO  o.s.w.s.m.m.a.RequestMappingHandlerMapping - Mapped "{[/api/sys/projectkr/getUserDep]}" onto public com.ewaytek.edf.web.modules.sys.entity.SysDepartmentEntity com.ewaytek.edf.web.modules.okrResult.controller.ProjectKrController.getUserDep()
2019-01-03 10:27:30.663 [restartedMain] INFO  o.s.w.s.m.m.a.RequestMappingHandlerMapping - Mapped "{[/api/sys/projectkr/listProjectOkr]}" onto public java.util.List<com.ewaytek.edf.web.modules.pro.entity.ProjectEntity> com.ewaytek.edf.web.modules.okrResult.controller.ProjectKrController.listProjectOkr()
2019-01-03 10:27:30.663 [restartedMain] INFO  o.s.w.s.m.m.a.RequestMappingHandlerMapping - Mapped "{[/api/sys/projectkr/listPerjectOkr]}" onto public java.util.List<com.ewaytek.edf.web.modules.okr.entity.ObjectiveEntity> com.ewaytek.edf.web.modules.okrResult.controller.ProjectKrController.listPerjectOkr(int,int)
2019-01-03 10:27:30.664 [restartedMain] INFO  o.s.w.s.m.m.a.RequestMappingHandlerMapping - Mapped "{[/api/sys/projectkr/myPerOkrT]}" onto public com.ewaytek.edf.common.entity.Page<com.ewaytek.edf.web.modules.okrResult.entity.ProjectKrEntity> com.ewaytek.edf.web.modules.okrResult.controller.ProjectKrController.myPerOkrT(java.util.Map<java.lang.String, java.lang.Object>)
2019-01-03 10:27:30.664 [restartedMain] INFO  o.s.w.s.m.m.a.RequestMappingHandlerMapping - Mapped "{[/api/sys/projectkr/listPerson]}" onto public com.ewaytek.edf.common.entity.R com.ewaytek.edf.web.modules.okrResult.controller.ProjectKrController.listPerson(java.util.Map<java.lang.String, java.lang.Object>)
2019-01-03 10:27:30.666 [restartedMain] INFO  o.s.w.s.m.m.a.RequestMappingHandlerMapping - Mapped "{[/api/pro/updatequestion]}" onto public com.ewaytek.edf.common.entity.R com.ewaytek.edf.web.modules.pro.controller.ProjectController.update(com.ewaytek.edf.web.modules.pro.entity.ProjectQuestionEntity)
2019-01-03 10:27:30.669 [restartedMain] INFO  o.s.w.s.m.m.a.RequestMappingHandlerMapping - Mapped "{[/api/pro/update]}" onto public com.ewaytek.edf.common.entity.R com.ewaytek.edf.web.modules.pro.controller.ProjectController.update(com.ewaytek.edf.web.modules.pro.entity.ProjectEntity)
2019-01-03 10:27:30.669 [restartedMain] INFO  o.s.w.s.m.m.a.RequestMappingHandlerMapping - Mapped "{[/api/pro/list]}" onto public com.ewaytek.edf.common.entity.Page<com.ewaytek.edf.web.modules.pro.entity.ProjectEntity> com.ewaytek.edf.web.modules.pro.controller.ProjectController.list(java.util.Map<java.lang.String, java.lang.Object>)
2019-01-03 10:27:30.670 [restartedMain] INFO  o.s.w.s.m.m.a.RequestMappingHandlerMapping - Mapped "{[/api/pro/save]}" onto public com.ewaytek.edf.common.entity.R com.ewaytek.edf.web.modules.pro.controller.ProjectController.save(com.ewaytek.edf.web.modules.pro.entity.ProjectEntity)
2019-01-03 10:27:30.670 [restartedMain] INFO  o.s.w.s.m.m.a.RequestMappingHandlerMapping - Mapped "{[/api/pro/savequestion]}" onto public com.ewaytek.edf.common.entity.R com.ewaytek.edf.web.modules.pro.controller.ProjectController.save(com.ewaytek.edf.web.modules.pro.entity.ProjectQuestionEntity)
2019-01-03 10:27:30.670 [restartedMain] INFO  o.s.w.s.m.m.a.RequestMappingHandlerMapping - Mapped "{[/api/pro/remove]}" onto public com.ewaytek.edf.common.entity.R com.ewaytek.edf.web.modules.pro.controller.ProjectController.batchRemove(java.lang.Long[])
2019-01-03 10:27:30.670 [restartedMain] INFO  o.s.w.s.m.m.a.RequestMappingHandlerMapping - Mapped "{[/api/pro/removequestion]}" onto public com.ewaytek.edf.common.entity.R com.ewaytek.edf.web.modules.pro.controller.ProjectController.questionBatchRemove(java.lang.Long[])
2019-01-03 10:27:30.670 [restartedMain] INFO  o.s.w.s.m.m.a.RequestMappingHandlerMapping - Mapped "{[/api/pro/infoquestion]}" onto public com.ewaytek.edf.common.entity.R com.ewaytek.edf.web.modules.pro.controller.ProjectController.getProjectQuestionById(java.lang.Long)
2019-01-03 10:27:30.670 [restartedMain] INFO  o.s.w.s.m.m.a.RequestMappingHandlerMapping - Mapped "{[/api/pro/info]}" onto public com.ewaytek.edf.common.entity.R com.ewaytek.edf.web.modules.pro.controller.ProjectController.getById(java.lang.Long)
2019-01-03 10:27:30.670 [restartedMain] INFO  o.s.w.s.m.m.a.RequestMappingHandlerMapping - Mapped "{[/api/pro/questionlist]}" onto public com.ewaytek.edf.common.entity.Page<com.ewaytek.edf.web.modules.pro.entity.ProjectQuestionEntity> com.ewaytek.edf.web.modules.pro.controller.ProjectController.questionList(java.util.Map<java.lang.String, java.lang.Object>)
2019-01-03 10:27:30.671 [restartedMain] INFO  o.s.w.s.m.m.a.RequestMappingHandlerMapping - Mapped "{[/api/pro/getProNameById]}" onto public com.ewaytek.edf.common.entity.R com.ewaytek.edf.web.modules.pro.controller.ProjectController.getProNameById(java.lang.Long)
2019-01-03 10:27:30.671 [restartedMain] INFO  o.s.w.s.m.m.a.RequestMappingHandlerMapping - Mapped "{[/api/pro/infoentity]}" onto public java.util.Map<java.lang.String, java.lang.Object> com.ewaytek.edf.web.modules.pro.controller.ProjectController.getInfoEntity(java.util.Map<java.lang.String, java.lang.Object>)
2019-01-03 10:27:30.671 [restartedMain] INFO  o.s.w.s.m.m.a.RequestMappingHandlerMapping - Mapped "{[/api/pro/members]}" onto public java.util.Map<java.lang.String, java.lang.Object> com.ewaytek.edf.web.modules.pro.controller.ProjectController.getAlluser(java.lang.Long)
2019-01-03 10:27:30.671 [restartedMain] INFO  o.s.w.s.m.m.a.RequestMappingHandlerMapping - Mapped "{[/api/pro/selections]}" onto public java.util.Map<java.lang.String, java.lang.Object> com.ewaytek.edf.web.modules.pro.controller.ProjectController.getSelections(java.lang.Long)
2019-01-03 10:27:30.672 [restartedMain] INFO  o.s.w.s.m.m.a.RequestMappingHandlerMapping - Mapped "{[/api/report/selections]}" onto public java.util.Map<java.lang.String, java.lang.Object> com.ewaytek.edf.web.modules.report.controller.ReportController.getSelections()
2019-01-03 10:27:30.673 [restartedMain] INFO  o.s.w.s.m.m.a.RequestMappingHandlerMapping - Mapped "{[/api/report/taskreportlist]}" onto public java.util.List<com.ewaytek.edf.web.modules.report.entity.TaskReportEntity> com.ewaytek.edf.web.modules.report.controller.ReportController.taskReport(java.util.Map<java.lang.String, java.lang.Object>)
2019-01-03 10:27:30.673 [restartedMain] INFO  o.s.w.s.m.m.a.RequestMappingHandlerMapping - Mapped "{[/api/report/departmentreport]}" onto public java.util.Map<java.lang.String, java.lang.Object> com.ewaytek.edf.web.modules.report.controller.ReportController.departmentReprot(java.util.Map<java.lang.String, java.lang.Object>)
2019-01-03 10:27:30.673 [restartedMain] INFO  o.s.w.s.m.m.a.RequestMappingHandlerMapping - Mapped "{[/api/report/depreportselections]}" onto public java.util.Map<java.lang.String, java.lang.Object> com.ewaytek.edf.web.modules.report.controller.ReportController.getDepSelections()
2019-01-03 10:27:30.673 [restartedMain] INFO  o.s.w.s.m.m.a.RequestMappingHandlerMapping - Mapped "{[/api/report/timesheetreport]}" onto public java.util.Map<java.lang.String, java.lang.Object> com.ewaytek.edf.web.modules.report.controller.ReportController.timesheetReport(java.util.Map<java.lang.String, java.lang.Object>)
2019-01-03 10:27:30.675 [restartedMain] INFO  o.s.w.s.m.m.a.RequestMappingHandlerMapping - Mapped "{[/stream/fd]}" onto protected void com.ewaytek.edf.web.modules.stream.FormDataController.doPost(javax.servlet.http.HttpServletRequest,javax.servlet.http.HttpServletResponse) throws javax.servlet.ServletException,java.io.IOException
2019-01-03 10:27:30.676 [restartedMain] INFO  o.s.w.s.m.m.a.RequestMappingHandlerMapping - Mapped "{[/stream/upload],methods=[GET]}" onto protected void com.ewaytek.edf.web.modules.stream.StreamController.doGet(javax.servlet.http.HttpServletRequest,javax.servlet.http.HttpServletResponse) throws javax.servlet.ServletException,java.io.IOException
2019-01-03 10:27:30.676 [restartedMain] INFO  o.s.w.s.m.m.a.RequestMappingHandlerMapping - Mapped "{[/stream/upload],methods=[POST]}" onto protected void com.ewaytek.edf.web.modules.stream.StreamController.doPost(javax.servlet.http.HttpServletRequest,javax.servlet.http.HttpServletResponse) throws javax.servlet.ServletException,java.io.IOException
2019-01-03 10:27:30.677 [restartedMain] INFO  o.s.w.s.m.m.a.RequestMappingHandlerMapping - Mapped "{[/stream/tk]}" onto protected void com.ewaytek.edf.web.modules.stream.TokenController.doGet(javax.servlet.http.HttpServletRequest,javax.servlet.http.HttpServletResponse) throws javax.servlet.ServletException,java.io.IOException
2019-01-03 10:27:30.678 [restartedMain] INFO  o.s.w.s.m.m.a.RequestMappingHandlerMapping - Mapped "{[/api/sys/supplier/update]}" onto public com.ewaytek.edf.common.entity.R com.ewaytek.edf.web.modules.supplier.controller.SupplierController.update(com.ewaytek.edf.web.modules.supplier.entity.SupplierEntity)
2019-01-03 10:27:30.679 [restartedMain] INFO  o.s.w.s.m.m.a.RequestMappingHandlerMapping - Mapped "{[/api/sys/supplier/list]}" onto public com.ewaytek.edf.common.entity.Page<com.ewaytek.edf.web.modules.supplier.entity.SupplierEntity> com.ewaytek.edf.web.modules.supplier.controller.SupplierController.list(java.util.Map<java.lang.String, java.lang.Object>)
2019-01-03 10:27:30.679 [restartedMain] INFO  o.s.w.s.m.m.a.RequestMappingHandlerMapping - Mapped "{[/api/sys/supplier/save]}" onto public com.ewaytek.edf.common.entity.R com.ewaytek.edf.web.modules.supplier.controller.SupplierController.save(com.ewaytek.edf.web.modules.supplier.entity.SupplierEntity)
2019-01-03 10:27:30.680 [restartedMain] INFO  o.s.w.s.m.m.a.RequestMappingHandlerMapping - Mapped "{[/api/sys/supplier/remove]}" onto public com.ewaytek.edf.common.entity.R com.ewaytek.edf.web.modules.supplier.controller.SupplierController.batchRemove(java.lang.Long[])
2019-01-03 10:27:30.680 [restartedMain] INFO  o.s.w.s.m.m.a.RequestMappingHandlerMapping - Mapped "{[/api/sys/supplier/info]}" onto public com.ewaytek.edf.common.entity.R com.ewaytek.edf.web.modules.supplier.controller.SupplierController.getById(java.lang.Long)
2019-01-03 10:27:30.680 [restartedMain] INFO  o.s.w.s.m.m.a.RequestMappingHandlerMapping - Mapped "{[/api/sys/supplier/Suplist]}" onto public java.util.List<com.ewaytek.edf.web.modules.supplier.entity.SupplierEntity> com.ewaytek.edf.web.modules.supplier.controller.SupplierController.Suplist()
2019-01-03 10:27:30.681 [restartedMain] INFO  o.s.w.s.m.m.a.RequestMappingHandlerMapping - Mapped "{[/api/sys/depart/update]}" onto public com.ewaytek.edf.common.entity.R com.ewaytek.edf.web.modules.sys.controller.SysDepartmentController.update(com.ewaytek.edf.web.modules.sys.entity.SysDepartmentEntity)
2019-01-03 10:27:30.681 [restartedMain] INFO  o.s.w.s.m.m.a.RequestMappingHandlerMapping - Mapped "{[/api/sys/depart/list]}" onto public com.ewaytek.edf.common.entity.Page<com.ewaytek.edf.web.modules.sys.entity.SysDepartmentEntity> com.ewaytek.edf.web.modules.sys.controller.SysDepartmentController.list(java.util.Map<java.lang.String, java.lang.Object>)
2019-01-03 10:27:30.681 [restartedMain] INFO  o.s.w.s.m.m.a.RequestMappingHandlerMapping - Mapped "{[/api/sys/depart/save]}" onto public com.ewaytek.edf.common.entity.R com.ewaytek.edf.web.modules.sys.controller.SysDepartmentController.save(com.ewaytek.edf.web.modules.sys.entity.SysDepartmentEntity)
2019-01-03 10:27:30.682 [restartedMain] INFO  o.s.w.s.m.m.a.RequestMappingHandlerMapping - Mapped "{[/api/sys/depart/remove]}" onto public com.ewaytek.edf.common.entity.R com.ewaytek.edf.web.modules.sys.controller.SysDepartmentController.batchRemove(java.lang.Long[])
2019-01-03 10:27:30.682 [restartedMain] INFO  o.s.w.s.m.m.a.RequestMappingHandlerMapping - Mapped "{[/api/sys/depart/info]}" onto public com.ewaytek.edf.common.entity.R com.ewaytek.edf.web.modules.sys.controller.SysDepartmentController.getById(java.lang.Long)
2019-01-03 10:27:30.682 [restartedMain] INFO  o.s.w.s.m.m.a.RequestMappingHandlerMapping - Mapped "{[/api/sys/depart/listAll]}" onto public java.util.List<com.ewaytek.edf.web.modules.sys.entity.SysDepartmentEntity> com.ewaytek.edf.web.modules.sys.controller.SysDepartmentController.listAll()
2019-01-03 10:27:30.682 [restartedMain] INFO  o.s.w.s.m.m.a.RequestMappingHandlerMapping - Mapped "{[/api/sys/depart/listInfo]}" onto public com.ewaytek.edf.common.entity.R com.ewaytek.edf.web.modules.sys.controller.SysDepartmentController.listInfo()
2019-01-03 10:27:30.683 [restartedMain] INFO  o.s.w.s.m.m.a.RequestMappingHandlerMapping - Mapped "{[/sys/dict/update]}" onto public com.ewaytek.edf.common.entity.R com.ewaytek.edf.web.modules.sys.controller.SysDictController.update(com.ewaytek.edf.web.modules.sys.entity.SysDictEntity)
2019-01-03 10:27:30.684 [restartedMain] INFO  o.s.w.s.m.m.a.RequestMappingHandlerMapping - Mapped "{[/sys/dict/listall]}" onto public com.ewaytek.edf.common.entity.Page<com.ewaytek.edf.web.modules.sys.entity.SysDictEntity> com.ewaytek.edf.web.modules.sys.controller.SysDictController.list(java.util.Map<java.lang.String, java.lang.Object>)
2019-01-03 10:27:30.684 [restartedMain] INFO  o.s.w.s.m.m.a.RequestMappingHandlerMapping - Mapped "{[/sys/dict/save]}" onto public com.ewaytek.edf.common.entity.R com.ewaytek.edf.web.modules.sys.controller.SysDictController.save(com.ewaytek.edf.web.modules.sys.entity.SysDictEntity)
2019-01-03 10:27:30.684 [restartedMain] INFO  o.s.w.s.m.m.a.RequestMappingHandlerMapping - Mapped "{[/sys/dict/remove]}" onto public com.ewaytek.edf.common.entity.R com.ewaytek.edf.web.modules.sys.controller.SysDictController.batchRemove(java.lang.Long[])
2019-01-03 10:27:30.684 [restartedMain] INFO  o.s.w.s.m.m.a.RequestMappingHandlerMapping - Mapped "{[/sys/dict/info]}" onto public com.ewaytek.edf.common.entity.R com.ewaytek.edf.web.modules.sys.controller.SysDictController.getById(java.lang.Long)
2019-01-03 10:27:30.685 [restartedMain] INFO  o.s.w.s.m.m.a.RequestMappingHandlerMapping - Mapped "{[/sys/dict/getTerritorialDict]}" onto public java.util.List<com.ewaytek.edf.web.modules.sys.entity.SysDictEntity> com.ewaytek.edf.web.modules.sys.controller.SysDictController.getDict()
2019-01-03 10:27:30.685 [restartedMain] INFO  o.s.w.s.m.m.a.RequestMappingHandlerMapping - Mapped "{[/sys/dict/listScoreType]}" onto public com.ewaytek.edf.common.entity.R com.ewaytek.edf.web.modules.sys.controller.SysDictController.listScoreType()
2019-01-03 10:27:30.686 [restartedMain] INFO  o.s.w.s.m.m.a.RequestMappingHandlerMapping - Mapped "{[/sys/dict/getlabel]}" onto public java.util.Map<java.lang.String, java.lang.Object> com.ewaytek.edf.web.modules.sys.controller.SysDictController.getDictLabel(java.lang.String,java.lang.String)
2019-01-03 10:27:30.686 [restartedMain] INFO  o.s.w.s.m.m.a.RequestMappingHandlerMapping - Mapped "{[/sys/dict/listQuarterType]}" onto public com.ewaytek.edf.common.entity.R com.ewaytek.edf.web.modules.sys.controller.SysDictController.listQuarterType()
2019-01-03 10:27:30.686 [restartedMain] INFO  o.s.w.s.m.m.a.RequestMappingHandlerMapping - Mapped "{[/api/sys/login],methods=[POST]}" onto public com.ewaytek.edf.common.entity.R com.ewaytek.edf.web.modules.sys.controller.SysLoginController.login(java.lang.String,java.lang.String,java.lang.String) throws java.io.IOException
2019-01-03 10:27:30.686 [restartedMain] INFO  o.s.w.s.m.m.a.RequestMappingHandlerMapping - Mapped "{[/api/sys/logout],methods=[POST]}" onto public com.ewaytek.edf.common.entity.R com.ewaytek.edf.web.modules.sys.controller.SysLoginController.logout()
2019-01-03 10:27:30.690 [restartedMain] INFO  o.s.w.s.m.m.a.RequestMappingHandlerMapping - Mapped "{[/api/sys/menu/remove]}" onto public com.ewaytek.edf.common.entity.R com.ewaytek.edf.web.modules.sys.controller.SysMenuController.remove(java.lang.Long[])
2019-01-03 10:27:30.690 [restartedMain] INFO  o.s.w.s.m.m.a.RequestMappingHandlerMapping - Mapped "{[/api/sys/menu/update]}" onto public com.ewaytek.edf.common.entity.R com.ewaytek.edf.web.modules.sys.controller.SysMenuController.update(com.ewaytek.edf.web.modules.sys.entity.SysMenuEntity)
2019-01-03 10:27:30.691 [restartedMain] INFO  o.s.w.s.m.m.a.RequestMappingHandlerMapping - Mapped "{[/api/sys/menu/save]}" onto public com.ewaytek.edf.common.entity.R com.ewaytek.edf.web.modules.sys.controller.SysMenuController.save(com.ewaytek.edf.web.modules.sys.entity.SysMenuEntity)
2019-01-03 10:27:30.691 [restartedMain] INFO  o.s.w.s.m.m.a.RequestMappingHandlerMapping - Mapped "{[/api/sys/menu/info]}" onto public com.ewaytek.edf.common.entity.R com.ewaytek.edf.web.modules.sys.controller.SysMenuController.info(java.lang.Long)
2019-01-03 10:27:30.691 [restartedMain] INFO  o.s.w.s.m.m.a.RequestMappingHandlerMapping - Mapped "{[/api/sys/menu/user]}" onto public com.ewaytek.edf.common.entity.R com.ewaytek.edf.web.modules.sys.controller.SysMenuController.user()
2019-01-03 10:27:30.691 [restartedMain] INFO  o.s.w.s.m.m.a.RequestMappingHandlerMapping - Mapped "{[/api/sys/menu/select]}" onto public com.ewaytek.edf.common.entity.R com.ewaytek.edf.web.modules.sys.controller.SysMenuController.select()
2019-01-03 10:27:30.691 [restartedMain] INFO  o.s.w.s.m.m.a.RequestMappingHandlerMapping - Mapped "{[/api/sys/menu/list]}" onto public java.util.List<com.ewaytek.edf.web.modules.sys.entity.SysMenuEntity> com.ewaytek.edf.web.modules.sys.controller.SysMenuController.listMenu(java.util.Map<java.lang.String, java.lang.Object>)
2019-01-03 10:27:30.692 [restartedMain] INFO  o.s.w.s.m.m.a.RequestMappingHandlerMapping - Mapped "{[/{module}/{function}/{url}.html]}" onto public java.lang.String com.ewaytek.edf.web.modules.sys.controller.SysPageController.page(java.lang.String,java.lang.String,java.lang.String)
2019-01-03 10:27:30.692 [restartedMain] INFO  o.s.w.s.m.m.a.RequestMappingHandlerMapping - Mapped "{[/{module}/{url}.html]}" onto public java.lang.String com.ewaytek.edf.web.modules.sys.controller.SysPageController.page(java.lang.String,java.lang.String)
2019-01-03 10:27:30.698 [restartedMain] INFO  o.s.w.s.m.m.a.RequestMappingHandlerMapping - Mapped "{[/api/sys/role/list]}" onto public com.ewaytek.edf.common.entity.Page<com.ewaytek.edf.web.modules.sys.entity.SysRoleEntity> com.ewaytek.edf.web.modules.sys.controller.SysRoleController.list(java.util.Map<java.lang.String, java.lang.Object>)
2019-01-03 10:27:30.698 [restartedMain] INFO  o.s.w.s.m.m.a.RequestMappingHandlerMapping - Mapped "{[/api/sys/role/remove]}" onto public com.ewaytek.edf.common.entity.R com.ewaytek.edf.web.modules.sys.controller.SysRoleController.batchRemove(java.lang.Long[])
2019-01-03 10:27:30.699 [restartedMain] INFO  o.s.w.s.m.m.a.RequestMappingHandlerMapping - Mapped "{[/api/sys/role/authorize/opt]}" onto public com.ewaytek.edf.common.entity.R com.ewaytek.edf.web.modules.sys.controller.SysRoleController.updateRoleOptAuthorization(com.ewaytek.edf.web.modules.sys.entity.SysRoleEntity)
2019-01-03 10:27:30.699 [restartedMain] INFO  o.s.w.s.m.m.a.RequestMappingHandlerMapping - Mapped "{[/api/sys/role/select]}" onto public com.ewaytek.edf.common.entity.R com.ewaytek.edf.web.modules.sys.controller.SysRoleController.listRole()
2019-01-03 10:27:30.699 [restartedMain] INFO  o.s.w.s.m.m.a.RequestMappingHandlerMapping - Mapped "{[/api/sys/role/save]}" onto public com.ewaytek.edf.common.entity.R com.ewaytek.edf.web.modules.sys.controller.SysRoleController.saveRole(com.ewaytek.edf.web.modules.sys.entity.SysRoleEntity)
2019-01-03 10:27:30.699 [restartedMain] INFO  o.s.w.s.m.m.a.RequestMappingHandlerMapping - Mapped "{[/api/sys/role/info]}" onto public com.ewaytek.edf.common.entity.R com.ewaytek.edf.web.modules.sys.controller.SysRoleController.getRoleById(java.lang.Long)
2019-01-03 10:27:30.699 [restartedMain] INFO  o.s.w.s.m.m.a.RequestMappingHandlerMapping - Mapped "{[/api/sys/role/update]}" onto public com.ewaytek.edf.common.entity.R com.ewaytek.edf.web.modules.sys.controller.SysRoleController.updateRole(com.ewaytek.edf.web.modules.sys.entity.SysRoleEntity)
2019-01-03 10:27:30.702 [restartedMain] INFO  o.s.w.s.m.m.a.RequestMappingHandlerMapping - Mapped "{[/api/sys/user/update]}" onto public com.ewaytek.edf.common.entity.R com.ewaytek.edf.web.modules.sys.controller.SysUserController.update(com.ewaytek.edf.web.modules.sys.entity.SysUserEntity)
2019-01-03 10:27:30.702 [restartedMain] INFO  o.s.w.s.m.m.a.RequestMappingHandlerMapping - Mapped "{[/api/sys/user/list]}" onto public com.ewaytek.edf.common.entity.Page<com.ewaytek.edf.web.modules.sys.entity.SysUserEntity> com.ewaytek.edf.web.modules.sys.controller.SysUserController.list(java.util.Map<java.lang.String, java.lang.Object>)
2019-01-03 10:27:30.702 [restartedMain] INFO  o.s.w.s.m.m.a.RequestMappingHandlerMapping - Mapped "{[/api/sys/user/save]}" onto public com.ewaytek.edf.common.entity.R com.ewaytek.edf.web.modules.sys.controller.SysUserController.save(com.ewaytek.edf.web.modules.sys.entity.SysUserEntity)
2019-01-03 10:27:30.702 [restartedMain] INFO  o.s.w.s.m.m.a.RequestMappingHandlerMapping - Mapped "{[/api/sys/user/userInfo]}" onto public com.ewaytek.edf.common.entity.R com.ewaytek.edf.web.modules.sys.controller.SysUserController.getUserInfo(java.lang.Long)
2019-01-03 10:27:30.702 [restartedMain] INFO  o.s.w.s.m.m.a.RequestMappingHandlerMapping - Mapped "{[/api/sys/user/remove]}" onto public com.ewaytek.edf.common.entity.R com.ewaytek.edf.web.modules.sys.controller.SysUserController.batchRemove(java.lang.Long[])
2019-01-03 10:27:30.703 [restartedMain] INFO  o.s.w.s.m.m.a.RequestMappingHandlerMapping - Mapped "{[/api/sys/user/info]}" onto public com.ewaytek.edf.common.entity.R com.ewaytek.edf.web.modules.sys.controller.SysUserController.info()
2019-01-03 10:27:30.703 [restartedMain] INFO  o.s.w.s.m.m.a.RequestMappingHandlerMapping - Mapped "{[/api/sys/user/getUserId]}" onto private java.lang.Long com.ewaytek.edf.web.modules.sys.controller.SysUserController.getUserId()
2019-01-03 10:27:30.703 [restartedMain] INFO  o.s.w.s.m.m.a.RequestMappingHandlerMapping - Mapped "{[/api/sys/user/disable]}" onto public com.ewaytek.edf.common.entity.R com.ewaytek.edf.web.modules.sys.controller.SysUserController.updateUserDisable(java.lang.Long[])
2019-01-03 10:27:30.703 [restartedMain] INFO  o.s.w.s.m.m.a.RequestMappingHandlerMapping - Mapped "{[/api/sys/user/allTerritorial]}" onto public java.util.List<com.ewaytek.edf.web.modules.sys.entity.UserLevelEntity> com.ewaytek.edf.web.modules.sys.controller.SysUserController.getAllTerritorial()
2019-01-03 10:27:30.703 [restartedMain] INFO  o.s.w.s.m.m.a.RequestMappingHandlerMapping - Mapped "{[/api/sys/user/infoUser]}" onto public com.ewaytek.edf.common.entity.R com.ewaytek.edf.web.modules.sys.controller.SysUserController.getById(java.lang.Long)
2019-01-03 10:27:30.703 [restartedMain] INFO  o.s.w.s.m.m.a.RequestMappingHandlerMapping - Mapped "{[/api/sys/user/userList]}" onto public com.ewaytek.edf.common.entity.R com.ewaytek.edf.web.modules.sys.controller.SysUserController.userList()
2019-01-03 10:27:30.704 [restartedMain] INFO  o.s.w.s.m.m.a.RequestMappingHandlerMapping - Mapped "{[/api/sys/user/all]}" onto public java.util.List<com.ewaytek.edf.web.modules.sys.entity.SysUserEntity> com.ewaytek.edf.web.modules.sys.controller.SysUserController.getAlluser()
2019-01-03 10:27:30.704 [restartedMain] INFO  o.s.w.s.m.m.a.RequestMappingHandlerMapping - Mapped "{[/api/sys/user/ressbook]}" onto public com.ewaytek.edf.common.entity.Page<com.ewaytek.edf.web.modules.sys.entity.SysUserEntity> com.ewaytek.edf.web.modules.sys.controller.SysUserController.ressbook(java.util.Map<java.lang.String, java.lang.Object>)
2019-01-03 10:27:30.704 [restartedMain] INFO  o.s.w.s.m.m.a.RequestMappingHandlerMapping - Mapped "{[/api/sys/user/perms]}" onto public com.ewaytek.edf.common.entity.R com.ewaytek.edf.web.modules.sys.controller.SysUserController.listUserPerms()
2019-01-03 10:27:30.704 [restartedMain] INFO  o.s.w.s.m.m.a.RequestMappingHandlerMapping - Mapped "{[/api/sys/user/updatePswd]}" onto public com.ewaytek.edf.common.entity.R com.ewaytek.edf.web.modules.sys.controller.SysUserController.updatePswdByUser(java.lang.String,java.lang.String)
2019-01-03 10:27:30.705 [restartedMain] INFO  o.s.w.s.m.m.a.RequestMappingHandlerMapping - Mapped "{[/api/sys/user/enable]}" onto public com.ewaytek.edf.common.entity.R com.ewaytek.edf.web.modules.sys.controller.SysUserController.updateUserEnable(java.lang.Long[])
2019-01-03 10:27:30.705 [restartedMain] INFO  o.s.w.s.m.m.a.RequestMappingHandlerMapping - Mapped "{[/api/sys/user/reset]}" onto public com.ewaytek.edf.common.entity.R com.ewaytek.edf.web.modules.sys.controller.SysUserController.updatePswd(com.ewaytek.edf.web.modules.sys.entity.SysUserEntity)
2019-01-03 10:27:30.705 [restartedMain] INFO  o.s.w.s.m.m.a.RequestMappingHandlerMapping - Mapped "{[/api/sys/user/getUserByDepId]}" onto public com.ewaytek.edf.web.modules.sys.entity.SysUserEntity com.ewaytek.edf.web.modules.sys.controller.SysUserController.getUserByDepId(java.lang.String)
2019-01-03 10:27:30.707 [restartedMain] INFO  o.s.w.s.m.m.a.RequestMappingHandlerMapping - Mapped "{[/api/tasklist/update]}" onto public com.ewaytek.edf.common.entity.R com.ewaytek.edf.web.modules.task.controller.TaskListController.update(com.ewaytek.edf.web.modules.task.entity.TaskListEntity)
2019-01-03 10:27:30.707 [restartedMain] INFO  o.s.w.s.m.m.a.RequestMappingHandlerMapping - Mapped "{[/api/tasklist/list]}" onto public com.ewaytek.edf.common.entity.Page<com.ewaytek.edf.web.modules.task.entity.TaskListEntity> com.ewaytek.edf.web.modules.task.controller.TaskListController.list(java.util.Map<java.lang.String, java.lang.Object>,java.lang.Long)
2019-01-03 10:27:30.707 [restartedMain] INFO  o.s.w.s.m.m.a.RequestMappingHandlerMapping - Mapped "{[/api/tasklist/save]}" onto public com.ewaytek.edf.common.entity.R com.ewaytek.edf.web.modules.task.controller.TaskListController.save(com.ewaytek.edf.web.modules.task.entity.TaskListEntity)
2019-01-03 10:27:30.707 [restartedMain] INFO  o.s.w.s.m.m.a.RequestMappingHandlerMapping - Mapped "{[/api/tasklist/remove]}" onto public com.ewaytek.edf.common.entity.R com.ewaytek.edf.web.modules.task.controller.TaskListController.batchRemove(java.lang.Long[])
2019-01-03 10:27:30.708 [restartedMain] INFO  o.s.w.s.m.m.a.RequestMappingHandlerMapping - Mapped "{[/api/tasklist/updatestatus]}" onto public com.ewaytek.edf.common.entity.R com.ewaytek.edf.web.modules.task.controller.TaskListController.updateStatus(java.lang.Long,java.lang.String,int,java.lang.String)
2019-01-03 10:27:30.708 [restartedMain] INFO  o.s.w.s.m.m.a.RequestMappingHandlerMapping - Mapped "{[/api/tasklist/updatestatusNotTimeSheet]}" onto public com.ewaytek.edf.common.entity.R com.ewaytek.edf.web.modules.task.controller.TaskListController.updatestatusNotTimeSheet(java.lang.Long,java.lang.String,int,java.lang.String)
2019-01-03 10:27:30.708 [restartedMain] INFO  o.s.w.s.m.m.a.RequestMappingHandlerMapping - Mapped "{[/api/tasklist/info]}" onto public com.ewaytek.edf.common.entity.R com.ewaytek.edf.web.modules.task.controller.TaskListController.getById(java.lang.Long)
2019-01-03 10:27:30.708 [restartedMain] INFO  o.s.w.s.m.m.a.RequestMappingHandlerMapping - Mapped "{[/api/tasklist/proName]}" onto public java.util.Map<java.lang.String, java.lang.Object> com.ewaytek.edf.web.modules.task.controller.TaskListController.getProNameById(java.lang.Long)
2019-01-03 10:27:30.708 [restartedMain] INFO  o.s.w.s.m.m.a.RequestMappingHandlerMapping - Mapped "{[/api/tasklist/prolist]}" onto public java.util.List<com.ewaytek.edf.web.modules.pro.entity.ProjectEntity> com.ewaytek.edf.web.modules.task.controller.TaskListController.getAlluser(java.lang.Long)
2019-01-03 10:27:30.708 [restartedMain] INFO  o.s.w.s.m.m.a.RequestMappingHandlerMapping - Mapped "{[/api/tasklist/liststatus]}" onto public com.ewaytek.edf.common.entity.Page<com.ewaytek.edf.web.modules.task.entity.TaskListEntity> com.ewaytek.edf.web.modules.task.controller.TaskListController.listByState(java.util.Map<java.lang.String, java.lang.Object>,java.lang.String)
2019-01-03 10:27:30.708 [restartedMain] INFO  o.s.w.s.m.m.a.RequestMappingHandlerMapping - Mapped "{[/api/tasklist/infoentity]}" onto public java.util.Map<java.lang.String, java.lang.Object> com.ewaytek.edf.web.modules.task.controller.TaskListController.getEntityById(java.util.Map<java.lang.String, java.lang.Object>)
2019-01-03 10:27:30.709 [restartedMain] INFO  o.s.w.s.m.m.a.RequestMappingHandlerMapping - Mapped "{[/api/tasklist/memberslist]}" onto public java.util.Map<java.lang.String, java.lang.Object> com.ewaytek.edf.web.modules.task.controller.TaskListController.getTaskResource(java.lang.Long)
2019-01-03 10:27:30.709 [restartedMain] INFO  o.s.w.s.m.m.a.RequestMappingHandlerMapping - Mapped "{[/api/tasklist/progressdata]}" onto public java.util.Map<java.lang.String, java.lang.Object> com.ewaytek.edf.web.modules.task.controller.TaskListController.getProgressData()
2019-01-03 10:27:30.712 [restartedMain] INFO  o.s.w.s.m.m.a.RequestMappingHandlerMapping - Mapped "{[/error]}" onto public org.springframework.http.ResponseEntity<java.util.Map<java.lang.String, java.lang.Object>> org.springframework.boot.autoconfigure.web.BasicErrorController.error(javax.servlet.http.HttpServletRequest)
2019-01-03 10:27:30.713 [restartedMain] INFO  o.s.w.s.m.m.a.RequestMappingHandlerMapping - Mapped "{[/error],produces=[text/html]}" onto public org.springframework.web.servlet.ModelAndView org.springframework.boot.autoconfigure.web.BasicErrorController.errorHtml(javax.servlet.http.HttpServletRequest,javax.servlet.http.HttpServletResponse)
2019-01-03 10:27:30.821 [restartedMain] INFO  o.s.web.servlet.handler.SimpleUrlHandlerMapping - Mapped URL path [/upload/**] onto handler of type [class org.springframework.web.servlet.resource.ResourceHttpRequestHandler]
2019-01-03 10:27:30.821 [restartedMain] INFO  o.s.web.servlet.handler.SimpleUrlHandlerMapping - Mapped URL path [/webjars/**] onto handler of type [class org.springframework.web.servlet.resource.ResourceHttpRequestHandler]
2019-01-03 10:27:30.821 [restartedMain] INFO  o.s.web.servlet.handler.SimpleUrlHandlerMapping - Mapped URL path [/**] onto handler of type [class org.springframework.web.servlet.resource.ResourceHttpRequestHandler]
2019-01-03 10:27:30.839 [restartedMain] INFO  o.s.web.servlet.handler.SimpleUrlHandlerMapping - Mapped URL path [/**] onto handler of type [class org.springframework.web.servlet.resource.DefaultServletHttpRequestHandler]
2019-01-03 10:27:30.940 [restartedMain] INFO  o.s.web.servlet.handler.SimpleUrlHandlerMapping - Mapped URL path [/**/favicon.ico] onto handler of type [class org.springframework.web.servlet.resource.ResourceHttpRequestHandler]
2019-01-03 10:27:31.670 [restartedMain] INFO  o.s.b.a.w.WebMvcAutoConfiguration$WelcomePageHandlerMapping - Adding welcome page: class path resource [templates/index.html]
2019-01-03 10:27:32.381 [restartedMain] INFO  o.s.b.d.autoconfigure.OptionalLiveReloadServer - LiveReload server is running on port 35729
2019-01-03 10:27:32.460 [restartedMain] INFO  o.s.jmx.export.annotation.AnnotationMBeanExporter - Registering beans for JMX exposure on startup
2019-01-03 10:27:32.465 [restartedMain] INFO  o.s.jmx.export.annotation.AnnotationMBeanExporter - Bean with name 'statFilter' has been autodetected for JMX exposure
2019-01-03 10:27:32.467 [restartedMain] INFO  o.s.jmx.export.annotation.AnnotationMBeanExporter - Bean with name 'dataSource' has been autodetected for JMX exposure
2019-01-03 10:27:32.472 [restartedMain] INFO  o.s.jmx.export.annotation.AnnotationMBeanExporter - Located MBean 'dataSource': registering with JMX server as MBean [com.alibaba.druid.spring.boot.autoconfigure:name=dataSource,type=DruidDataSourceWrapper]
2019-01-03 10:27:32.476 [restartedMain] INFO  o.s.jmx.export.annotation.AnnotationMBeanExporter - Located MBean 'statFilter': registering with JMX server as MBean [com.alibaba.druid.filter.stat:name=statFilter,type=StatFilter]
2019-01-03 10:27:32.496 [restartedMain] INFO  org.apache.coyote.http11.Http11NioProtocol - Initializing ProtocolHandler ["http-nio-8080"]
2019-01-03 10:27:32.515 [restartedMain] INFO  org.apache.coyote.http11.Http11NioProtocol - Starting ProtocolHandler ["http-nio-8080"]
2019-01-03 10:27:32.557 [restartedMain] INFO  org.apache.tomcat.util.net.NioSelectorPool - Using a shared selector for servlet write/read
2019-01-03 10:27:32.587 [restartedMain] INFO  o.s.b.c.e.tomcat.TomcatEmbeddedServletContainer - Tomcat started on port(s): 8080 (http)
2019-01-03 10:27:32.597 [restartedMain] INFO  com.ewaytek.edf.web.EdfApplication - Started EdfApplication in 12.811 seconds (JVM running for 13.695)
2019-01-03 10:27:45.812 [http-nio-8080-exec-2] INFO  o.a.c.core.ContainerBase.[Tomcat].[localhost].[/] - Initializing Spring FrameworkServlet 'dispatcherServlet'
2019-01-03 10:27:45.813 [http-nio-8080-exec-2] INFO  org.springframework.web.servlet.DispatcherServlet - FrameworkServlet 'dispatcherServlet': initialization started
2019-01-03 10:27:45.849 [http-nio-8080-exec-2] INFO  org.springframework.web.servlet.DispatcherServlet - FrameworkServlet 'dispatcherServlet': initialization completed in 36 ms
2019-01-03 10:27:45.916 [http-nio-8080-exec-2] INFO  o.a.s.session.mgt.AbstractValidatingSessionManager - Enabling session validation scheduler...
2019-01-03 10:27:46.594 [http-nio-8080-exec-23] INFO  org.thymeleaf.TemplateEngine - [THYMELEAF] INITIALIZING TEMPLATE ENGINE
2019-01-03 10:27:46.662 [http-nio-8080-exec-23] INFO  o.t.templateresolver.AbstractTemplateResolver - [THYMELEAF] INITIALIZING TEMPLATE RESOLVER: org.thymeleaf.spring4.templateresolver.SpringResourceTemplateResolver
2019-01-03 10:27:46.663 [http-nio-8080-exec-23] INFO  o.t.templateresolver.AbstractTemplateResolver - [THYMELEAF] TEMPLATE RESOLVER INITIALIZED OK
2019-01-03 10:27:46.663 [http-nio-8080-exec-23] INFO  o.t.messageresolver.AbstractMessageResolver - [THYMELEAF] INITIALIZING MESSAGE RESOLVER: org.thymeleaf.spring4.messageresolver.SpringMessageResolver
2019-01-03 10:27:46.663 [http-nio-8080-exec-23] INFO  o.t.messageresolver.AbstractMessageResolver - [THYMELEAF] MESSAGE RESOLVER INITIALIZED OK
2019-01-03 10:27:46.668 [http-nio-8080-exec-23] INFO  org.thymeleaf.TemplateEngine.CONFIG - [THYMELEAF] TEMPLATE ENGINE CONFIGURATION:
[THYMELEAF] * Cache Factory implementation: org.thymeleaf.cache.StandardCacheManager
[THYMELEAF] * Template modes:
[THYMELEAF]     * XML
[THYMELEAF]     * HTML5
[THYMELEAF]     * VALIDXML
[THYMELEAF]     * XHTML
[THYMELEAF]     * VALIDXHTML
[THYMELEAF]     * LEGACYHTML5
[THYMELEAF] * Template resolvers (in order):
[THYMELEAF]     * org.thymeleaf.spring4.templateresolver.SpringResourceTemplateResolver
[THYMELEAF] * Message resolvers (in order):
[THYMELEAF]     * org.thymeleaf.spring4.messageresolver.SpringMessageResolver
[THYMELEAF] * Dialect [1 of 2]: org.thymeleaf.spring4.dialect.SpringStandardDialect
[THYMELEAF]     * Prefix: "th"
[THYMELEAF] * Dialect [2 of 2]: nz.net.ultraq.thymeleaf.LayoutDialect
[THYMELEAF]     * Prefix: "layout"
[THYMELEAF] TEMPLATE ENGINE CONFIGURED OK
2019-01-03 10:27:46.669 [http-nio-8080-exec-23] INFO  org.thymeleaf.TemplateEngine - [THYMELEAF] TEMPLATE ENGINE INITIALIZED
2019-01-03 10:27:46.969 [http-nio-8080-exec-21] INFO  com.alibaba.druid.pool.DruidDataSource - {dataSource-1} inited
